SF:lib\theme\app_theme_controller.dart
DA:21,4
DA:22,4
DA:24,4
DA:25,8
DA:27,8
DA:29,4
DA:30,8
DA:31,8
DA:32,8
DA:33,8
DA:35,4
DA:38,0
DA:39,0
DA:40,0
DA:41,0
DA:42,0
DA:45,0
DA:46,0
DA:47,0
DA:48,0
DA:49,0
DA:52,0
DA:53,0
DA:54,0
DA:55,0
DA:56,0
DA:60,0
DA:62,0
DA:64,0
DA:66,0
DA:68,0
DA:69,0
DA:70,0
DA:73,1
DA:74,1
DA:75,1
DA:76,1
DA:77,1
DA:80,1
DA:81,1
DA:82,1
DA:83,1
DA:84,1
DA:87,1
DA:88,1
DA:89,1
DA:90,1
DA:91,1
DA:95,4
DA:96,4
DA:97,4
DA:98,4
DA:99,0
DA:102,0
DA:103,0
DA:104,0
DA:108,4
DA:109,4
DA:110,4
DA:111,4
DA:112,0
DA:113,0
DA:114,0
DA:116,0
DA:120,4
DA:121,4
DA:126,4
DA:129,0
DA:130,0
DA:135,0
DA:138,4
DA:139,4
DA:143,4
DA:146,0
DA:159,0
DA:162,0
DA:163,0
DA:167,0
LF:78
LH:40
end_of_record
SF:lib\theme\app_theme_scope.dart
DA:5,21
DA:9,21
DA:11,18
DA:12,18
DA:13,18
DA:14,17
LF:6
LH:6
end_of_record
SF:lib\pages\caregiver_dashboard.dart
DA:10,3
DA:12,5
DA:14,5
DA:16,5
DA:26,5
DA:27,5
DA:28,5
DA:29,5
DA:32,10
DA:33,10
DA:35,5
DA:36,5
DA:37,5
DA:40,15
DA:45,5
DA:46,5
DA:48,5
DA:49,20
DA:50,25
DA:57,5
DA:59,10
DA:63,5
DA:65,5
DA:66,5
DA:67,5
DA:96,5
DA:97,5
DA:98,5
DA:99,5
DA:101,5
DA:103,10
DA:110,5
DA:111,5
DA:113,5
DA:127,5
DA:128,5
DA:129,5
DA:130,5
DA:133,0
DA:137,5
DA:138,5
DA:141,0
DA:150,5
DA:151,5
DA:152,15
DA:154,20
DA:159,5
DA:162,5
DA:163,10
DA:164,5
DA:165,10
DA:167,5
DA:168,5
DA:169,5
DA:170,5
DA:171,5
DA:172,5
DA:173,0
DA:175,5
DA:176,5
DA:177,5
DA:178,5
DA:180,5
DA:181,5
DA:182,5
DA:183,5
DA:184,20
DA:186,5
DA:190,30
DA:195,5
DA:197,0
DA:198,15
DA:222,5
DA:229,5
DA:231,5
DA:232,5
DA:234,5
DA:235,5
DA:236,5
DA:237,15
DA:239,35
DA:243,25
DA:254,5
DA:256,5
DA:258,5
DA:259,5
DA:260,5
DA:261,5
DA:262,5
DA:264,5
DA:265,10
DA:266,5
DA:267,10
DA:269,5
DA:270,5
DA:271,20
DA:273,25
LF:97
LH:93
end_of_record
SF:lib\models\User.dart
DA:6,1
DA:14,0
DA:15,0
DA:16,0
DA:17,0
DA:18,0
DA:24,1
DA:25,1
DA:26,1
DA:27,1
DA:28,1
LF:11
LH:6
end_of_record
SF:lib\widgets\ui\app_alert.dart
DA:9,0
DA:15,3
DA:16,3
DA:17,4
DA:19,6
DA:21,6
DA:22,6
DA:29,6
DA:30,6
DA:31,12
DA:32,12
DA:33,6
DA:36,5
DA:42,5
DA:45,5
DA:50,6
DA:52,6
DA:54,6
DA:55,6
DA:57,6
DA:59,6
DA:60,6
DA:62,6
DA:63,6
DA:64,18
DA:65,6
LF:26
LH:25
end_of_record
SF:lib\widgets\ui\app_badge.dart
DA:9,0
DA:15,0
DA:18,0
DA:21,3
DA:24,5
DA:26,5
DA:27,5
DA:32,5
DA:33,5
DA:37,5
DA:41,5
DA:42,5
DA:47,5
DA:49,5
DA:51,5
DA:53,5
DA:54,10
DA:55,5
LF:18
LH:15
end_of_record
SF:lib\widgets\ui\app_card.dart
DA:9,17
DA:16,17
DA:18,17
DA:19,17
DA:21,17
DA:22,17
DA:23,17
DA:24,17
DA:25,34
DA:26,17
DA:28,17
DA:31,17
DA:33,6
DA:35,6
DA:36,6
DA:37,6
LF:16
LH:16
end_of_record
SF:lib\widgets\navigation\header_voice_button.dart
DA:9,3
DA:14,18
DA:15,18
DA:21,1
DA:22,3
DA:24,1
DA:25,1
DA:29,1
DA:30,1
DA:35,1
DA:36,1
DA:37,1
DA:45,18
DA:47,18
DA:48,18
DA:50,54
DA:52,20
DA:53,20
DA:54,16
DA:56,18
DA:57,18
DA:58,18
DA:59,18
DA:60,0
DA:61,18
DA:62,2
DA:63,2
DA:65,18
DA:68,18
DA:69,5
DA:70,18
DA:71,18
DA:74,18
DA:76,18
DA:77,18
DA:79,18
DA:80,18
DA:96,1
DA:101,1
DA:102,1
DA:108,1
DA:109,3
DA:110,1
DA:111,1
DA:114,1
DA:116,1
DA:117,1
DA:118,3
DA:120,1
DA:122,1
DA:124,1
DA:125,1
DA:130,1
DA:132,2
DA:133,1
DA:134,3
DA:140,1
DA:142,1
DA:144,1
DA:147,1
DA:148,1
DA:149,1
DA:154,1
DA:156,1
DA:157,1
DA:158,1
DA:160,1
DA:161,1
DA:162,2
DA:163,3
DA:166,1
DA:167,2
DA:168,4
DA:174,1
DA:175,0
DA:176,1
DA:177,1
DA:180,1
DA:181,1
DA:182,1
DA:183,2
DA:185,2
DA:194,1
DA:197,1
DA:198,1
DA:199,1
DA:200,2
DA:202,1
DA:204,1
DA:205,1
DA:206,2
DA:207,3
DA:210,1
DA:212,4
DA:220,1
DA:223,1
DA:224,5
DA:225,2
DA:226,2
DA:227,1
DA:228,1
DA:229,1
DA:230,2
DA:235,1
DA:238,1
DA:239,0
DA:240,1
DA:241,2
DA:242,2
DA:263,18
DA:270,18
DA:271,18
DA:278,1
DA:280,1
DA:282,3
DA:283,1
DA:284,4
DA:285,4
DA:289,1
DA:290,1
DA:292,2
DA:293,1
DA:294,1
DA:295,1
DA:297,3
DA:298,1
DA:300,1
DA:302,1
DA:303,1
DA:305,2
DA:308,1
DA:309,1
DA:314,1
DA:316,1
DA:318,1
DA:320,1
DA:322,1
DA:323,1
DA:324,1
DA:325,2
DA:326,1
DA:327,1
DA:330,1
DA:334,2
DA:345,2
DA:346,2
DA:349,18
DA:350,19
DA:351,18
DA:354,18
DA:356,18
DA:357,18
DA:360,18
DA:362,72
DA:370,18
DA:375,1
DA:377,1
DA:378,1
DA:380,1
DA:383,1
DA:384,1
DA:386,3
DA:389,1
DA:391,4
DA:394,1
DA:396,1
DA:399,2
DA:400,1
DA:403,1
DA:405,1
DA:408,1
DA:409,1
DA:424,1
DA:433,1
DA:435,1
DA:437,1
DA:438,1
DA:439,1
DA:440,1
DA:442,1
DA:443,1
DA:444,1
DA:445,2
DA:447,1
DA:448,1
DA:449,3
DA:451,1
DA:452,1
DA:455,1
DA:456,1
DA:457,1
DA:458,3
DA:461,1
DA:462,1
DA:463,4
LF:195
LH:192
end_of_record
SF:lib\pages\emergency_page.dart
DA:9,3
DA:11,4
DA:12,4
DA:25,1
DA:26,1
DA:27,1
DA:29,1
DA:30,1
DA:32,2
DA:33,3
DA:34,1
DA:35,2
DA:36,1
DA:42,1
DA:43,1
DA:44,3
DA:46,3
DA:51,0
DA:52,0
DA:53,0
DA:54,0
DA:58,4
DA:60,4
DA:61,4
DA:63,4
DA:64,4
DA:65,4
DA:66,4
DA:68,4
DA:69,4
DA:72,4
DA:73,4
DA:74,4
DA:76,0
DA:78,0
DA:79,0
DA:81,0
DA:100,4
DA:102,8
DA:106,4
DA:108,4
DA:109,4
DA:110,4
DA:111,5
DA:112,1
DA:114,1
DA:115,1
DA:116,2
DA:117,1
DA:118,3
DA:121,1
DA:122,1
DA:123,2
DA:125,1
DA:127,3
DA:129,1
DA:134,1
DA:136,3
DA:138,1
DA:150,4
DA:152,4
DA:153,4
DA:154,4
DA:156,12
DA:160,4
DA:162,16
DA:166,4
DA:167,4
DA:168,8
DA:169,16
DA:170,8
DA:172,4
DA:173,4
DA:176,4
DA:177,8
DA:178,4
DA:179,4
DA:185,4
DA:187,4
DA:190,4
DA:195,4
DA:197,8
DA:211,4
DA:214,4
DA:216,4
DA:218,4
DA:219,8
DA:221,4
DA:222,4
DA:224,4
DA:225,16
DA:227,4
DA:229,16
DA:232,4
DA:234,12
DA:246,4
DA:249,16
DA:250,4
DA:252,8
DA:253,4
DA:255,4
DA:256,4
DA:257,4
DA:260,4
DA:261,4
DA:264,4
DA:265,8
DA:271,4
DA:272,4
DA:274,4
DA:275,20
DA:277,24
DA:279,4
DA:280,4
DA:281,12
DA:282,4
DA:289,4
DA:290,8
DA:291,0
DA:293,4
DA:297,8
DA:306,4
DA:309,4
DA:311,4
DA:312,4
DA:313,8
DA:314,4
DA:315,12
DA:318,4
DA:320,4
DA:321,16
DA:323,20
DA:325,20
DA:327,20
DA:329,20
DA:349,3
DA:360,1
DA:365,1
DA:367,1
DA:368,1
DA:370,1
DA:371,1
DA:373,2
DA:374,1
DA:376,1
DA:378,1
DA:380,1
DA:382,1
DA:383,1
DA:384,1
DA:385,1
DA:387,3
DA:390,1
DA:391,1
DA:392,1
DA:403,1
DA:404,1
DA:405,1
DA:406,1
DA:407,1
DA:410,1
DA:411,2
DA:412,1
DA:413,3
DA:415,1
DA:417,1
DA:418,2
DA:420,1
DA:421,1
DA:423,3
DA:425,1
DA:434,1
DA:436,1
DA:438,4
DA:443,1
DA:445,1
DA:450,3
DA:451,1
DA:464,1
DA:465,1
DA:466,1
DA:467,1
DA:469,1
DA:475,1
DA:476,1
DA:478,1
LF:186
LH:177
end_of_record
SF:lib\widgets\ui\app_button.dart
DA:13,18
DA:22,17
DA:24,17
DA:25,17
DA:26,16
DA:27,16
DA:28,16
DA:34,16
DA:35,16
DA:36,13
DA:38,13
DA:40,11
DA:41,11
DA:42,11
DA:43,11
DA:45,1
DA:46,1
DA:48,1
DA:66,16
DA:69,16
DA:70,28
DA:71,36
DA:75,16
DA:76,16
DA:77,16
DA:82,16
DA:90,16
DA:91,16
DA:92,16
DA:95,32
DA:96,16
DA:98,16
DA:99,16
DA:100,16
DA:106,28
LF:35
LH:35
end_of_record
SF:lib\pages\forgot_password_page.dart
DA:11,3
DA:13,1
DA:14,1
DA:23,1
DA:25,1
DA:26,2
DA:27,1
DA:30,0
DA:31,0
DA:32,0
DA:34,0
DA:36,0
DA:37,0
DA:38,0
DA:39,0
DA:40,0
DA:41,0
DA:43,0
DA:47,1
DA:49,1
DA:51,1
DA:52,1
DA:53,1
DA:54,1
DA:56,1
DA:58,1
DA:59,1
DA:63,1
DA:65,1
DA:66,2
DA:67,1
DA:68,2
DA:71,1
DA:72,1
DA:73,4
DA:75,1
DA:77,4
DA:80,1
DA:83,0
DA:88,1
DA:90,0
DA:105,1
DA:106,0
DA:108,0
DA:109,0
DA:111,0
DA:112,0
DA:114,0
DA:118,0
DA:122,0
DA:126,0
DA:131,0
DA:132,0
DA:133,0
DA:134,0
DA:136,0
DA:141,0
DA:142,0
DA:144,0
DA:164,0
DA:166,0
DA:168,0
DA:169,0
DA:170,0
DA:172,0
DA:173,0
DA:174,0
DA:176,0
DA:178,0
DA:179,0
DA:180,0
DA:181,0
DA:183,0
DA:185,0
DA:187,0
DA:188,0
DA:189,0
DA:190,0
DA:191,0
DA:195,0
LF:80
LH:29
end_of_record
SF:lib\widgets\ui\app_input.dart
DA:18,10
DA:33,10
DA:35,10
DA:36,10
DA:37,9
DA:38,9
DA:39,12
DA:41,9
DA:43,9
DA:44,17
DA:45,8
DA:46,8
DA:47,24
DA:52,9
DA:55,9
DA:56,9
DA:57,9
DA:58,9
DA:59,9
DA:60,9
DA:61,9
DA:62,9
DA:63,9
DA:64,9
DA:65,9
DA:66,9
DA:68,18
DA:70,9
DA:71,9
DA:72,9
DA:73,18
DA:75,9
DA:76,9
DA:77,27
LF:34
LH:34
end_of_record
SF:lib\widgets\ui\app_logo.dart
DA:9,3
DA:15,20
DA:16,10
DA:17,10
DA:18,10
DA:21,20
DA:22,10
DA:23,10
DA:24,10
DA:27,10
DA:28,20
DA:29,10
DA:30,10
DA:31,10
DA:32,30
DA:36,9
DA:37,18
DA:38,9
DA:39,9
DA:40,9
DA:41,54
DA:45,10
DA:47,10
DA:48,10
DA:50,10
DA:52,10
DA:53,10
DA:55,10
DA:56,10
DA:58,10
DA:59,10
DA:62,20
DA:64,20
DA:65,20
DA:68,19
DA:70,9
DA:72,9
DA:75,9
LF:38
LH:38
end_of_record
SF:lib\pages\login_page.dart
DA:14,3
DA:16,9
DA:17,9
DA:27,1
DA:28,1
DA:30,1
DA:32,1
DA:64,1
DA:65,2
DA:66,1
DA:67,1
DA:70,3
DA:71,3
DA:73,2
DA:74,3
DA:80,2
DA:85,3
DA:89,1
DA:91,1
DA:92,3
DA:95,1
DA:96,1
DA:97,2
DA:101,1
DA:102,1
DA:103,1
DA:104,2
DA:105,1
DA:108,8
DA:110,16
DA:111,16
DA:112,8
DA:115,9
DA:117,9
DA:119,9
DA:120,9
DA:121,9
DA:122,9
DA:124,9
DA:126,9
DA:127,9
DA:134,9
DA:136,9
DA:137,18
DA:138,9
DA:139,18
DA:144,9
DA:145,9
DA:146,9
DA:147,18
DA:148,9
DA:150,9
DA:151,18
DA:152,18
DA:154,9
DA:157,9
DA:161,9
DA:164,9
DA:165,9
DA:166,9
DA:167,0
DA:168,0
DA:169,18
DA:173,0
DA:175,9
DA:177,9
DA:178,2
DA:182,19
DA:183,3
DA:186,9
DA:192,9
DA:195,9
DA:199,9
DA:200,9
DA:201,18
DA:202,18
DA:203,9
DA:204,9
DA:207,2
DA:217,9
DA:219,9
DA:220,18
DA:221,9
DA:222,18
DA:224,9
DA:225,9
DA:226,9
DA:227,18
DA:228,9
DA:230,9
DA:231,18
DA:232,18
DA:234,9
DA:237,2
DA:240,9
DA:243,2
DA:250,9
DA:253,0
DA:272,9
DA:275,9
DA:277,9
DA:278,9
DA:279,9
DA:280,9
DA:281,9
DA:284,9
DA:285,18
DA:286,9
DA:287,18
DA:289,9
DA:291,9
DA:292,18
DA:293,18
DA:294,9
DA:296,18
DA:297,18
DA:298,18
LF:117
LH:113
end_of_record
SF:lib\services\database_helper.dart
DA:8,3
DA:11,1
DA:15,1
DA:17,1
DA:22,1
DA:23,1
DA:24,1
DA:26,1
DA:29,1
DA:34,1
DA:35,1
DA:44,2
DA:51,1
DA:52,2
DA:54,1
DA:57,1
DA:60,1
DA:61,2
DA:68,0
DA:69,0
DA:70,0
DA:74,1
DA:76,0
LF:23
LH:19
end_of_record
SF:lib\pages\medications_page.dart
DA:9,3
DA:11,4
DA:12,4
DA:18,4
DA:20,4
DA:21,8
DA:22,4
DA:23,4
DA:24,4
DA:28,1
DA:29,2
DA:30,5
DA:31,7
DA:35,4
DA:37,4
DA:38,4
DA:40,4
DA:41,4
DA:42,4
DA:43,4
DA:45,4
DA:46,4
DA:47,4
DA:49,0
DA:54,12
DA:57,4
DA:59,4
DA:60,4
DA:61,4
DA:62,16
DA:65,8
DA:66,4
DA:68,4
DA:69,4
DA:70,4
DA:73,4
DA:74,4
DA:75,4
DA:76,4
DA:84,4
DA:85,4
DA:87,4
DA:88,20
DA:90,24
DA:92,4
DA:93,4
DA:94,8
DA:96,24
DA:105,4
DA:106,4
DA:108,4
DA:110,4
DA:115,4
DA:117,3
DA:142,4
DA:150,1
DA:151,1
DA:152,1
DA:153,1
DA:154,1
DA:155,1
DA:156,0
LF:62
LH:60
end_of_record
SF:lib\pages\messages_page.dart
DA:10,3
DA:12,3
DA:13,3
DA:53,15
DA:55,0
DA:56,0
DA:59,0
DA:61,0
DA:66,3
DA:68,6
DA:69,3
DA:72,3
DA:74,3
DA:75,3
DA:77,3
DA:78,3
DA:79,3
DA:80,3
DA:82,3
DA:83,3
DA:86,3
DA:87,3
DA:88,3
DA:90,0
DA:94,3
DA:96,9
DA:105,3
DA:107,6
DA:111,3
DA:113,3
DA:114,3
DA:115,3
DA:117,6
DA:118,3
DA:120,0
DA:123,3
DA:125,3
DA:127,3
DA:130,3
DA:131,3
DA:135,3
DA:136,15
DA:142,3
DA:143,3
DA:145,3
DA:146,15
DA:148,18
DA:150,18
DA:156,3
DA:158,3
DA:159,18
DA:161,6
DA:162,3
DA:165,3
DA:166,3
DA:170,3
DA:171,6
DA:183,3
DA:186,3
DA:188,3
DA:190,3
DA:191,3
DA:193,9
DA:196,6
DA:199,3
DA:201,3
DA:203,6
DA:204,3
DA:205,3
DA:206,6
DA:207,6
DA:209,3
DA:211,3
DA:212,3
DA:213,3
DA:214,12
DA:216,3
DA:218,3
DA:219,6
DA:220,3
DA:221,6
DA:223,3
DA:225,3
DA:226,3
DA:227,3
DA:228,9
DA:229,3
DA:234,3
DA:235,3
DA:236,9
DA:237,6
DA:251,6
DA:255,3
DA:256,3
DA:257,3
DA:258,3
DA:260,3
DA:261,0
DA:262,0
DA:266,3
DA:268,3
DA:295,3
DA:311,3
LF:103
LH:95
end_of_record
SF:lib\pages\patient_checkin_page.dart
DA:10,3
DA:12,2
DA:13,2
DA:28,2
DA:30,4
DA:31,2
DA:34,0
DA:35,0
DA:36,0
DA:39,2
DA:41,2
DA:43,2
DA:44,2
DA:45,2
DA:46,2
DA:48,4
DA:49,4
DA:50,2
DA:52,0
DA:57,6
DA:60,2
DA:62,2
DA:63,2
DA:64,2
DA:65,2
DA:67,2
DA:68,2
DA:69,10
DA:72,2
DA:74,2
DA:75,10
DA:79,2
DA:80,2
DA:81,4
DA:82,2
DA:83,2
DA:86,4
DA:87,0
DA:90,8
DA:97,2
DA:99,2
DA:100,10
DA:104,2
DA:105,2
DA:111,2
DA:113,2
DA:115,8
DA:121,2
DA:124,2
DA:128,4
DA:130,2
DA:131,8
DA:152,2
DA:154,2
DA:156,2
DA:157,2
DA:159,2
DA:160,2
DA:161,2
DA:162,2
DA:164,2
DA:165,4
DA:166,2
DA:167,6
DA:169,2
DA:170,2
DA:171,4
DA:173,10
LF:68
LH:63
end_of_record
SF:lib\widgets\ui\app_textarea.dart
DA:11,3
DA:20,3
DA:22,3
DA:23,3
DA:24,3
DA:25,3
DA:27,3
DA:28,3
DA:29,3
DA:30,3
DA:31,3
DA:32,3
DA:33,3
DA:35,6
DA:37,3
DA:38,3
DA:39,3
DA:40,6
DA:42,3
DA:43,3
DA:44,9
LF:21
LH:21
end_of_record
SF:lib\pages\patient_dashboard.dart
DA:10,3
DA:12,4
DA:13,4
DA:33,4
DA:35,4
DA:37,4
DA:38,4
DA:39,4
DA:40,4
DA:43,8
DA:44,8
DA:46,4
DA:47,4
DA:48,4
DA:51,12
DA:56,4
DA:57,4
DA:59,4
DA:60,16
DA:61,20
DA:68,12
DA:71,4
DA:73,4
DA:74,4
DA:75,4
DA:97,4
DA:99,4
DA:101,4
DA:102,4
DA:103,4
DA:104,12
DA:106,16
DA:110,20
DA:113,24
DA:116,4
DA:117,4
DA:118,8
DA:119,4
DA:120,4
DA:123,8
DA:124,0
DA:127,16
DA:133,4
DA:136,0
DA:145,4
DA:146,4
DA:147,12
DA:149,16
DA:154,8
DA:155,4
DA:157,4
DA:159,4
DA:160,4
DA:161,4
DA:163,4
DA:164,16
DA:166,24
DA:167,20
DA:171,12
DA:178,4
DA:179,4
DA:180,4
DA:181,4
DA:182,4
DA:185,0
DA:189,4
DA:190,4
DA:193,0
DA:214,4
DA:216,4
DA:218,4
DA:219,4
DA:221,4
DA:222,4
DA:223,4
DA:224,4
DA:226,4
DA:227,8
DA:228,4
DA:229,12
DA:231,4
DA:232,4
DA:233,8
DA:235,20
DA:248,4
DA:250,4
DA:252,4
DA:253,4
DA:254,4
DA:255,4
DA:256,4
DA:258,4
DA:259,8
DA:260,4
DA:261,8
DA:263,4
DA:264,4
DA:265,16
DA:267,20
LF:99
LH:95
end_of_record
SF:lib\pages\patient_list_page.dart
DA:10,3
DA:12,1
DA:13,1
DA:62,1
DA:64,2
DA:65,1
DA:68,1
DA:70,1
DA:72,4
DA:73,2
DA:75,1
DA:76,1
DA:77,1
DA:78,1
DA:80,2
DA:81,2
DA:84,1
DA:86,1
DA:87,1
DA:88,1
DA:89,1
DA:91,0
DA:98,4
DA:100,1
DA:101,1
DA:104,0
DA:111,3
DA:114,1
DA:116,1
DA:117,1
DA:118,1
DA:119,1
DA:120,3
DA:122,1
DA:124,1
DA:126,1
DA:127,1
DA:128,2
DA:130,1
DA:132,1
DA:133,1
DA:134,1
DA:136,1
DA:137,1
DA:138,1
DA:139,1
DA:140,5
DA:142,2
DA:146,6
DA:149,1
DA:150,1
DA:151,3
DA:153,5
DA:157,6
DA:159,1
DA:160,1
DA:161,5
DA:163,2
DA:165,5
DA:173,1
DA:174,1
DA:175,1
DA:177,0
DA:178,3
DA:180,1
DA:182,0
DA:183,3
DA:193,1
DA:213,3
LF:69
LH:65
end_of_record
SF:lib\pages\profile_page.dart
DA:8,3
DA:10,4
DA:12,4
DA:13,4
DA:25,4
DA:26,8
DA:27,12
DA:28,16
DA:29,4
DA:30,4
DA:32,4
DA:33,4
DA:34,4
DA:35,4
DA:37,4
DA:38,4
DA:41,4
DA:42,4
DA:43,4
DA:45,0
DA:49,4
DA:51,12
DA:60,4
DA:62,8
DA:66,4
DA:68,4
DA:69,4
DA:70,4
DA:72,4
DA:74,4
DA:75,4
DA:76,4
DA:79,4
DA:80,4
DA:84,4
DA:94,4
DA:95,4
DA:96,12
DA:100,4
DA:101,4
DA:102,16
DA:112,16
DA:115,4
DA:117,4
DA:118,4
DA:119,4
DA:121,4
DA:123,4
DA:125,8
DA:126,4
DA:128,4
DA:130,4
DA:132,8
DA:133,4
DA:135,4
DA:137,4
DA:139,8
DA:140,4
DA:142,4
DA:144,4
DA:153,16
DA:156,4
DA:158,4
DA:160,4
DA:162,4
DA:178,4
DA:180,4
DA:181,8
DA:191,4
DA:199,4
DA:201,4
DA:203,4
DA:205,4
DA:207,4
DA:208,12
DA:210,4
DA:211,4
DA:213,4
DA:214,24
DA:216,20
DA:235,3
LF:81
LH:80
end_of_record
SF:lib\pages\register_page.dart
DA:13,3
DA:15,0
DA:16,0
DA:35,0
DA:36,0
DA:38,0
DA:39,0
DA:40,0
DA:43,0
DA:44,0
DA:48,0
DA:49,0
DA:50,0
DA:51,0
DA:53,0
DA:57,0
DA:58,0
DA:59,0
DA:60,0
DA:62,0
DA:66,0
DA:68,0
DA:69,0
DA:70,0
DA:71,0
DA:72,0
DA:73,0
DA:74,0
DA:75,0
DA:76,0
DA:77,0
DA:80,0
DA:82,0
DA:83,0
DA:85,0
DA:86,0
DA:87,0
DA:88,0
DA:90,0
DA:92,0
DA:93,0
DA:97,0
DA:99,0
DA:105,0
DA:107,0
DA:108,0
DA:109,0
DA:110,0
DA:113,0
DA:115,0
DA:116,0
DA:117,0
DA:118,0
DA:122,0
DA:124,0
DA:130,0
DA:131,0
DA:132,0
DA:133,0
DA:135,0
DA:137,0
DA:141,0
DA:142,0
DA:144,0
DA:146,0
DA:155,0
DA:158,0
DA:159,0
DA:160,0
DA:161,0
DA:163,0
DA:164,0
DA:165,0
DA:167,0
DA:169,0
DA:187,0
DA:188,0
DA:189,0
DA:191,0
DA:192,0
DA:193,0
DA:196,0
DA:197,0
DA:198,0
DA:199,0
DA:201,0
DA:205,0
DA:207,0
DA:209,0
DA:213,0
DA:215,0
DA:216,0
DA:219,0
DA:223,0
DA:225,0
DA:226,0
DA:229,0
DA:235,0
DA:236,0
DA:239,0
DA:240,0
DA:242,0
DA:245,0
DA:249,0
DA:252,0
DA:256,0
DA:259,0
DA:265,0
DA:266,0
DA:269,0
DA:270,0
DA:272,0
DA:275,0
DA:280,0
DA:283,0
DA:288,0
DA:291,0
DA:295,0
DA:298,0
DA:304,0
DA:305,0
DA:306,0
DA:307,0
DA:310,0
DA:315,0
DA:316,0
DA:319,0
DA:328,0
DA:329,0
DA:332,0
DA:333,0
DA:335,0
DA:337,0
DA:342,0
DA:343,0
DA:346,0
DA:347,0
DA:349,0
DA:350,0
DA:353,0
DA:354,0
DA:355,0
DA:356,0
DA:357,0
DA:358,0
DA:369,0
DA:371,0
DA:373,0
DA:374,0
DA:376,0
DA:378,0
DA:379,0
DA:380,0
DA:381,0
DA:382,0
DA:386,0
DA:387,0
DA:388,0
DA:389,0
DA:391,0
DA:392,0
DA:405,0
DA:411,0
DA:413,0
DA:414,0
DA:416,0
DA:418,0
DA:419,0
DA:420,0
DA:421,0
DA:422,0
DA:424,0
DA:426,0
DA:428,0
DA:430,0
DA:431,0
DA:433,0
DA:445,0
DA:447,0
DA:449,0
DA:451,0
DA:453,0
DA:455,0
DA:456,0
DA:458,0
DA:460,0
DA:461,0
LF:187
LH:1
end_of_record
SF:lib\pages\reports_page.dart
DA:8,3
DA:10,1
DA:12,1
DA:13,1
DA:15,1
DA:22,1
DA:28,1
DA:30,1
DA:32,1
DA:33,1
DA:37,1
DA:38,1
DA:39,1
DA:40,1
DA:42,1
DA:43,1
DA:46,1
DA:47,1
DA:48,1
DA:50,0
DA:54,1
DA:56,3
DA:65,1
DA:67,2
DA:71,1
DA:73,1
DA:74,1
DA:75,1
DA:77,4
DA:80,1
DA:83,1
DA:90,1
DA:91,1
DA:92,1
DA:94,1
DA:96,1
DA:97,2
DA:99,1
DA:100,1
DA:101,3
DA:103,2
DA:107,6
DA:117,1
DA:119,1
DA:120,1
DA:121,2
DA:122,1
DA:123,3
DA:126,1
DA:128,1
DA:129,1
DA:131,1
DA:132,1
DA:134,1
DA:135,1
DA:137,3
DA:143,1
DA:145,4
DA:158,1
DA:159,1
DA:160,2
DA:162,4
DA:167,2
DA:168,1
DA:170,0
DA:173,1
DA:175,1
DA:176,5
DA:178,6
DA:202,3
DA:214,3
LF:71
LH:69
end_of_record
SF:lib\pages\schedule_page.dart
DA:9,3
DA:11,3
DA:12,3
DA:23,9
DA:24,9
DA:26,0
DA:27,0
DA:28,0
DA:29,0
DA:30,0
DA:31,0
DA:32,0
DA:35,0
DA:39,0
DA:41,0
DA:46,0
DA:47,0
DA:52,3
DA:54,3
DA:55,3
DA:57,6
DA:59,3
DA:60,3
DA:61,3
DA:62,3
DA:64,3
DA:65,3
DA:68,3
DA:69,3
DA:70,3
DA:72,0
DA:76,3
DA:78,9
DA:87,3
DA:89,6
DA:93,3
DA:95,3
DA:96,3
DA:97,3
DA:99,3
DA:100,3
DA:101,6
DA:103,3
DA:104,9
DA:110,3
DA:111,3
DA:112,3
DA:113,3
DA:115,3
DA:116,3
DA:117,3
DA:118,6
DA:120,3
DA:121,3
DA:122,3
DA:123,3
DA:124,6
DA:125,9
DA:128,6
DA:137,3
DA:138,3
DA:139,3
DA:140,3
DA:141,6
DA:143,0
DA:147,3
DA:148,3
DA:149,6
DA:151,0
DA:160,3
DA:162,3
DA:163,3
DA:165,6
DA:167,3
DA:169,9
DA:173,3
DA:177,12
DA:181,3
DA:183,3
DA:195,3
DA:196,9
DA:199,3
DA:200,3
DA:201,6
DA:203,3
DA:210,3
DA:211,3
DA:214,3
DA:216,3
DA:219,3
DA:234,3
DA:236,9
DA:237,9
DA:238,6
DA:247,3
DA:253,3
DA:255,3
DA:256,3
DA:258,3
DA:259,3
DA:260,3
DA:261,3
DA:263,3
DA:264,9
DA:265,3
DA:266,12
DA:268,3
DA:269,3
DA:270,3
DA:271,9
DA:273,6
DA:287,3
DA:293,3
DA:295,3
DA:296,3
DA:298,3
DA:299,3
DA:300,3
DA:301,3
DA:303,3
DA:304,3
DA:305,3
DA:306,6
DA:308,3
DA:310,3
DA:311,9
DA:313,15
LF:127
LH:112
end_of_record
SF:lib\pages\settings_page.dart
DA:13,3
DA:15,4
DA:16,4
DA:30,4
DA:32,4
DA:33,4
DA:36,4
DA:37,4
DA:38,3
DA:39,6
DA:40,6
DA:41,6
DA:42,6
DA:43,6
DA:44,6
DA:45,6
DA:46,6
DA:50,1
DA:51,1
DA:52,1
DA:56,1
DA:57,1
DA:58,1
DA:60,2
DA:61,0
DA:62,3
DA:66,1
DA:67,1
DA:71,1
DA:72,1
DA:75,1
DA:76,1
DA:81,1
DA:82,1
DA:83,1
DA:84,1
DA:85,1
DA:86,1
DA:87,1
DA:89,1
DA:90,2
DA:93,2
DA:94,1
DA:95,1
DA:96,1
DA:98,1
DA:99,1
DA:100,1
DA:101,1
DA:103,1
DA:104,1
DA:105,1
DA:107,3
DA:114,4
DA:116,4
DA:117,4
DA:118,4
DA:121,4
DA:122,4
DA:125,4
DA:126,4
DA:129,0
DA:130,4
DA:133,0
DA:134,4
DA:137,0
DA:140,4
DA:143,4
DA:144,4
DA:147,0
DA:148,4
DA:151,0
DA:152,4
DA:155,0
DA:160,4
DA:161,4
DA:162,4
DA:163,4
DA:165,4
DA:166,4
DA:169,4
DA:170,4
DA:171,4
DA:173,1
DA:175,2
DA:176,0
DA:181,1
DA:182,1
DA:184,1
DA:185,1
DA:186,0
DA:187,0
DA:190,0
DA:196,4
DA:198,8
DA:199,4
DA:208,4
DA:210,8
DA:213,4
DA:215,4
DA:216,4
DA:217,4
DA:219,4
DA:220,4
DA:221,4
DA:222,4
DA:224,4
DA:226,8
DA:227,4
DA:233,4
DA:241,4
DA:249,4
DA:253,4
DA:254,4
DA:255,4
DA:258,4
DA:259,0
DA:260,0
DA:261,0
DA:265,4
DA:268,4
DA:269,1
DA:270,3
DA:271,1
DA:275,4
DA:278,4
DA:279,0
DA:280,0
DA:281,0
DA:289,4
DA:293,4
DA:294,4
DA:295,4
DA:298,4
DA:299,0
DA:300,0
DA:301,0
DA:305,4
DA:308,4
DA:309,0
DA:310,0
DA:311,0
DA:315,4
DA:318,4
DA:319,0
DA:320,0
DA:321,0
DA:325,4
DA:328,4
DA:329,0
DA:330,0
DA:331,0
DA:341,8
DA:342,4
DA:343,4
DA:344,12
DA:346,8
DA:347,8
DA:348,4
DA:352,4
DA:354,4
DA:355,4
DA:356,4
DA:360,4
DA:362,4
DA:363,4
DA:364,4
DA:365,4
DA:366,4
DA:370,12
DA:371,8
DA:372,4
DA:373,4
DA:374,12
DA:375,8
DA:376,8
DA:378,4
DA:379,20
DA:380,4
DA:381,8
DA:382,12
DA:392,4
DA:394,4
DA:395,4
DA:396,4
DA:397,8
DA:398,4
DA:400,4
DA:401,8
DA:402,8
DA:404,4
DA:406,8
DA:407,8
DA:411,4
DA:413,4
DA:436,4
DA:443,4
DA:445,4
DA:446,4
DA:448,4
DA:450,4
DA:451,4
DA:452,4
DA:455,4
DA:457,4
DA:458,4
DA:459,4
DA:460,8
DA:462,12
DA:464,8
DA:465,8
DA:466,4
DA:467,8
DA:469,16
DA:470,8
DA:483,4
DA:490,1
DA:492,1
DA:493,1
DA:495,1
DA:497,1
DA:498,1
DA:499,1
DA:500,2
DA:502,1
DA:503,1
DA:504,1
DA:505,1
DA:507,1
DA:508,2
DA:509,2
DA:510,1
DA:512,2
DA:513,2
DA:514,2
DA:518,1
DA:519,1
DA:520,1
DA:521,1
DA:532,4
DA:534,1
DA:536,1
DA:537,1
DA:539,1
DA:540,2
DA:541,1
DA:543,1
DA:544,1
DA:545,4
DA:547,1
DA:548,3
DA:549,2
DA:550,1
DA:552,2
DA:564,1
DA:566,1
DA:568,1
DA:569,1
DA:571,1
DA:573,1
DA:575,1
DA:576,1
DA:578,4
DA:581,1
DA:584,1
DA:586,1
DA:587,1
DA:591,1
DA:593,1
DA:594,1
DA:595,3
DA:599,1
DA:601,2
DA:602,2
DA:609,1
DA:610,2
DA:611,1
DA:612,1
DA:613,1
DA:614,1
DA:627,4
DA:636,4
LF:282
LH:253
end_of_record
SF:lib\widgets\accessibility\theme_selector.dart
DA:7,3
DA:9,1
DA:12,1
DA:13,1
DA:14,1
DA:17,1
DA:46,0
DA:47,0
DA:49,0
DA:50,0
DA:53,0
DA:57,1
DA:59,1
DA:60,1
DA:62,1
DA:64,1
DA:65,1
DA:67,3
DA:70,1
DA:71,1
DA:73,2
DA:76,0
DA:77,0
DA:78,0
DA:79,0
DA:81,0
DA:82,0
DA:83,0
DA:92,1
DA:93,1
DA:94,4
DA:95,1
DA:96,1
DA:97,1
DA:98,3
DA:99,0
DA:100,1
DA:103,4
DA:123,1
DA:130,1
DA:132,1
DA:134,1
DA:136,1
DA:137,3
DA:138,1
DA:139,1
DA:141,1
DA:143,1
DA:144,1
DA:145,1
DA:146,1
DA:147,1
DA:150,2
DA:155,1
DA:157,1
DA:158,1
DA:161,1
DA:162,2
DA:163,1
DA:164,3
DA:166,5
DA:169,6
DA:171,1
DA:172,2
DA:173,4
DA:177,1
DA:178,1
DA:181,1
DA:182,1
DA:183,1
DA:209,3
LF:71
LH:58
end_of_record
SF:lib\widgets\accessibility\text_size_control.dart
DA:11,3
DA:13,0
DA:15,0
DA:16,0
DA:18,0
DA:20,0
DA:21,0
DA:23,0
DA:25,0
DA:27,0
DA:28,0
DA:29,0
DA:30,0
DA:34,0
DA:35,0
DA:39,0
DA:40,0
DA:44,0
DA:45,0
DA:49,0
DA:50,0
DA:54,0
DA:55,0
DA:64,0
DA:66,0
DA:68,0
DA:85,0
DA:93,0
DA:95,0
DA:96,0
DA:97,0
DA:98,0
DA:100,0
DA:101,0
DA:103,0
DA:106,0
DA:108,0
DA:110,0
LF:38
LH:1
end_of_record
SF:lib\pages\symptoms_page.dart
DA:10,3
DA:12,2
DA:13,2
DA:31,0
DA:32,0
DA:33,0
DA:34,0
DA:35,0
DA:39,0
DA:41,0
DA:44,2
DA:46,4
DA:47,2
DA:50,2
DA:52,2
DA:53,2
DA:55,2
DA:56,2
DA:57,2
DA:58,2
DA:60,2
DA:61,2
DA:64,2
DA:65,2
DA:66,2
DA:68,0
DA:72,2
DA:74,6
DA:83,2
DA:85,4
DA:89,2
DA:91,2
DA:92,2
DA:93,2
DA:95,2
DA:97,2
DA:99,2
DA:100,2
DA:101,6
DA:104,2
DA:105,2
DA:106,2
DA:107,2
DA:109,2
DA:112,4
DA:113,2
DA:119,2
DA:120,4
DA:121,2
DA:123,0
DA:136,2
DA:138,2
DA:140,2
DA:141,2
DA:142,6
DA:145,2
DA:146,4
DA:150,6
DA:151,0
DA:155,2
DA:157,2
DA:158,8
DA:159,2
DA:160,2
DA:161,4
DA:163,6
DA:164,8
DA:165,4
DA:173,2
DA:176,2
DA:177,2
DA:178,2
DA:179,4
DA:181,2
DA:182,2
DA:183,6
DA:184,6
DA:186,2
DA:198,2
DA:200,2
DA:202,2
DA:203,2
DA:204,6
DA:206,2
DA:207,2
DA:220,2
DA:222,2
DA:224,2
DA:244,2
DA:251,0
DA:252,0
DA:253,0
DA:254,0
DA:255,0
DA:256,0
DA:265,2
DA:267,2
DA:269,2
DA:270,2
DA:272,6
DA:274,2
DA:276,4
DA:277,10
DA:278,2
DA:279,2
DA:280,2
DA:281,2
DA:283,2
DA:284,6
DA:285,2
DA:286,2
DA:287,4
DA:288,0
DA:289,0
DA:292,0
DA:297,2
DA:299,2
DA:300,6
DA:302,2
DA:303,4
DA:305,6
LF:121
LH:102
end_of_record
SF:lib\router\app_router.dart
DA:24,6
DA:25,6
DA:28,6
DA:30,6
DA:31,12
DA:32,6
DA:34,0
DA:35,6
DA:36,0
DA:39,6
DA:40,5
DA:42,5
DA:43,10
DA:44,0
DA:46,0
DA:48,0
DA:54,6
DA:56,6
DA:58,3
DA:59,6
DA:61,1
DA:62,6
DA:64,1
DA:67,6
DA:69,2
DA:70,6
DA:72,1
DA:73,6
DA:75,1
DA:76,6
DA:78,2
DA:79,6
DA:80,1
DA:83,7
DA:84,8
DA:85,8
DA:86,7
DA:92,1
LF:38
LH:33
end_of_record
SF:lib\widgets\navigation\app_layout.dart
DA:11,5
DA:18,5
DA:19,10
DA:20,10
DA:21,10
DA:22,10
DA:24,5
DA:26,5
DA:27,5
DA:28,10
DA:29,5
DA:30,5
DA:32,5
DA:33,5
DA:34,5
LF:15
LH:15
end_of_record
SF:lib\widgets\navigation\bottom_nav.dart
DA:10,6
DA:16,6
DA:17,6
DA:24,6
DA:26,6
DA:27,6
DA:30,6
DA:31,6
DA:32,6
DA:33,6
DA:34,12
DA:35,12
DA:39,0
DA:40,0
DA:41,0
DA:44,1
DA:45,2
DA:46,0
DA:47,0
DA:48,0
DA:49,0
DA:50,0
DA:51,0
DA:52,0
DA:53,0
DA:54,0
DA:58,0
DA:63,1
DA:64,1
DA:65,1
DA:66,1
DA:67,1
DA:68,1
DA:69,1
DA:70,1
DA:74,0
DA:79,1
DA:80,1
DA:83,2
DA:85,4
DA:86,1
DA:87,3
DA:90,6
DA:92,6
DA:93,6
DA:96,18
DA:98,6
DA:99,6
DA:101,6
DA:102,1
DA:103,1
DA:104,1
DA:109,1
DA:111,1
DA:112,1
DA:113,1
DA:114,1
DA:115,1
DA:117,1
DA:119,1
DA:120,1
DA:121,3
DA:123,1
DA:126,1
DA:127,0
DA:133,1
DA:134,2
DA:135,2
DA:142,1
DA:143,1
DA:145,1
DA:146,1
DA:148,1
DA:149,1
DA:150,2
DA:152,1
DA:160,1
DA:161,1
DA:162,1
DA:164,4
DA:165,2
DA:185,6
DA:186,6
DA:188,6
DA:190,6
DA:191,6
DA:192,6
DA:193,6
DA:194,18
DA:196,6
DA:199,6
DA:200,4
DA:201,6
DA:203,6
DA:206,6
DA:208,18
DA:228,1
DA:241,1
DA:247,1
DA:249,1
DA:250,1
DA:256,1
DA:258,1
DA:259,2
DA:260,1
DA:261,1
DA:262,1
DA:263,1
DA:265,1
DA:266,3
DA:267,1
DA:268,1
DA:269,3
DA:273,1
DA:274,1
DA:275,1
DA:278,1
DA:279,1
DA:280,1
DA:281,1
DA:284,1
DA:285,2
DA:287,2
DA:291,1
DA:292,1
DA:293,2
DA:296,3
DA:299,2
LF:128
LH:113
end_of_record
SF:lib\providers\auth_provider.dart
DA:5,3
DA:7,1
DA:10,3
DA:13,0
DA:14,0
DA:18,2
DA:19,1
DA:20,2
LF:8
LH:6
end_of_record
SF:lib\models\auth_state.dart
DA:4,1
DA:6,1
DA:7,1
DA:8,0
LF:4
LH:3
end_of_record
SF:lib\app.dart
DA:5,1
DA:7,1
DA:9,1
DA:12,1
DA:13,1
LF:5
LH:5
end_of_record
