SF:lib\theme\app_theme_controller.dart
DA:21,8
DA:22,8
DA:24,8
DA:25,16
DA:27,16
DA:29,8
DA:30,16
DA:31,16
DA:32,16
DA:33,16
DA:35,8
DA:38,2
DA:39,2
DA:40,2
DA:41,2
DA:42,2
DA:45,1
DA:46,1
DA:47,1
DA:48,1
DA:49,1
DA:52,2
DA:53,2
DA:54,2
DA:55,2
DA:56,2
DA:60,2
DA:62,2
DA:64,4
DA:66,2
DA:68,2
DA:69,1
DA:70,2
DA:73,2
DA:74,2
DA:75,2
DA:76,2
DA:77,2
DA:80,2
DA:81,2
DA:82,2
DA:83,2
DA:84,2
DA:87,2
DA:88,2
DA:89,2
DA:90,2
DA:91,2
DA:95,8
DA:96,8
DA:97,8
DA:98,7
DA:99,1
DA:102,1
DA:103,0
DA:104,0
DA:108,8
DA:109,8
DA:110,8
DA:111,7
DA:112,1
DA:113,1
DA:114,0
DA:116,0
DA:120,8
DA:121,8
DA:126,8
DA:129,0
DA:130,0
DA:135,0
DA:138,7
DA:139,7
DA:143,7
DA:146,1
DA:159,1
DA:162,0
DA:163,0
DA:167,0
LF:78
LH:68
end_of_record
SF:lib\theme\app_theme_scope.dart
DA:5,24
DA:9,24
DA:11,20
DA:12,20
DA:13,20
DA:14,20
LF:6
LH:6
end_of_record
SF:lib\pages\caregiver_dashboard.dart
DA:10,2
DA:12,5
DA:14,5
DA:16,5
DA:26,5
DA:27,5
DA:28,5
DA:29,5
DA:32,10
DA:33,10
DA:35,5
DA:36,5
DA:37,5
DA:40,15
DA:45,5
DA:46,5
DA:48,5
DA:49,20
DA:50,25
DA:57,5
DA:59,10
DA:63,5
DA:65,5
DA:66,5
DA:67,5
DA:96,5
DA:97,5
DA:98,5
DA:99,5
DA:101,5
DA:103,10
DA:127,5
DA:128,5
DA:129,5
DA:130,5
DA:133,0
DA:137,5
DA:138,5
DA:141,0
DA:150,5
DA:151,5
DA:152,15
DA:154,20
DA:159,5
DA:162,5
DA:163,10
DA:164,5
DA:165,10
DA:167,5
DA:168,5
DA:169,5
DA:170,5
DA:171,5
DA:172,5
DA:173,0
DA:175,5
DA:176,5
DA:177,5
DA:178,5
DA:180,5
DA:181,5
DA:182,5
DA:183,5
DA:184,20
DA:186,5
DA:190,30
DA:195,5
DA:197,0
DA:198,15
DA:222,6
DA:229,5
DA:231,5
DA:232,5
DA:234,5
DA:235,5
DA:236,5
DA:237,15
DA:239,35
DA:243,25
DA:254,5
DA:256,5
DA:258,5
DA:259,5
DA:260,5
DA:261,5
DA:262,5
DA:264,5
DA:265,10
DA:266,5
DA:267,10
DA:269,5
DA:270,5
DA:271,20
DA:273,25
LF:94
LH:90
end_of_record
SF:lib\widgets\ui\app_alert.dart
DA:9,0
DA:15,2
DA:16,2
DA:17,3
DA:19,7
DA:21,7
DA:22,7
DA:29,7
DA:30,7
DA:31,14
DA:32,14
DA:33,7
DA:36,5
DA:42,5
DA:45,5
DA:50,7
DA:52,7
DA:54,7
DA:55,7
DA:57,7
DA:59,7
DA:60,7
DA:62,7
DA:63,7
DA:64,21
DA:65,7
LF:26
LH:25
end_of_record
SF:lib\widgets\ui\app_badge.dart
DA:9,0
DA:15,0
DA:18,0
DA:21,2
DA:24,5
DA:26,5
DA:27,5
DA:32,5
DA:33,5
DA:37,5
DA:41,5
DA:42,5
DA:47,5
DA:49,5
DA:51,5
DA:53,5
DA:54,10
DA:55,5
LF:18
LH:15
end_of_record
SF:lib\widgets\ui\app_card.dart
DA:9,19
DA:16,19
DA:18,19
DA:19,19
DA:21,19
DA:22,19
DA:23,19
DA:24,19
DA:25,38
DA:26,19
DA:28,19
DA:31,19
DA:33,8
DA:35,8
DA:36,8
DA:37,8
LF:16
LH:16
end_of_record
SF:lib\widgets\navigation\header_voice_button.dart
DA:9,2
DA:14,18
DA:15,18
DA:21,1
DA:22,3
DA:24,1
DA:25,1
DA:29,1
DA:30,1
DA:35,1
DA:36,1
DA:37,1
DA:45,18
DA:47,18
DA:48,18
DA:50,54
DA:52,20
DA:53,20
DA:54,16
DA:56,18
DA:57,18
DA:58,18
DA:59,18
DA:60,0
DA:61,18
DA:62,2
DA:63,2
DA:65,18
DA:68,18
DA:69,5
DA:70,18
DA:71,18
DA:74,18
DA:76,18
DA:77,18
DA:79,18
DA:80,18
DA:96,1
DA:101,1
DA:102,1
DA:108,1
DA:109,3
DA:110,1
DA:111,1
DA:114,1
DA:116,1
DA:117,1
DA:118,3
DA:120,1
DA:122,1
DA:124,1
DA:125,1
DA:130,1
DA:132,2
DA:133,1
DA:134,3
DA:140,1
DA:142,1
DA:144,1
DA:147,1
DA:148,1
DA:149,1
DA:154,1
DA:156,1
DA:157,1
DA:158,1
DA:160,1
DA:161,1
DA:162,2
DA:163,3
DA:166,1
DA:167,2
DA:168,4
DA:174,1
DA:175,0
DA:176,1
DA:177,1
DA:180,1
DA:181,1
DA:182,1
DA:183,2
DA:185,2
DA:194,1
DA:197,1
DA:198,1
DA:199,1
DA:200,2
DA:202,1
DA:204,1
DA:205,1
DA:206,2
DA:207,3
DA:210,1
DA:212,4
DA:220,1
DA:223,1
DA:224,5
DA:225,2
DA:226,2
DA:227,1
DA:228,1
DA:229,1
DA:230,2
DA:235,1
DA:238,1
DA:239,0
DA:240,1
DA:241,2
DA:242,2
DA:263,18
DA:270,18
DA:271,18
DA:278,1
DA:280,1
DA:282,3
DA:283,1
DA:284,4
DA:285,4
DA:289,1
DA:290,1
DA:292,2
DA:293,1
DA:294,1
DA:295,1
DA:297,3
DA:298,1
DA:300,1
DA:302,1
DA:303,1
DA:305,2
DA:308,1
DA:309,1
DA:314,1
DA:316,1
DA:318,1
DA:320,1
DA:322,1
DA:323,1
DA:324,1
DA:325,2
DA:326,1
DA:327,1
DA:330,1
DA:334,2
DA:345,2
DA:346,2
DA:349,18
DA:350,19
DA:351,18
DA:354,18
DA:356,18
DA:357,18
DA:360,18
DA:362,72
DA:370,18
DA:375,1
DA:377,1
DA:378,1
DA:380,1
DA:383,1
DA:384,1
DA:386,3
DA:389,1
DA:391,4
DA:394,1
DA:396,1
DA:399,2
DA:400,1
DA:403,1
DA:405,1
DA:408,1
DA:409,1
DA:424,1
DA:433,1
DA:435,1
DA:437,1
DA:438,1
DA:439,1
DA:440,1
DA:442,1
DA:443,1
DA:444,1
DA:445,2
DA:447,1
DA:448,1
DA:449,3
DA:451,1
DA:452,1
DA:455,1
DA:456,1
DA:457,1
DA:458,3
DA:461,1
DA:462,1
DA:463,4
LF:195
LH:192
end_of_record
SF:lib\pages\emergency_page.dart
DA:9,2
DA:11,4
DA:12,4
DA:25,1
DA:26,1
DA:27,1
DA:29,1
DA:30,1
DA:32,2
DA:33,3
DA:34,1
DA:35,2
DA:36,1
DA:42,1
DA:43,1
DA:44,3
DA:46,3
DA:51,0
DA:52,0
DA:53,0
DA:54,0
DA:58,4
DA:60,4
DA:61,4
DA:63,4
DA:64,4
DA:65,4
DA:66,4
DA:68,4
DA:69,4
DA:72,4
DA:73,4
DA:74,4
DA:76,0
DA:78,0
DA:79,0
DA:81,0
DA:100,4
DA:102,8
DA:106,4
DA:108,4
DA:109,4
DA:110,4
DA:111,5
DA:112,1
DA:114,1
DA:115,1
DA:116,2
DA:117,1
DA:118,3
DA:121,1
DA:122,1
DA:123,2
DA:125,1
DA:127,3
DA:129,1
DA:134,1
DA:136,3
DA:138,1
DA:150,4
DA:152,4
DA:153,4
DA:154,4
DA:156,12
DA:160,4
DA:162,16
DA:166,4
DA:167,4
DA:168,8
DA:169,16
DA:170,8
DA:172,4
DA:173,4
DA:176,4
DA:177,8
DA:178,4
DA:179,4
DA:185,4
DA:187,4
DA:190,4
DA:195,4
DA:197,8
DA:211,4
DA:214,4
DA:216,4
DA:218,4
DA:219,8
DA:221,4
DA:222,4
DA:224,4
DA:225,16
DA:227,4
DA:229,16
DA:232,4
DA:234,12
DA:246,4
DA:249,16
DA:250,4
DA:252,8
DA:253,4
DA:255,4
DA:256,4
DA:257,4
DA:260,4
DA:261,4
DA:264,4
DA:265,8
DA:271,4
DA:272,4
DA:274,4
DA:275,20
DA:277,24
DA:279,4
DA:280,4
DA:281,12
DA:282,4
DA:289,4
DA:290,8
DA:291,0
DA:293,4
DA:297,8
DA:306,4
DA:309,4
DA:311,4
DA:312,4
DA:313,8
DA:314,4
DA:315,12
DA:318,4
DA:320,4
DA:321,16
DA:323,20
DA:325,20
DA:327,20
DA:329,20
DA:349,2
DA:360,1
DA:365,1
DA:367,1
DA:368,1
DA:370,1
DA:371,1
DA:373,2
DA:374,1
DA:376,1
DA:378,1
DA:380,1
DA:382,1
DA:383,1
DA:384,1
DA:385,1
DA:387,3
DA:390,1
DA:391,1
DA:392,1
DA:403,1
DA:404,1
DA:405,1
DA:406,1
DA:407,1
DA:410,1
DA:411,2
DA:412,1
DA:413,3
DA:415,1
DA:417,1
DA:418,2
DA:420,1
DA:421,1
DA:423,3
DA:425,1
DA:434,1
DA:436,1
DA:438,4
DA:443,1
DA:445,1
DA:450,3
DA:451,1
DA:464,1
DA:465,1
DA:466,1
DA:467,1
DA:469,1
DA:475,1
DA:476,1
DA:478,1
LF:186
LH:177
end_of_record
SF:lib\models\user.dart
DA:6,2
DA:14,1
DA:15,1
DA:16,1
DA:17,1
DA:18,1
DA:24,2
DA:25,2
DA:26,2
DA:27,2
DA:28,2
LF:11
LH:11
end_of_record
SF:lib\widgets\ui\app_button.dart
DA:13,20
DA:22,19
DA:24,19
DA:25,19
DA:26,19
DA:27,19
DA:28,19
DA:34,19
DA:35,19
DA:36,17
DA:38,17
DA:40,14
DA:41,14
DA:42,14
DA:43,14
DA:45,1
DA:46,1
DA:48,1
DA:66,19
DA:69,19
DA:70,33
DA:71,42
DA:75,19
DA:76,19
DA:77,19
DA:82,19
DA:90,19
DA:91,19
DA:92,19
DA:95,38
DA:96,19
DA:98,19
DA:99,19
DA:100,19
DA:106,33
LF:35
LH:35
end_of_record
SF:lib\pages\forgot_password_page.dart
DA:11,2
DA:13,1
DA:14,1
DA:23,1
DA:25,2
DA:26,2
DA:27,1
DA:30,1
DA:31,3
DA:32,1
DA:34,3
DA:36,1
DA:37,3
DA:38,1
DA:39,2
DA:40,1
DA:41,1
DA:43,2
DA:47,1
DA:49,1
DA:51,1
DA:52,1
DA:53,1
DA:54,1
DA:56,1
DA:58,1
DA:59,1
DA:63,1
DA:65,1
DA:66,2
DA:67,1
DA:68,2
DA:71,1
DA:72,1
DA:73,4
DA:75,1
DA:77,4
DA:80,1
DA:83,4
DA:88,1
DA:90,0
DA:105,1
DA:106,1
DA:108,5
DA:109,1
DA:111,1
DA:112,1
DA:114,4
DA:118,1
DA:122,1
DA:123,3
DA:127,2
DA:132,1
DA:133,1
DA:134,1
DA:135,1
DA:137,5
DA:142,1
DA:143,1
DA:145,6
DA:165,1
DA:167,1
DA:169,1
DA:170,1
DA:171,3
DA:173,1
DA:174,1
DA:175,1
DA:177,1
DA:179,1
DA:180,2
DA:181,1
DA:182,1
DA:184,3
DA:186,1
DA:188,1
DA:189,1
DA:190,1
DA:191,6
DA:192,2
DA:196,1
LF:81
LH:80
end_of_record
SF:lib\widgets\ui\app_input.dart
DA:18,12
DA:33,12
DA:35,12
DA:36,12
DA:37,12
DA:38,12
DA:39,15
DA:41,12
DA:43,12
DA:44,23
DA:45,11
DA:46,11
DA:47,33
DA:52,12
DA:55,12
DA:56,12
DA:57,12
DA:58,12
DA:59,12
DA:60,12
DA:61,12
DA:62,12
DA:63,12
DA:64,12
DA:65,12
DA:66,12
DA:68,24
DA:70,12
DA:71,12
DA:72,12
DA:73,24
DA:75,12
DA:76,12
DA:77,36
LF:34
LH:34
end_of_record
SF:lib\widgets\ui\app_logo.dart
DA:9,2
DA:15,22
DA:16,11
DA:17,11
DA:18,11
DA:21,22
DA:22,11
DA:23,11
DA:24,11
DA:27,11
DA:28,22
DA:29,11
DA:30,11
DA:31,11
DA:32,33
DA:36,11
DA:37,22
DA:38,11
DA:39,11
DA:40,11
DA:41,66
DA:45,11
DA:47,11
DA:48,11
DA:50,11
DA:52,11
DA:53,11
DA:55,11
DA:56,11
DA:58,11
DA:59,11
DA:62,22
DA:64,22
DA:65,22
DA:68,22
DA:70,11
DA:72,11
DA:75,11
LF:38
LH:38
end_of_record
SF:lib\pages\login_page.dart
DA:14,2
DA:16,11
DA:17,11
DA:27,1
DA:28,1
DA:30,1
DA:32,1
DA:64,1
DA:65,2
DA:66,1
DA:67,1
DA:70,3
DA:71,3
DA:73,2
DA:74,3
DA:80,2
DA:85,3
DA:89,1
DA:91,1
DA:92,3
DA:95,1
DA:96,1
DA:97,2
DA:101,1
DA:102,1
DA:103,1
DA:104,2
DA:105,1
DA:108,11
DA:110,22
DA:111,22
DA:112,11
DA:115,11
DA:117,11
DA:119,11
DA:120,11
DA:121,11
DA:122,11
DA:124,11
DA:126,11
DA:127,11
DA:134,11
DA:136,11
DA:137,22
DA:138,11
DA:139,22
DA:144,11
DA:145,11
DA:146,11
DA:147,22
DA:148,11
DA:150,11
DA:151,22
DA:152,22
DA:154,11
DA:157,11
DA:161,11
DA:164,11
DA:165,11
DA:166,11
DA:167,0
DA:168,0
DA:169,22
DA:173,0
DA:175,11
DA:177,11
DA:178,2
DA:182,23
DA:183,3
DA:186,11
DA:192,11
DA:195,11
DA:199,11
DA:200,11
DA:201,22
DA:202,22
DA:203,11
DA:204,11
DA:207,2
DA:217,11
DA:219,11
DA:220,22
DA:221,11
DA:222,22
DA:224,11
DA:225,11
DA:226,11
DA:227,22
DA:228,11
DA:230,11
DA:231,22
DA:232,22
DA:234,11
DA:237,2
DA:240,11
DA:243,2
DA:250,11
DA:253,0
DA:272,11
DA:275,11
DA:277,11
DA:278,11
DA:279,11
DA:280,11
DA:281,11
DA:284,11
DA:285,22
DA:286,11
DA:287,22
DA:289,11
DA:291,11
DA:292,22
DA:293,22
DA:294,11
DA:296,22
DA:297,22
DA:298,22
LF:117
LH:113
end_of_record
SF:lib\services\database_helper.dart
DA:8,6
DA:11,2
DA:15,2
DA:17,2
DA:22,2
DA:23,2
DA:24,2
DA:26,2
DA:29,2
DA:34,1
DA:35,1
DA:44,2
DA:51,2
DA:52,4
DA:54,2
DA:57,2
DA:60,2
DA:61,4
DA:68,1
DA:69,2
DA:70,2
DA:74,2
DA:76,1
LF:23
LH:23
end_of_record
SF:lib\pages\medications_page.dart
DA:9,2
DA:11,4
DA:12,4
DA:18,4
DA:20,4
DA:21,8
DA:28,1
DA:29,2
DA:30,5
DA:31,7
DA:35,4
DA:37,4
DA:38,4
DA:40,4
DA:41,4
DA:42,4
DA:43,4
DA:45,4
DA:46,4
DA:47,4
DA:49,0
DA:54,12
DA:57,4
DA:59,4
DA:60,4
DA:61,4
DA:62,16
DA:65,8
DA:66,4
DA:68,4
DA:69,4
DA:70,4
DA:73,4
DA:74,4
DA:75,4
DA:76,4
DA:84,4
DA:85,4
DA:87,4
DA:88,20
DA:90,24
DA:92,4
DA:93,4
DA:94,8
DA:96,24
DA:105,4
DA:106,4
DA:108,4
DA:110,4
DA:115,4
DA:117,3
DA:142,3
DA:150,1
DA:151,1
DA:152,1
DA:153,1
DA:154,1
DA:155,1
DA:156,0
LF:59
LH:57
end_of_record
SF:lib\pages\messages_page.dart
DA:10,2
DA:12,3
DA:13,3
DA:53,15
DA:55,0
DA:56,0
DA:59,0
DA:61,0
DA:66,3
DA:68,6
DA:69,3
DA:72,3
DA:74,3
DA:75,3
DA:77,3
DA:78,3
DA:79,3
DA:80,3
DA:82,3
DA:83,3
DA:86,3
DA:87,3
DA:88,3
DA:90,0
DA:94,3
DA:96,9
DA:105,3
DA:107,6
DA:111,3
DA:113,3
DA:114,3
DA:115,3
DA:117,6
DA:118,3
DA:120,0
DA:123,3
DA:125,3
DA:127,3
DA:130,3
DA:131,3
DA:135,3
DA:136,15
DA:142,3
DA:143,3
DA:145,3
DA:146,15
DA:148,18
DA:150,18
DA:156,3
DA:158,3
DA:159,18
DA:161,6
DA:162,3
DA:165,3
DA:166,3
DA:170,3
DA:171,6
DA:183,3
DA:186,3
DA:188,3
DA:190,3
DA:191,3
DA:193,9
DA:196,6
DA:199,3
DA:201,3
DA:203,6
DA:204,3
DA:205,3
DA:206,6
DA:207,6
DA:209,3
DA:211,3
DA:212,3
DA:213,3
DA:214,12
DA:216,3
DA:218,3
DA:219,6
DA:220,3
DA:221,6
DA:223,3
DA:225,3
DA:226,3
DA:227,3
DA:228,9
DA:229,3
DA:234,3
DA:235,3
DA:236,9
DA:237,6
DA:251,6
DA:255,3
DA:256,3
DA:257,3
DA:258,3
DA:260,3
DA:261,0
DA:262,0
DA:266,3
DA:268,3
DA:295,2
DA:311,2
LF:103
LH:95
end_of_record
SF:lib\pages\patient_checkin_page.dart
DA:10,2
DA:12,2
DA:13,2
DA:28,2
DA:30,4
DA:31,2
DA:34,0
DA:35,0
DA:36,0
DA:39,2
DA:41,2
DA:43,2
DA:44,2
DA:45,2
DA:46,2
DA:48,4
DA:49,4
DA:50,2
DA:52,0
DA:57,6
DA:60,2
DA:62,2
DA:63,2
DA:64,2
DA:65,2
DA:67,2
DA:68,2
DA:69,10
DA:72,2
DA:74,2
DA:75,10
DA:79,2
DA:80,2
DA:81,4
DA:82,2
DA:83,2
DA:86,4
DA:87,0
DA:90,8
DA:97,2
DA:99,2
DA:100,10
DA:104,2
DA:105,2
DA:111,2
DA:113,2
DA:115,8
DA:121,2
DA:124,2
DA:128,4
DA:130,2
DA:131,8
DA:152,2
DA:154,2
DA:156,2
DA:157,2
DA:159,2
DA:160,2
DA:161,2
DA:162,2
DA:164,2
DA:165,4
DA:166,2
DA:167,6
DA:169,2
DA:170,2
DA:171,4
DA:173,10
LF:68
LH:63
end_of_record
SF:lib\widgets\ui\app_textarea.dart
DA:11,3
DA:20,3
DA:22,3
DA:23,3
DA:24,3
DA:25,3
DA:27,3
DA:28,3
DA:29,3
DA:30,3
DA:31,3
DA:32,3
DA:33,3
DA:35,6
DA:37,3
DA:38,3
DA:39,3
DA:40,6
DA:42,3
DA:43,3
DA:44,9
LF:21
LH:21
end_of_record
SF:lib\pages\patient_dashboard.dart
DA:10,2
DA:12,4
DA:13,4
DA:33,4
DA:35,4
DA:37,4
DA:38,4
DA:39,4
DA:40,4
DA:43,8
DA:44,8
DA:46,4
DA:47,4
DA:48,4
DA:51,12
DA:56,4
DA:57,4
DA:59,4
DA:60,16
DA:61,20
DA:68,12
DA:71,4
DA:73,4
DA:74,4
DA:75,4
DA:97,4
DA:99,4
DA:101,4
DA:102,4
DA:103,4
DA:104,12
DA:106,16
DA:110,20
DA:113,24
DA:116,4
DA:117,4
DA:118,8
DA:119,4
DA:120,4
DA:123,8
DA:124,0
DA:127,16
DA:133,4
DA:136,0
DA:145,4
DA:146,4
DA:147,12
DA:149,16
DA:154,8
DA:155,4
DA:157,4
DA:159,4
DA:160,4
DA:161,4
DA:163,4
DA:164,16
DA:166,24
DA:167,20
DA:171,12
DA:178,4
DA:179,4
DA:180,4
DA:181,4
DA:182,4
DA:185,0
DA:189,4
DA:190,4
DA:193,0
DA:214,4
DA:216,4
DA:218,4
DA:219,4
DA:221,4
DA:222,4
DA:223,4
DA:224,4
DA:226,4
DA:227,8
DA:228,4
DA:229,12
DA:231,4
DA:232,4
DA:233,8
DA:235,20
DA:248,4
DA:250,4
DA:252,4
DA:253,4
DA:254,4
DA:255,4
DA:256,4
DA:258,4
DA:259,8
DA:260,4
DA:261,8
DA:263,4
DA:264,4
DA:265,16
DA:267,20
LF:99
LH:95
end_of_record
SF:lib\pages\patient_list_page.dart
DA:10,2
DA:12,1
DA:13,1
DA:62,1
DA:64,2
DA:65,1
DA:68,1
DA:70,1
DA:72,4
DA:73,2
DA:75,1
DA:76,1
DA:77,1
DA:78,1
DA:80,2
DA:81,2
DA:84,1
DA:86,1
DA:87,1
DA:88,1
DA:89,1
DA:91,0
DA:98,4
DA:100,1
DA:101,1
DA:104,0
DA:111,3
DA:114,1
DA:116,1
DA:117,1
DA:118,1
DA:119,1
DA:120,3
DA:122,1
DA:124,1
DA:126,1
DA:127,1
DA:128,2
DA:130,1
DA:132,1
DA:133,1
DA:134,1
DA:136,1
DA:137,1
DA:138,1
DA:139,1
DA:140,5
DA:142,2
DA:146,6
DA:149,1
DA:150,1
DA:151,3
DA:153,5
DA:157,6
DA:159,1
DA:160,1
DA:161,5
DA:163,2
DA:165,5
DA:173,1
DA:174,1
DA:175,1
DA:177,0
DA:178,3
DA:180,1
DA:182,0
DA:183,3
DA:193,1
DA:213,2
LF:69
LH:65
end_of_record
SF:lib\pages\profile_page.dart
DA:8,2
DA:10,4
DA:12,4
DA:13,4
DA:25,4
DA:26,8
DA:27,12
DA:28,16
DA:29,4
DA:30,4
DA:32,4
DA:33,4
DA:34,4
DA:35,4
DA:37,4
DA:38,4
DA:41,4
DA:42,4
DA:43,4
DA:45,0
DA:49,4
DA:51,12
DA:60,4
DA:62,8
DA:66,4
DA:68,4
DA:69,4
DA:70,4
DA:72,4
DA:74,4
DA:75,4
DA:76,4
DA:79,4
DA:80,4
DA:84,4
DA:94,4
DA:95,4
DA:96,12
DA:100,4
DA:101,4
DA:102,16
DA:112,16
DA:115,4
DA:117,4
DA:118,4
DA:119,4
DA:121,4
DA:123,4
DA:125,8
DA:126,4
DA:128,4
DA:130,4
DA:132,8
DA:133,4
DA:135,4
DA:137,4
DA:139,8
DA:140,4
DA:142,4
DA:144,4
DA:153,16
DA:156,4
DA:158,4
DA:160,4
DA:162,4
DA:178,4
DA:180,4
DA:181,8
DA:191,4
DA:199,4
DA:201,4
DA:203,4
DA:205,4
DA:207,4
DA:208,12
DA:210,4
DA:211,4
DA:213,4
DA:214,24
DA:216,20
DA:235,2
LF:81
LH:80
end_of_record
SF:lib\pages\register_page.dart
DA:13,2
DA:15,1
DA:16,1
DA:35,4
DA:36,3
DA:38,1
DA:39,5
DA:40,2
DA:43,1
DA:44,3
DA:48,1
DA:49,2
DA:50,2
DA:51,5
DA:53,2
DA:57,1
DA:58,2
DA:59,1
DA:60,5
DA:62,2
DA:66,1
DA:68,2
DA:69,2
DA:70,2
DA:71,2
DA:72,2
DA:73,2
DA:74,2
DA:75,2
DA:76,2
DA:77,1
DA:80,1
DA:82,1
DA:83,1
DA:85,1
DA:86,1
DA:87,1
DA:88,1
DA:90,1
DA:92,1
DA:93,1
DA:97,1
DA:99,3
DA:105,1
DA:107,1
DA:108,1
DA:109,1
DA:110,2
DA:113,1
DA:115,1
DA:116,1
DA:117,1
DA:118,4
DA:122,1
DA:124,1
DA:130,1
DA:131,1
DA:132,1
DA:133,1
DA:135,1
DA:137,3
DA:141,1
DA:142,1
DA:144,2
DA:146,5
DA:155,1
DA:158,1
DA:159,2
DA:160,1
DA:161,3
DA:163,1
DA:164,1
DA:165,4
DA:167,1
DA:169,4
DA:187,1
DA:188,1
DA:189,1
DA:191,1
DA:192,1
DA:193,1
DA:196,1
DA:197,1
DA:198,1
DA:199,2
DA:201,4
DA:205,4
DA:207,1
DA:209,4
DA:213,1
DA:215,4
DA:216,1
DA:219,2
DA:223,1
DA:225,0
DA:226,1
DA:229,2
DA:235,1
DA:236,1
DA:239,1
DA:240,4
DA:242,1
DA:245,1
DA:249,1
DA:252,1
DA:256,1
DA:259,1
DA:265,1
DA:266,1
DA:269,1
DA:270,4
DA:272,1
DA:275,1
DA:280,1
DA:283,1
DA:288,1
DA:291,1
DA:295,1
DA:298,1
DA:304,1
DA:305,1
DA:306,1
DA:307,1
DA:310,1
DA:315,1
DA:316,1
DA:319,1
DA:328,1
DA:329,1
DA:332,1
DA:333,4
DA:335,1
DA:337,4
DA:342,1
DA:343,1
DA:346,1
DA:347,4
DA:349,1
DA:350,4
DA:353,3
DA:354,14
DA:355,8
DA:356,8
DA:357,8
DA:358,15
DA:369,1
DA:371,1
DA:373,1
DA:374,1
DA:376,1
DA:378,1
DA:379,1
DA:380,1
DA:381,7
DA:382,6
DA:386,1
DA:387,1
DA:388,1
DA:389,2
DA:391,1
DA:392,1
DA:405,1
DA:411,1
DA:413,1
DA:414,1
DA:416,1
DA:418,1
DA:419,1
DA:420,1
DA:421,3
DA:422,1
DA:424,1
DA:426,1
DA:428,1
DA:430,1
DA:431,5
DA:433,6
DA:445,1
DA:447,1
DA:449,1
DA:451,1
DA:453,1
DA:455,1
DA:456,1
DA:458,6
DA:460,1
DA:461,5
LF:187
LH:186
end_of_record
SF:lib\pages\reports_page.dart
DA:8,2
DA:10,1
DA:12,1
DA:13,1
DA:15,1
DA:22,1
DA:28,1
DA:30,1
DA:32,1
DA:33,1
DA:37,1
DA:38,1
DA:39,1
DA:40,1
DA:42,1
DA:43,1
DA:46,1
DA:47,1
DA:48,1
DA:50,0
DA:54,1
DA:56,3
DA:65,1
DA:67,2
DA:71,1
DA:73,1
DA:74,1
DA:75,1
DA:77,4
DA:80,1
DA:83,1
DA:90,1
DA:91,1
DA:92,1
DA:94,1
DA:96,1
DA:97,2
DA:99,1
DA:100,1
DA:101,3
DA:103,2
DA:107,6
DA:117,1
DA:119,1
DA:120,1
DA:121,2
DA:122,1
DA:123,3
DA:126,1
DA:128,1
DA:131,1
DA:132,1
DA:134,1
DA:135,1
DA:137,3
DA:143,1
DA:145,4
DA:158,1
DA:159,1
DA:160,2
DA:162,4
DA:167,2
DA:168,1
DA:170,0
DA:173,1
DA:175,1
DA:176,5
DA:178,6
DA:202,2
DA:214,2
LF:70
LH:68
end_of_record
SF:lib\pages\schedule_page.dart
DA:9,2
DA:11,3
DA:12,3
DA:23,9
DA:24,9
DA:26,0
DA:27,0
DA:28,0
DA:29,0
DA:30,0
DA:31,0
DA:32,0
DA:35,0
DA:39,0
DA:40,0
DA:45,0
DA:46,0
DA:51,3
DA:53,3
DA:54,3
DA:56,6
DA:58,3
DA:59,3
DA:60,3
DA:61,3
DA:63,3
DA:64,3
DA:67,3
DA:68,3
DA:69,3
DA:71,0
DA:75,3
DA:77,9
DA:86,3
DA:88,6
DA:92,3
DA:94,3
DA:95,3
DA:96,3
DA:98,3
DA:99,3
DA:100,6
DA:102,3
DA:103,9
DA:109,3
DA:110,3
DA:111,3
DA:112,3
DA:114,3
DA:115,3
DA:116,3
DA:117,6
DA:119,3
DA:120,3
DA:121,3
DA:122,3
DA:123,6
DA:124,9
DA:127,6
DA:136,3
DA:137,3
DA:138,3
DA:139,3
DA:140,6
DA:142,0
DA:146,3
DA:147,3
DA:148,6
DA:150,0
DA:159,3
DA:161,3
DA:162,3
DA:164,6
DA:166,3
DA:168,9
DA:172,3
DA:176,12
DA:180,3
DA:182,3
DA:194,3
DA:195,9
DA:198,3
DA:199,3
DA:200,6
DA:202,3
DA:209,3
DA:210,3
DA:213,3
DA:215,3
DA:218,3
DA:233,3
DA:235,9
DA:236,9
DA:237,6
DA:246,3
DA:252,3
DA:254,3
DA:255,3
DA:257,3
DA:258,3
DA:259,3
DA:260,3
DA:262,3
DA:263,9
DA:264,3
DA:265,12
DA:267,3
DA:268,3
DA:269,3
DA:270,9
DA:272,6
DA:286,3
DA:292,3
DA:294,3
DA:295,3
DA:297,3
DA:298,3
DA:299,3
DA:300,3
DA:302,3
DA:303,3
DA:304,3
DA:305,6
DA:307,3
DA:309,3
DA:310,9
DA:312,15
LF:127
LH:112
end_of_record
SF:lib\pages\settings_page.dart
DA:13,2
DA:15,4
DA:16,4
DA:29,4
DA:31,4
DA:32,4
DA:35,4
DA:36,4
DA:37,3
DA:39,6
DA:40,6
DA:41,6
DA:42,6
DA:43,6
DA:44,6
DA:45,6
DA:46,6
DA:50,2
DA:51,2
DA:52,2
DA:55,1
DA:56,1
DA:57,1
DA:59,2
DA:60,0
DA:61,3
DA:65,1
DA:66,1
DA:70,1
DA:71,3
DA:72,0
DA:76,1
DA:77,1
DA:79,1
DA:80,1
DA:81,2
DA:82,0
DA:83,0
DA:85,0
DA:89,1
DA:90,1
DA:92,1
DA:93,1
DA:94,1
DA:95,1
DA:96,1
DA:97,1
DA:98,1
DA:99,1
DA:100,1
DA:102,1
DA:103,2
DA:105,2
DA:106,1
DA:107,1
DA:108,1
DA:109,1
DA:110,1
DA:111,1
DA:112,1
DA:115,1
DA:116,1
DA:117,1
DA:119,3
DA:124,4
DA:126,4
DA:127,4
DA:128,4
DA:130,4
DA:131,4
DA:134,4
DA:135,4
DA:138,0
DA:140,4
DA:143,0
DA:145,4
DA:148,0
DA:152,4
DA:155,4
DA:156,4
DA:159,0
DA:161,4
DA:164,0
DA:166,4
DA:169,0
DA:175,4
DA:176,4
DA:177,4
DA:178,4
DA:180,4
DA:181,4
DA:184,4
DA:185,4
DA:186,4
DA:188,4
DA:192,4
DA:194,12
DA:205,4
DA:207,8
DA:210,4
DA:212,4
DA:213,4
DA:214,4
DA:215,4
DA:216,4
DA:217,4
DA:220,4
DA:223,4
DA:225,12
DA:246,4
DA:250,4
DA:251,4
DA:252,4
DA:255,4
DA:256,1
DA:257,3
DA:258,1
DA:262,4
DA:265,4
DA:266,1
DA:267,3
DA:268,1
DA:272,4
DA:275,4
DA:276,0
DA:277,0
DA:278,0
DA:285,4
DA:289,4
DA:290,4
DA:291,4
DA:294,4
DA:295,0
DA:296,0
DA:297,0
DA:301,4
DA:304,4
DA:305,0
DA:306,0
DA:307,0
DA:311,4
DA:314,4
DA:315,0
DA:316,0
DA:317,0
DA:321,4
DA:324,4
DA:325,0
DA:326,0
DA:327,0
DA:334,8
DA:335,4
DA:336,4
DA:337,12
DA:339,4
DA:340,4
DA:341,12
DA:348,4
DA:350,4
DA:351,4
DA:352,4
DA:358,4
DA:360,4
DA:361,4
DA:362,4
DA:363,4
DA:364,4
DA:370,4
DA:371,8
DA:372,12
DA:376,4
DA:377,12
DA:378,12
DA:379,4
DA:382,4
DA:383,20
DA:384,4
DA:385,4
DA:387,4
DA:389,12
DA:397,4
DA:399,4
DA:400,4
DA:401,4
DA:403,12
DA:408,4
DA:410,12
DA:411,4
DA:415,4
DA:417,12
DA:418,4
DA:423,4
DA:425,4
DA:448,6
DA:455,4
DA:457,4
DA:458,4
DA:460,4
DA:462,4
DA:463,4
DA:464,4
DA:467,4
DA:469,4
DA:470,4
DA:471,4
DA:472,8
DA:474,12
DA:476,4
DA:477,4
DA:478,12
DA:482,4
DA:483,4
DA:484,16
DA:486,8
DA:499,4
DA:506,2
DA:508,2
DA:509,2
DA:511,2
DA:513,2
DA:514,2
DA:515,2
DA:516,4
DA:518,2
DA:519,2
DA:520,2
DA:521,2
DA:523,2
DA:524,2
DA:525,2
DA:526,6
DA:531,2
DA:532,2
DA:533,6
DA:534,2
DA:540,2
DA:541,2
DA:542,2
DA:543,2
DA:554,4
DA:556,1
DA:558,1
DA:559,1
DA:561,1
DA:562,2
DA:563,1
DA:565,1
DA:566,1
DA:567,4
DA:569,1
DA:570,1
DA:571,2
DA:572,3
DA:577,2
DA:589,1
DA:594,1
DA:596,1
DA:597,1
DA:599,1
DA:601,1
DA:603,1
DA:604,1
DA:606,4
DA:609,1
DA:612,1
DA:614,1
DA:615,1
DA:620,1
DA:622,1
DA:623,1
DA:625,3
DA:631,1
DA:633,3
DA:634,1
DA:642,1
DA:643,2
DA:644,1
DA:645,1
DA:646,1
DA:647,1
DA:662,4
DA:674,4
LF:282
LH:256
end_of_record
SF:lib\widgets\accessibility\text_size_control.dart
DA:11,2
DA:13,2
DA:15,2
DA:16,2
DA:18,2
DA:20,2
DA:21,2
DA:23,2
DA:25,2
DA:27,2
DA:28,2
DA:29,2
DA:30,2
DA:34,2
DA:35,0
DA:39,2
DA:40,2
DA:44,2
DA:45,2
DA:49,2
DA:50,2
DA:54,2
DA:55,2
DA:64,2
DA:66,2
DA:68,4
DA:85,2
DA:93,2
DA:95,2
DA:96,2
DA:97,2
DA:98,2
DA:100,2
DA:101,2
DA:103,4
DA:106,4
DA:108,2
DA:110,6
LF:38
LH:37
end_of_record
SF:lib\widgets\accessibility\theme_selector.dart
DA:7,2
DA:9,2
DA:12,2
DA:13,2
DA:14,2
DA:17,2
DA:46,1
DA:47,1
DA:49,1
DA:50,1
DA:53,1
DA:57,2
DA:59,2
DA:60,2
DA:62,2
DA:64,2
DA:65,2
DA:67,6
DA:70,2
DA:71,2
DA:73,4
DA:76,0
DA:77,0
DA:78,0
DA:79,0
DA:81,0
DA:82,0
DA:83,0
DA:92,2
DA:93,2
DA:94,8
DA:95,2
DA:96,2
DA:97,2
DA:98,6
DA:99,4
DA:100,2
DA:103,8
DA:123,2
DA:130,2
DA:132,2
DA:134,2
DA:136,2
DA:137,6
DA:138,2
DA:139,2
DA:141,2
DA:143,2
DA:144,2
DA:145,2
DA:146,2
DA:147,2
DA:150,4
DA:155,2
DA:157,2
DA:158,2
DA:161,2
DA:162,4
DA:163,2
DA:164,6
DA:166,10
DA:169,12
DA:171,2
DA:172,4
DA:173,8
DA:177,2
DA:178,2
DA:181,2
DA:182,2
DA:183,2
DA:209,2
LF:71
LH:64
end_of_record
SF:lib\pages\symptoms_page.dart
DA:10,2
DA:12,2
DA:13,2
DA:37,0
DA:38,0
DA:39,0
DA:40,0
DA:41,0
DA:42,0
DA:47,0
DA:48,0
DA:51,2
DA:53,4
DA:54,2
DA:57,2
DA:59,2
DA:60,2
DA:62,2
DA:63,2
DA:64,2
DA:65,2
DA:67,2
DA:68,2
DA:71,2
DA:72,2
DA:73,2
DA:75,0
DA:79,2
DA:81,6
DA:92,2
DA:94,4
DA:97,2
DA:99,2
DA:100,2
DA:101,2
DA:102,2
DA:104,2
DA:106,2
DA:107,2
DA:109,6
DA:114,2
DA:115,2
DA:117,4
DA:119,2
DA:122,4
DA:124,2
DA:130,2
DA:131,4
DA:132,2
DA:134,0
DA:144,2
DA:146,2
DA:148,2
DA:149,2
DA:151,6
DA:156,2
DA:157,4
DA:161,6
DA:162,0
DA:163,0
DA:167,2
DA:169,2
DA:170,8
DA:171,2
DA:172,2
DA:173,4
DA:176,6
DA:177,4
DA:178,2
DA:179,2
DA:180,4
DA:189,2
DA:192,2
DA:193,2
DA:194,2
DA:195,2
DA:196,2
DA:200,2
DA:201,2
DA:202,6
DA:203,6
DA:205,2
DA:214,2
DA:216,2
DA:218,2
DA:219,2
DA:221,6
DA:226,2
DA:227,2
DA:237,2
DA:239,2
DA:241,2
DA:261,2
DA:268,0
DA:269,0
DA:270,0
DA:271,0
DA:272,0
DA:273,0
DA:282,2
DA:287,2
DA:289,2
DA:290,2
DA:291,6
DA:293,2
DA:295,4
DA:296,10
DA:297,2
DA:298,2
DA:299,2
DA:300,2
DA:302,2
DA:303,4
DA:304,0
DA:305,2
DA:306,2
DA:307,2
DA:308,4
DA:309,0
DA:310,0
DA:313,0
DA:318,2
DA:320,2
DA:321,6
DA:323,2
DA:324,4
DA:326,6
LF:127
LH:105
end_of_record
SF:lib\router\app_router.dart
DA:24,8
DA:25,8
DA:28,8
DA:30,8
DA:31,16
DA:32,8
DA:34,1
DA:35,8
DA:36,1
DA:39,8
DA:40,5
DA:42,5
DA:43,10
DA:44,0
DA:46,0
DA:48,0
DA:54,8
DA:56,8
DA:58,3
DA:59,8
DA:61,1
DA:62,8
DA:64,1
DA:67,8
DA:69,2
DA:70,8
DA:72,1
DA:73,8
DA:75,1
DA:76,8
DA:78,2
DA:79,8
DA:80,1
DA:83,9
DA:84,10
DA:85,10
DA:86,9
DA:92,1
LF:38
LH:35
end_of_record
SF:lib\widgets\navigation\app_layout.dart
DA:11,5
DA:18,5
DA:19,10
DA:20,10
DA:21,10
DA:22,10
DA:24,5
DA:26,5
DA:27,5
DA:28,10
DA:29,5
DA:30,5
DA:32,5
DA:33,5
DA:34,5
LF:15
LH:15
end_of_record
SF:lib\widgets\navigation\bottom_nav.dart
DA:10,6
DA:16,6
DA:17,6
DA:24,6
DA:26,6
DA:27,6
DA:30,6
DA:31,6
DA:32,6
DA:33,6
DA:34,12
DA:35,12
DA:39,0
DA:40,0
DA:41,0
DA:44,1
DA:45,2
DA:46,0
DA:54,0
DA:58,0
DA:63,1
DA:70,1
DA:74,0
DA:79,1
DA:80,1
DA:83,2
DA:85,4
DA:86,1
DA:87,3
DA:90,6
DA:92,6
DA:93,6
DA:96,18
DA:98,6
DA:99,6
DA:101,6
DA:102,1
DA:103,1
DA:104,1
DA:109,1
DA:111,1
DA:112,1
DA:113,1
DA:114,1
DA:115,1
DA:117,1
DA:119,1
DA:120,1
DA:121,3
DA:123,1
DA:126,1
DA:127,0
DA:133,1
DA:134,2
DA:135,2
DA:142,1
DA:143,1
DA:145,1
DA:146,1
DA:148,1
DA:149,1
DA:150,2
DA:152,1
DA:160,1
DA:161,1
DA:162,1
DA:164,4
DA:165,2
DA:185,6
DA:186,6
DA:188,6
DA:190,6
DA:191,6
DA:192,6
DA:193,6
DA:194,18
DA:196,6
DA:199,6
DA:200,4
DA:201,6
DA:203,6
DA:206,6
DA:208,18
DA:228,3
DA:241,1
DA:247,1
DA:249,1
DA:250,1
DA:256,1
DA:258,1
DA:259,2
DA:260,1
DA:261,1
DA:262,1
DA:263,1
DA:265,1
DA:266,3
DA:267,1
DA:268,1
DA:269,3
DA:273,1
DA:274,1
DA:275,1
DA:278,1
DA:279,1
DA:280,1
DA:281,1
DA:284,1
DA:285,2
DA:287,2
DA:291,1
DA:292,1
DA:293,2
DA:296,3
DA:299,2
LF:115
LH:107
end_of_record
SF:lib\providers\auth_provider.dart
DA:5,3
DA:7,1
DA:10,3
DA:13,1
DA:14,3
DA:18,2
DA:19,1
DA:20,2
LF:8
LH:8
end_of_record
SF:lib\models\auth_state.dart
DA:4,2
DA:6,2
DA:7,2
DA:8,0
LF:4
LH:3
end_of_record
SF:lib\theme\app_colors.dart
DA:31,1
LF:1
LH:1
end_of_record
SF:lib\theme\app_text_styles.dart
DA:14,1
DA:15,1
DA:17,1
DA:21,1
DA:25,1
DA:29,1
DA:33,1
DA:37,1
DA:42,1
DA:45,1
DA:49,1
DA:52,1
DA:57,1
DA:60,1
DA:65,1
DA:68,1
LF:16
LH:16
end_of_record
SF:lib\theme\app_theme.dart
DA:6,1
DA:7,1
DA:12,1
DA:14,1
DA:15,1
DA:17,1
DA:18,1
DA:19,1
DA:20,1
DA:24,1
DA:27,1
DA:28,1
DA:29,1
DA:32,1
DA:33,1
DA:34,2
DA:37,1
DA:38,1
DA:39,2
DA:42,1
DA:43,1
DA:50,1
DA:53,1
DA:54,1
DA:56,1
DA:57,1
DA:58,1
DA:63,1
DA:65,1
DA:66,2
DA:67,2
DA:79,1
DA:80,1
DA:85,1
DA:86,2
DA:88,1
DA:89,0
DA:90,0
DA:92,0
DA:93,0
DA:94,0
DA:96,0
DA:99,1
DA:100,2
DA:105,1
DA:106,1
DA:111,1
DA:112,2
DA:114,1
DA:115,0
DA:116,0
DA:117,0
DA:119,0
DA:121,2
DA:122,1
DA:123,0
DA:124,0
DA:125,0
DA:129,1
DA:130,2
DA:137,1
DA:138,1
DA:139,1
DA:140,1
DA:141,1
DA:142,1
LF:66
LH:53
end_of_record
SF:lib\theme\app_theme_provider.dart
DA:5,1
DA:9,1
DA:11,1
DA:13,1
DA:14,1
DA:15,1
LF:6
LH:6
end_of_record
