<?xml version="1.0" encoding="UTF-8"?>
<coverage generated="1773792831881" clover="3.2.0">
  <project timestamp="1773792831881" name="All files">
    <metrics statements="727" coveredstatements="647" conditionals="323" coveredconditionals="262" methods="267" coveredmethods="234" elements="1317" coveredelements="1143" complexity="0" loc="727" ncloc="727" packages="8" files="31" classes="31"/>
    <package name="__tests__.helpers">
      <metrics statements="9" coveredstatements="7" conditionals="4" coveredconditionals="0" methods="4" coveredmethods="2"/>
      <file name="renderWithProviders.tsx" path="/Users/davond/projects/Team4/apps/web_react/src/__tests__/helpers/renderWithProviders.tsx">
        <metrics statements="9" coveredstatements="7" conditionals="4" coveredconditionals="0" methods="4" coveredmethods="2"/>
        <line num="8" count="3" type="stmt"/>
        <line num="15" count="3" type="stmt"/>
        <line num="16" count="3" type="stmt"/>
        <line num="18" count="3" type="stmt"/>
        <line num="30" count="15" type="stmt"/>
        <line num="31" count="15" type="stmt"/>
        <line num="38" count="12" type="stmt"/>
        <line num="50" count="0" type="stmt"/>
        <line num="58" count="0" type="stmt"/>
      </file>
    </package>
    <package name="app.components">
      <metrics statements="302" coveredstatements="259" conditionals="150" coveredconditionals="126" methods="119" coveredmethods="102"/>
      <file name="DashboardHeader.tsx" path="/Users/davond/projects/Team4/apps/web_react/src/app/components/DashboardHeader.tsx">
        <metrics statements="5" coveredstatements="5" conditionals="4" coveredconditionals="2" methods="3" coveredmethods="3"/>
        <line num="8" count="6" type="stmt"/>
        <line num="9" count="6" type="stmt"/>
        <line num="11" count="6" type="stmt"/>
        <line num="14" count="1" type="stmt"/>
        <line num="32" count="1" type="stmt"/>
      </file>
      <file name="DownloadsSection.tsx" path="/Users/davond/projects/Team4/apps/web_react/src/app/components/DownloadsSection.tsx">
        <metrics statements="4" coveredstatements="4" conditionals="2" coveredconditionals="2" methods="2" coveredmethods="2"/>
        <line num="4" count="2" type="stmt"/>
        <line num="47" count="12" type="stmt"/>
        <line num="68" count="48" type="stmt"/>
        <line num="70" count="48" type="stmt"/>
      </file>
      <file name="FeaturesSection.tsx" path="/Users/davond/projects/Team4/apps/web_react/src/app/components/FeaturesSection.tsx">
        <metrics statements="4" coveredstatements="4" conditionals="0" coveredconditionals="0" methods="2" coveredmethods="2"/>
        <line num="4" count="2" type="stmt"/>
        <line num="44" count="10" type="stmt"/>
        <line num="61" count="60" type="stmt"/>
        <line num="63" count="60" type="stmt"/>
      </file>
      <file name="Footer.tsx" path="/Users/davond/projects/Team4/apps/web_react/src/app/components/Footer.tsx">
        <metrics statements="9" coveredstatements="9" conditionals="0" coveredconditionals="0" methods="5" coveredmethods="5"/>
        <line num="4" count="1" type="stmt"/>
        <line num="11" count="1" type="stmt"/>
        <line num="12" count="1" type="stmt"/>
        <line num="13" count="1" type="stmt"/>
        <line num="16" count="8" type="stmt"/>
        <line num="35" count="32" type="stmt"/>
        <line num="54" count="40" type="stmt"/>
        <line num="69" count="40" type="stmt"/>
        <line num="113" count="32" type="stmt"/>
      </file>
      <file name="HelpSection.tsx" path="/Users/davond/projects/Team4/apps/web_react/src/app/components/HelpSection.tsx">
        <metrics statements="8" coveredstatements="8" conditionals="4" coveredconditionals="4" methods="4" coveredmethods="4"/>
        <line num="4" count="2" type="stmt"/>
        <line num="25" count="2" type="stmt"/>
        <line num="59" count="16" type="stmt"/>
        <line num="61" count="16" type="stmt"/>
        <line num="76" count="48" type="stmt"/>
        <line num="78" count="48" type="stmt"/>
        <line num="98" count="96" type="stmt"/>
        <line num="108" count="3" type="cond" truecount="2" falsecount="0"/>
      </file>
      <file name="HeroSection.tsx" path="/Users/davond/projects/Team4/apps/web_react/src/app/components/HeroSection.tsx">
        <metrics statements="14" coveredstatements="14" conditionals="0" coveredconditionals="0" methods="9" coveredmethods="9"/>
        <line num="4" count="2" type="stmt"/>
        <line num="39" count="2" type="stmt"/>
        <line num="42" count="19" type="stmt"/>
        <line num="44" count="19" type="stmt"/>
        <line num="45" count="15" type="stmt"/>
        <line num="46" count="2" type="stmt"/>
        <line num="49" count="15" type="stmt"/>
        <line num="52" count="19" type="stmt"/>
        <line num="54" count="19" type="stmt"/>
        <line num="102" count="57" type="stmt"/>
        <line num="114" count="76" type="stmt"/>
        <line num="116" count="76" type="stmt"/>
        <line num="125" count="2" type="stmt"/>
        <line num="148" count="76" type="stmt"/>
      </file>
      <file name="Navigation.tsx" path="/Users/davond/projects/Team4/apps/web_react/src/app/components/Navigation.tsx">
        <metrics statements="113" coveredstatements="83" conditionals="58" coveredconditionals="45" methods="39" coveredmethods="30"/>
        <line num="33" count="1" type="stmt"/>
        <line num="42" count="1" type="stmt"/>
        <line num="158" count="71" type="stmt"/>
        <line num="159" count="71" type="stmt"/>
        <line num="160" count="71" type="stmt"/>
        <line num="161" count="71" type="stmt"/>
        <line num="162" count="71" type="stmt"/>
        <line num="163" count="71" type="stmt"/>
        <line num="164" count="71" type="stmt"/>
        <line num="165" count="71" type="stmt"/>
        <line num="166" count="71" type="stmt"/>
        <line num="167" count="71" type="stmt"/>
        <line num="168" count="71" type="stmt"/>
        <line num="169" count="71" type="stmt"/>
        <line num="171" count="71" type="stmt"/>
        <line num="172" count="22" type="cond" truecount="2" falsecount="0"/>
        <line num="173" count="17" type="stmt"/>
        <line num="174" count="17" type="stmt"/>
        <line num="175" count="17" type="stmt"/>
        <line num="176" count="17" type="stmt"/>
        <line num="179" count="5" type="stmt"/>
        <line num="180" count="5" type="stmt"/>
        <line num="183" count="71" type="stmt"/>
        <line num="184" count="29" type="cond" truecount="2" falsecount="0"/>
        <line num="185" count="15" type="stmt"/>
        <line num="186" count="15" type="stmt"/>
        <line num="187" count="15" type="stmt"/>
        <line num="190" count="14" type="stmt"/>
        <line num="191" count="14" type="stmt"/>
        <line num="193" count="196" type="cond" truecount="3" falsecount="0"/>
        <line num="198" count="14" type="stmt"/>
        <line num="199" count="14" type="stmt"/>
        <line num="202" count="71" type="stmt"/>
        <line num="203" count="22" type="cond" truecount="2" falsecount="0"/>
        <line num="204" count="17" type="stmt"/>
        <line num="207" count="5" type="stmt"/>
        <line num="208" count="3" type="cond" truecount="1" falsecount="1"/>
        <line num="209" count="3" type="stmt"/>
        <line num="211" count="0" type="stmt"/>
        <line num="214" count="5" type="stmt"/>
        <line num="215" count="5" type="stmt"/>
        <line num="218" count="71" type="stmt"/>
        <line num="219" count="0" type="stmt"/>
        <line num="220" count="0" type="stmt"/>
        <line num="221" count="0" type="stmt"/>
        <line num="223" count="0" type="cond" truecount="0" falsecount="2"/>
        <line num="224" count="0" type="stmt"/>
        <line num="225" count="0" type="stmt"/>
        <line num="226" count="0" type="stmt"/>
        <line num="228" count="0" type="stmt"/>
        <line num="231" count="0" type="stmt"/>
        <line num="234" count="71" type="stmt"/>
        <line num="235" count="0" type="cond" truecount="0" falsecount="2"/>
        <line num="236" count="0" type="stmt"/>
        <line num="237" count="0" type="stmt"/>
        <line num="239" count="0" type="stmt"/>
        <line num="240" count="0" type="stmt"/>
        <line num="241" count="0" type="stmt"/>
        <line num="245" count="71" type="stmt"/>
        <line num="246" count="53" type="stmt"/>
        <line num="247" count="16" type="cond" truecount="2" falsecount="0"/>
        <line num="248" count="2" type="stmt"/>
        <line num="249" count="2" type="stmt"/>
        <line num="250" count="2" type="stmt"/>
        <line num="253" count="14" type="cond" truecount="1" falsecount="1"/>
        <line num="254" count="0" type="stmt"/>
        <line num="257" count="14" type="cond" truecount="1" falsecount="1"/>
        <line num="258" count="0" type="stmt"/>
        <line num="259" count="0" type="stmt"/>
        <line num="262" count="14" type="cond" truecount="1" falsecount="1"/>
        <line num="263" count="0" type="stmt"/>
        <line num="264" count="0" type="stmt"/>
        <line num="267" count="14" type="cond" truecount="2" falsecount="2"/>
        <line num="268" count="0" type="stmt"/>
        <line num="269" count="0" type="stmt"/>
        <line num="273" count="53" type="stmt"/>
        <line num="274" count="53" type="stmt"/>
        <line num="277" count="71" type="stmt"/>
        <line num="278" count="19" type="cond" truecount="2" falsecount="0"/>
        <line num="279" count="19" type="stmt"/>
        <line num="280" count="19" type="stmt"/>
        <line num="284" count="71" type="stmt"/>
        <line num="285" count="15" type="cond" truecount="1" falsecount="1"/>
        <line num="286" count="0" type="stmt"/>
        <line num="289" count="90" type="stmt"/>
        <line num="291" count="15" type="stmt"/>
        <line num="292" count="15" type="stmt"/>
        <line num="294" count="15" type="stmt"/>
        <line num="295" count="90" type="stmt"/>
        <line num="296" count="90" type="stmt"/>
        <line num="298" count="90" type="cond" truecount="2" falsecount="2"/>
        <line num="299" count="0" type="stmt"/>
        <line num="300" count="0" type="stmt"/>
        <line num="304" count="15" type="stmt"/>
        <line num="307" count="15" type="stmt"/>
        <line num="308" count="15" type="stmt"/>
        <line num="309" count="15" type="stmt"/>
        <line num="312" count="71" type="stmt"/>
        <line num="315" count="1" type="stmt"/>
        <line num="330" count="14" type="stmt"/>
        <line num="340" count="22" type="stmt"/>
        <line num="342" count="22" type="stmt"/>
        <line num="348" count="0" type="stmt"/>
        <line num="349" count="0" type="stmt"/>
        <line num="376" count="1" type="stmt"/>
        <line num="388" count="426" type="stmt"/>
        <line num="394" count="0" type="stmt"/>
        <line num="408" count="5" type="stmt"/>
        <line num="418" count="1" type="stmt"/>
        <line num="429" count="2" type="cond" truecount="2" falsecount="0"/>
        <line num="438" count="3" type="stmt"/>
        <line num="456" count="18" type="stmt"/>
        <line num="460" count="0" type="stmt"/>
      </file>
      <file name="PricingSection.tsx" path="/Users/davond/projects/Team4/apps/web_react/src/app/components/PricingSection.tsx">
        <metrics statements="21" coveredstatements="21" conditionals="12" coveredconditionals="12" methods="5" coveredmethods="5"/>
        <line num="7" count="2" type="stmt"/>
        <line num="70" count="14" type="stmt"/>
        <line num="71" count="14" type="stmt"/>
        <line num="72" count="14" type="stmt"/>
        <line num="74" count="14" type="stmt"/>
        <line num="75" count="4" type="cond" truecount="2" falsecount="0"/>
        <line num="76" count="1" type="stmt"/>
        <line num="77" count="1" type="stmt"/>
        <line num="80" count="3" type="cond" truecount="2" falsecount="0"/>
        <line num="81" count="2" type="cond" truecount="2" falsecount="0"/>
        <line num="82" count="1" type="stmt"/>
        <line num="83" count="1" type="stmt"/>
        <line num="86" count="1" type="stmt"/>
        <line num="94" count="1" type="stmt"/>
        <line num="95" count="1" type="stmt"/>
        <line num="98" count="1" type="stmt"/>
        <line num="101" count="14" type="stmt"/>
        <line num="118" count="42" type="stmt"/>
        <line num="120" count="42" type="stmt"/>
        <line num="152" count="4" type="stmt"/>
        <line num="162" count="308" type="stmt"/>
      </file>
      <file name="ResourcesSection.tsx" path="/Users/davond/projects/Team4/apps/web_react/src/app/components/ResourcesSection.tsx">
        <metrics statements="4" coveredstatements="4" conditionals="0" coveredconditionals="0" methods="2" coveredmethods="2"/>
        <line num="4" count="2" type="stmt"/>
        <line num="50" count="11" type="stmt"/>
        <line num="67" count="66" type="stmt"/>
        <line num="69" count="66" type="stmt"/>
      </file>
      <file name="ResponsiveDashboardLayout.tsx" path="/Users/davond/projects/Team4/apps/web_react/src/app/components/ResponsiveDashboardLayout.tsx">
        <metrics statements="19" coveredstatements="18" conditionals="13" coveredconditionals="11" methods="14" coveredmethods="13"/>
        <line num="40" count="64" type="stmt"/>
        <line num="46" count="1" type="stmt"/>
        <line num="54" count="1" type="stmt"/>
        <line num="72" count="39" type="stmt"/>
        <line num="73" count="39" type="stmt"/>
        <line num="75" count="39" type="stmt"/>
        <line num="76" count="29" type="stmt"/>
        <line num="79" count="39" type="cond" truecount="1" falsecount="1"/>
        <line num="81" count="39" type="stmt"/>
        <line num="82" count="2" type="stmt"/>
        <line num="83" count="2" type="stmt"/>
        <line num="86" count="39" type="stmt"/>
        <line num="91" count="0" type="stmt"/>
        <line num="101" count="2" type="stmt"/>
        <line num="115" count="1" type="stmt"/>
        <line num="145" count="1" type="stmt"/>
        <line num="169" count="128" type="stmt"/>
        <line num="175" count="7" type="stmt"/>
        <line num="187" count="1" type="stmt"/>
      </file>
      <file name="ResponsiveSettingsLayout.tsx" path="/Users/davond/projects/Team4/apps/web_react/src/app/components/ResponsiveSettingsLayout.tsx">
        <metrics statements="14" coveredstatements="10" conditionals="16" coveredconditionals="13" methods="11" coveredmethods="7"/>
        <line num="33" count="49" type="stmt"/>
        <line num="34" count="49" type="stmt"/>
        <line num="36" count="49" type="stmt"/>
        <line num="37" count="27" type="stmt"/>
        <line num="40" count="70" type="cond" truecount="1" falsecount="1"/>
        <line num="41" count="49" type="cond" truecount="1" falsecount="1"/>
        <line num="43" count="49" type="stmt"/>
        <line num="48" count="0" type="stmt"/>
        <line num="58" count="1" type="stmt"/>
        <line num="69" count="0" type="stmt"/>
        <line num="74" count="0" type="stmt"/>
        <line num="96" count="0" type="stmt"/>
        <line num="105" count="196" type="stmt"/>
        <line num="111" count="5" type="stmt"/>
      </file>
      <file name="SearchModal.tsx" path="/Users/davond/projects/Team4/apps/web_react/src/app/components/SearchModal.tsx">
        <metrics statements="63" coveredstatements="55" conditionals="29" coveredconditionals="25" methods="20" coveredmethods="17"/>
        <line num="19" count="1" type="stmt"/>
        <line num="135" count="73" type="stmt"/>
        <line num="136" count="73" type="stmt"/>
        <line num="137" count="73" type="stmt"/>
        <line num="138" count="73" type="stmt"/>
        <line num="139" count="73" type="stmt"/>
        <line num="141" count="73" type="stmt"/>
        <line num="142" count="12" type="cond" truecount="2" falsecount="0"/>
        <line num="143" count="1" type="stmt"/>
        <line num="146" count="11" type="stmt"/>
        <line num="147" count="11" type="stmt"/>
        <line num="148" count="11" type="stmt"/>
        <line num="150" count="11" type="stmt"/>
        <line num="151" count="11" type="stmt"/>
        <line num="154" count="73" type="stmt"/>
        <line num="155" count="35" type="cond" truecount="2" falsecount="0"/>
        <line num="156" count="12" type="stmt"/>
        <line num="157" count="12" type="stmt"/>
        <line num="158" count="12" type="stmt"/>
        <line num="161" count="23" type="stmt"/>
        <line num="162" count="23" type="stmt"/>
        <line num="164" count="322" type="cond" truecount="3" falsecount="0"/>
        <line num="169" count="23" type="stmt"/>
        <line num="170" count="23" type="stmt"/>
        <line num="173" count="73" type="stmt"/>
        <line num="174" count="1" type="cond" truecount="1" falsecount="1"/>
        <line num="175" count="1" type="cond" truecount="1" falsecount="1"/>
        <line num="176" count="0" type="stmt"/>
        <line num="177" count="0" type="stmt"/>
        <line num="178" count="0" type="stmt"/>
        <line num="181" count="1" type="stmt"/>
        <line num="184" count="0" type="stmt"/>
        <line num="187" count="1" type="stmt"/>
        <line num="190" count="73" type="stmt"/>
        <line num="191" count="50" type="cond" truecount="2" falsecount="0"/>
        <line num="192" count="2" type="stmt"/>
        <line num="195" count="48" type="stmt"/>
        <line num="196" count="27" type="cond" truecount="2" falsecount="0"/>
        <line num="197" count="1" type="stmt"/>
        <line num="200" count="27" type="cond" truecount="2" falsecount="0"/>
        <line num="201" count="2" type="stmt"/>
        <line num="202" count="2" type="stmt"/>
        <line num="205" count="27" type="cond" truecount="2" falsecount="0"/>
        <line num="206" count="1" type="stmt"/>
        <line num="207" count="1" type="stmt"/>
        <line num="210" count="27" type="cond" truecount="2" falsecount="2"/>
        <line num="211" count="0" type="stmt"/>
        <line num="212" count="0" type="stmt"/>
        <line num="216" count="48" type="stmt"/>
        <line num="217" count="48" type="stmt"/>
        <line num="220" count="73" type="cond" truecount="2" falsecount="0"/>
        <line num="221" count="2" type="stmt"/>
        <line num="224" count="71" type="stmt"/>
        <line num="226" count="71" type="stmt"/>
        <line num="228" count="6" type="stmt"/>
        <line num="235" count="23" type="stmt"/>
        <line num="251" count="110" type="stmt"/>
        <line num="253" count="110" type="stmt"/>
        <line num="258" count="1" type="stmt"/>
        <line num="275" count="192" type="stmt"/>
        <line num="277" count="192" type="stmt"/>
        <line num="283" count="0" type="stmt"/>
        <line num="284" count="0" type="stmt"/>
      </file>
      <file name="ThemeToggle.tsx" path="/Users/davond/projects/Team4/apps/web_react/src/app/components/ThemeToggle.tsx">
        <metrics statements="24" coveredstatements="24" conditionals="12" coveredconditionals="12" methods="3" coveredmethods="3"/>
        <line num="5" count="276" type="stmt"/>
        <line num="6" count="276" type="stmt"/>
        <line num="8" count="276" type="stmt"/>
        <line num="9" count="87" type="stmt"/>
        <line num="10" count="87" type="stmt"/>
        <line num="11" count="87" type="stmt"/>
        <line num="13" count="87" type="cond" truecount="2" falsecount="0"/>
        <line num="14" count="3" type="stmt"/>
        <line num="15" count="3" type="stmt"/>
        <line num="16" count="3" type="stmt"/>
        <line num="19" count="84" type="cond" truecount="2" falsecount="0"/>
        <line num="20" count="1" type="stmt"/>
        <line num="21" count="1" type="stmt"/>
        <line num="22" count="1" type="stmt"/>
        <line num="25" count="83" type="stmt"/>
        <line num="26" count="83" type="stmt"/>
        <line num="29" count="276" type="stmt"/>
        <line num="30" count="4" type="cond" truecount="2" falsecount="0"/>
        <line num="31" count="4" type="stmt"/>
        <line num="32" count="4" type="stmt"/>
        <line num="33" count="4" type="stmt"/>
        <line num="36" count="276" type="cond" truecount="2" falsecount="0"/>
        <line num="37" count="87" type="stmt"/>
        <line num="40" count="189" type="stmt"/>
      </file>
    </package>
    <package name="app.components.figma">
      <metrics statements="6" coveredstatements="6" conditionals="4" coveredconditionals="4" methods="2" coveredmethods="2"/>
      <file name="ImageWithFallback.tsx" path="/Users/davond/projects/Team4/apps/web_react/src/app/components/figma/ImageWithFallback.tsx">
        <metrics statements="6" coveredstatements="6" conditionals="4" coveredconditionals="4" methods="2" coveredmethods="2"/>
        <line num="4" count="1" type="stmt"/>
        <line num="7" count="11" type="stmt"/>
        <line num="8" count="11" type="stmt"/>
        <line num="10" count="11" type="cond" truecount="2" falsecount="0"/>
        <line num="11" count="4" type="stmt"/>
        <line num="20" count="7" type="stmt"/>
      </file>
    </package>
    <package name="app.components.ui">
      <metrics statements="11" coveredstatements="11" conditionals="0" coveredconditionals="0" methods="5" coveredmethods="5"/>
      <file name="use-mobile.ts" path="/Users/davond/projects/Team4/apps/web_react/src/app/components/ui/use-mobile.ts">
        <metrics statements="10" coveredstatements="10" conditionals="0" coveredconditionals="0" methods="4" coveredmethods="4"/>
        <line num="3" count="1" type="stmt"/>
        <line num="6" count="13" type="stmt"/>
        <line num="10" count="13" type="stmt"/>
        <line num="11" count="6" type="stmt"/>
        <line num="12" count="6" type="stmt"/>
        <line num="13" count="1" type="stmt"/>
        <line num="15" count="6" type="stmt"/>
        <line num="16" count="6" type="stmt"/>
        <line num="17" count="6" type="stmt"/>
        <line num="20" count="13" type="stmt"/>
      </file>
      <file name="utils.ts" path="/Users/davond/projects/Team4/apps/web_react/src/app/components/ui/utils.ts">
        <metrics statements="1" coveredstatements="1" conditionals="0" coveredconditionals="0" methods="1" coveredmethods="1"/>
        <line num="5" count="8" type="stmt"/>
      </file>
    </package>
    <package name="app.contexts">
      <metrics statements="107" coveredstatements="101" conditionals="44" coveredconditionals="36" methods="34" coveredmethods="34"/>
      <file name="AuthContext.tsx" path="/Users/davond/projects/Team4/apps/web_react/src/app/contexts/AuthContext.tsx">
        <metrics statements="64" coveredstatements="61" conditionals="28" coveredconditionals="23" methods="15" coveredmethods="15"/>
        <line num="22" count="5" type="stmt"/>
        <line num="25" count="58" type="cond" truecount="1" falsecount="1"/>
        <line num="26" count="0" type="stmt"/>
        <line num="29" count="58" type="stmt"/>
        <line num="30" count="58" type="cond" truecount="2" falsecount="0"/>
        <line num="31" count="42" type="stmt"/>
        <line num="34" count="16" type="stmt"/>
        <line num="35" count="16" type="stmt"/>
        <line num="37" count="0" type="stmt"/>
        <line num="38" count="0" type="stmt"/>
        <line num="43" count="77" type="stmt"/>
        <line num="45" count="77" type="stmt"/>
        <line num="47" count="3" type="stmt"/>
        <line num="50" count="3" type="stmt"/>
        <line num="51" count="3" type="cond" truecount="2" falsecount="0"/>
        <line num="53" count="3" type="cond" truecount="2" falsecount="0"/>
        <line num="55" count="3" type="cond" truecount="2" falsecount="0"/>
        <line num="56" count="2" type="stmt"/>
        <line num="60" count="1" type="stmt"/>
        <line num="62" count="1" type="stmt"/>
        <line num="63" count="1" type="stmt"/>
        <line num="66" count="77" type="stmt"/>
        <line num="68" count="12" type="stmt"/>
        <line num="71" count="12" type="stmt"/>
        <line num="72" count="12" type="cond" truecount="2" falsecount="0"/>
        <line num="74" count="12" type="cond" truecount="2" falsecount="0"/>
        <line num="75" count="1" type="stmt"/>
        <line num="79" count="11" type="stmt"/>
        <line num="87" count="11" type="stmt"/>
        <line num="88" count="11" type="stmt"/>
        <line num="91" count="11" type="stmt"/>
        <line num="93" count="11" type="stmt"/>
        <line num="94" count="11" type="stmt"/>
        <line num="97" count="77" type="stmt"/>
        <line num="98" count="4" type="stmt"/>
        <line num="99" count="4" type="stmt"/>
        <line num="102" count="77" type="stmt"/>
        <line num="103" count="2" type="cond" truecount="2" falsecount="0"/>
        <line num="106" count="1" type="stmt"/>
        <line num="108" count="1" type="stmt"/>
        <line num="109" count="1" type="stmt"/>
        <line num="110" count="1" type="stmt"/>
        <line num="113" count="1" type="stmt"/>
        <line num="114" count="1" type="cond" truecount="1" falsecount="1"/>
        <line num="115" count="1" type="stmt"/>
        <line num="117" count="1" type="cond" truecount="1" falsecount="1"/>
        <line num="118" count="1" type="stmt"/>
        <line num="119" count="1" type="stmt"/>
        <line num="123" count="77" type="stmt"/>
        <line num="124" count="3" type="cond" truecount="2" falsecount="0"/>
        <line num="126" count="2" type="stmt"/>
        <line num="127" count="2" type="stmt"/>
        <line num="128" count="2" type="stmt"/>
        <line num="131" count="2" type="stmt"/>
        <line num="132" count="2" type="cond" truecount="1" falsecount="1"/>
        <line num="133" count="2" type="stmt"/>
        <line num="135" count="2" type="cond" truecount="1" falsecount="1"/>
        <line num="136" count="2" type="stmt"/>
        <line num="137" count="2" type="stmt"/>
        <line num="141" count="77" type="stmt"/>
        <line num="159" count="144" type="stmt"/>
        <line num="160" count="144" type="cond" truecount="2" falsecount="0"/>
        <line num="161" count="4" type="stmt"/>
        <line num="163" count="140" type="stmt"/>
      </file>
      <file name="CartContext.tsx" path="/Users/davond/projects/Team4/apps/web_react/src/app/contexts/CartContext.tsx">
        <metrics statements="43" coveredstatements="40" conditionals="16" coveredconditionals="13" methods="19" coveredmethods="19"/>
        <line num="24" count="5" type="stmt"/>
        <line num="27" count="59" type="cond" truecount="1" falsecount="1"/>
        <line num="28" count="0" type="stmt"/>
        <line num="31" count="59" type="stmt"/>
        <line num="32" count="59" type="cond" truecount="2" falsecount="0"/>
        <line num="33" count="46" type="stmt"/>
        <line num="36" count="13" type="stmt"/>
        <line num="37" count="13" type="stmt"/>
        <line num="39" count="0" type="stmt"/>
        <line num="40" count="0" type="stmt"/>
        <line num="45" count="90" type="stmt"/>
        <line num="48" count="90" type="stmt"/>
        <line num="49" count="90" type="stmt"/>
        <line num="52" count="90" type="stmt"/>
        <line num="53" count="22" type="stmt"/>
        <line num="54" count="22" type="stmt"/>
        <line num="56" count="22" type="cond" truecount="2" falsecount="0"/>
        <line num="58" count="3" type="stmt"/>
        <line num="59" count="3" type="cond" truecount="1" falsecount="1"/>
        <line num="63" count="19" type="stmt"/>
        <line num="75" count="90" type="stmt"/>
        <line num="76" count="6" type="stmt"/>
        <line num="79" count="90" type="stmt"/>
        <line num="80" count="5" type="cond" truecount="2" falsecount="0"/>
        <line num="81" count="3" type="stmt"/>
        <line num="82" count="3" type="stmt"/>
        <line num="85" count="2" type="stmt"/>
        <line num="86" count="2" type="stmt"/>
        <line num="87" count="2" type="cond" truecount="1" falsecount="1"/>
        <line num="92" count="90" type="stmt"/>
        <line num="93" count="1" type="stmt"/>
        <line num="96" count="90" type="stmt"/>
        <line num="97" count="174" type="stmt"/>
        <line num="100" count="90" type="stmt"/>
        <line num="101" count="19" type="stmt"/>
        <line num="103" count="18" type="cond" truecount="2" falsecount="0"/>
        <line num="105" count="17" type="stmt"/>
        <line num="106" count="17" type="stmt"/>
        <line num="110" count="90" type="stmt"/>
        <line num="128" count="153" type="stmt"/>
        <line num="129" count="153" type="cond" truecount="2" falsecount="0"/>
        <line num="130" count="4" type="stmt"/>
        <line num="132" count="149" type="stmt"/>
      </file>
    </package>
    <package name="app.layouts">
      <metrics statements="2" coveredstatements="2" conditionals="0" coveredconditionals="0" methods="2" coveredmethods="2"/>
      <file name="HeroLayout.tsx" path="/Users/davond/projects/Team4/apps/web_react/src/app/layouts/HeroLayout.tsx">
        <metrics statements="1" coveredstatements="1" conditionals="0" coveredconditionals="0" methods="1" coveredmethods="1"/>
        <line num="4" count="3" type="stmt"/>
      </file>
      <file name="RootLayout.tsx" path="/Users/davond/projects/Team4/apps/web_react/src/app/layouts/RootLayout.tsx">
        <metrics statements="1" coveredstatements="1" conditionals="0" coveredconditionals="0" methods="1" coveredmethods="1"/>
        <line num="4" count="3" type="stmt"/>
      </file>
    </package>
    <package name="app.pages">
      <metrics statements="269" coveredstatements="240" conditionals="113" coveredconditionals="89" methods="98" coveredmethods="84"/>
      <file name="CartPage.tsx" path="/Users/davond/projects/Team4/apps/web_react/src/app/pages/CartPage.tsx">
        <metrics statements="31" coveredstatements="27" conditionals="14" coveredconditionals="13" methods="10" coveredmethods="8"/>
        <line num="8" count="20" type="stmt"/>
        <line num="9" count="20" type="stmt"/>
        <line num="10" count="20" type="stmt"/>
        <line num="11" count="20" type="stmt"/>
        <line num="12" count="20" type="stmt"/>
        <line num="14" count="20" type="cond" truecount="2" falsecount="0"/>
        <line num="15" count="1" type="stmt"/>
        <line num="16" count="1" type="stmt"/>
        <line num="19" count="19" type="stmt"/>
        <line num="20" count="2" type="stmt"/>
        <line num="21" count="2" type="stmt"/>
        <line num="22" count="1" type="stmt"/>
        <line num="23" count="1" type="stmt"/>
        <line num="25" count="1" type="stmt"/>
        <line num="26" count="0" type="stmt"/>
        <line num="27" count="0" type="stmt"/>
        <line num="28" count="0" type="stmt"/>
        <line num="29" count="0" type="stmt"/>
        <line num="34" count="19" type="cond" truecount="2" falsecount="0"/>
        <line num="35" count="1" type="stmt"/>
        <line num="51" count="18" type="cond" truecount="2" falsecount="0"/>
        <line num="52" count="4" type="stmt"/>
        <line num="66" count="1" type="stmt"/>
        <line num="76" count="14" type="stmt"/>
        <line num="77" count="14" type="stmt"/>
        <line num="78" count="14" type="stmt"/>
        <line num="80" count="14" type="stmt"/>
        <line num="93" count="14" type="stmt"/>
        <line num="114" count="1" type="stmt"/>
        <line num="123" count="1" type="stmt"/>
        <line num="134" count="1" type="stmt"/>
      </file>
      <file name="Dashboard.tsx" path="/Users/davond/projects/Team4/apps/web_react/src/app/pages/Dashboard.tsx">
        <metrics statements="77" coveredstatements="70" conditionals="49" coveredconditionals="35" methods="32" coveredmethods="31"/>
        <line num="65" count="1" type="stmt"/>
        <line num="71" count="1" type="stmt"/>
        <line num="98" count="1" type="stmt"/>
        <line num="104" count="1" type="stmt"/>
        <line num="110" count="1" type="stmt"/>
        <line num="118" count="19" type="stmt"/>
        <line num="122" count="13" type="cond" truecount="2" falsecount="0"/>
        <line num="123" count="11" type="stmt"/>
        <line num="126" count="2" type="cond" truecount="1" falsecount="1"/>
        <line num="127" count="2" type="stmt"/>
        <line num="130" count="0" type="stmt"/>
        <line num="134" count="8" type="cond" truecount="2" falsecount="0"/>
        <line num="135" count="4" type="stmt"/>
        <line num="138" count="4" type="cond" truecount="1" falsecount="1"/>
        <line num="139" count="0" type="stmt"/>
        <line num="142" count="4" type="stmt"/>
        <line num="146" count="17" type="stmt"/>
        <line num="164" count="36" type="stmt"/>
        <line num="186" count="19" type="stmt"/>
        <line num="204" count="35" type="stmt"/>
        <line num="213" count="25" type="stmt"/>
        <line num="214" count="25" type="stmt"/>
        <line num="215" count="25" type="cond" truecount="1" falsecount="1"/>
        <line num="216" count="25" type="stmt"/>
        <line num="217" count="25" type="cond" truecount="1" falsecount="1"/>
        <line num="219" count="25" type="stmt"/>
        <line num="220" count="12" type="cond" truecount="1" falsecount="1"/>
        <line num="221" count="0" type="stmt"/>
        <line num="225" count="25" type="stmt"/>
        <line num="226" count="12" type="cond" truecount="1" falsecount="1"/>
        <line num="227" count="12" type="stmt"/>
        <line num="231" count="25" type="stmt"/>
        <line num="232" count="14" type="cond" truecount="1" falsecount="1"/>
        <line num="236" count="25" type="cond" truecount="2" falsecount="0"/>
        <line num="250" count="25" type="stmt"/>
        <line num="251" count="0" type="stmt"/>
        <line num="252" count="0" type="stmt"/>
        <line num="255" count="25" type="stmt"/>
        <line num="256" count="100" type="stmt"/>
        <line num="258" count="25" type="stmt"/>
        <line num="259" count="7" type="stmt"/>
        <line num="302" count="14" type="stmt"/>
        <line num="328" count="25" type="stmt"/>
        <line num="329" count="5" type="stmt"/>
        <line num="342" count="10" type="stmt"/>
        <line num="364" count="25" type="stmt"/>
        <line num="365" count="2" type="stmt"/>
        <line num="374" count="6" type="stmt"/>
        <line num="403" count="25" type="stmt"/>
        <line num="404" count="2" type="stmt"/>
        <line num="413" count="6" type="stmt"/>
        <line num="434" count="25" type="stmt"/>
        <line num="435" count="2" type="stmt"/>
        <line num="444" count="6" type="stmt"/>
        <line num="465" count="25" type="stmt"/>
        <line num="466" count="2" type="stmt"/>
        <line num="475" count="8" type="stmt"/>
        <line num="503" count="25" type="stmt"/>
        <line num="504" count="5" type="stmt"/>
        <line num="515" count="1" type="stmt"/>
        <line num="518" count="20" type="stmt"/>
        <line num="539" count="15" type="stmt"/>
        <line num="579" count="25" type="stmt"/>
        <line num="580" count="25" type="cond" truecount="2" falsecount="0"/>
        <line num="581" count="13" type="cond" truecount="5" falsecount="0"/>
        <line num="583" count="2" type="stmt"/>
        <line num="585" count="2" type="stmt"/>
        <line num="587" count="2" type="stmt"/>
        <line num="590" count="7" type="stmt"/>
        <line num="594" count="12" type="cond" truecount="4" falsecount="1"/>
        <line num="596" count="2" type="stmt"/>
        <line num="598" count="0" type="stmt"/>
        <line num="600" count="5" type="stmt"/>
        <line num="603" count="5" type="stmt"/>
        <line num="607" count="25" type="cond" truecount="1" falsecount="1"/>
        <line num="608" count="0" type="stmt"/>
        <line num="611" count="25" type="stmt"/>
      </file>
      <file name="HomePage.tsx" path="/Users/davond/projects/Team4/apps/web_react/src/app/pages/HomePage.tsx">
        <metrics statements="1" coveredstatements="1" conditionals="0" coveredconditionals="0" methods="1" coveredmethods="1"/>
        <line num="9" count="6" type="stmt"/>
      </file>
      <file name="LandingPage.tsx" path="/Users/davond/projects/Team4/apps/web_react/src/app/pages/LandingPage.tsx">
        <metrics statements="3" coveredstatements="3" conditionals="0" coveredconditionals="0" methods="2" coveredmethods="2"/>
        <line num="5" count="4" type="stmt"/>
        <line num="7" count="4" type="stmt"/>
        <line num="33" count="1" type="stmt"/>
      </file>
      <file name="LoginPage.tsx" path="/Users/davond/projects/Team4/apps/web_react/src/app/pages/LoginPage.tsx">
        <metrics statements="29" coveredstatements="29" conditionals="10" coveredconditionals="10" methods="5" coveredmethods="5"/>
        <line num="7" count="5" type="stmt"/>
        <line num="11" count="126" type="stmt"/>
        <line num="12" count="126" type="stmt"/>
        <line num="13" count="126" type="stmt"/>
        <line num="14" count="126" type="stmt"/>
        <line num="15" count="126" type="stmt"/>
        <line num="16" count="126" type="stmt"/>
        <line num="18" count="126" type="stmt"/>
        <line num="19" count="6" type="stmt"/>
        <line num="20" count="6" type="stmt"/>
        <line num="21" count="6" type="stmt"/>
        <line num="23" count="6" type="cond" truecount="2" falsecount="0"/>
        <line num="24" count="1" type="stmt"/>
        <line num="25" count="1" type="stmt"/>
        <line num="28" count="5" type="cond" truecount="2" falsecount="0"/>
        <line num="29" count="1" type="stmt"/>
        <line num="30" count="1" type="stmt"/>
        <line num="33" count="4" type="cond" truecount="2" falsecount="0"/>
        <line num="34" count="1" type="stmt"/>
        <line num="35" count="1" type="stmt"/>
        <line num="38" count="3" type="stmt"/>
        <line num="40" count="3" type="stmt"/>
        <line num="41" count="3" type="stmt"/>
        <line num="42" count="1" type="stmt"/>
        <line num="44" count="1" type="stmt"/>
        <line num="46" count="2" type="stmt"/>
        <line num="50" count="126" type="stmt"/>
        <line num="84" count="76" type="stmt"/>
        <line num="103" count="31" type="stmt"/>
      </file>
      <file name="ProfilePage.tsx" path="/Users/davond/projects/Team4/apps/web_react/src/app/pages/ProfilePage.tsx">
        <metrics statements="29" coveredstatements="26" conditionals="10" coveredconditionals="6" methods="9" coveredmethods="8"/>
        <line num="19" count="41" type="stmt"/>
        <line num="20" count="41" type="stmt"/>
        <line num="21" count="41" type="stmt"/>
        <line num="22" count="41" type="cond" truecount="1" falsecount="1"/>
        <line num="23" count="41" type="stmt"/>
        <line num="25" count="41" type="stmt"/>
        <line num="26" count="8" type="cond" truecount="1" falsecount="1"/>
        <line num="27" count="0" type="stmt"/>
        <line num="31" count="41" type="stmt"/>
        <line num="32" count="2" type="stmt"/>
        <line num="34" count="2" type="stmt"/>
        <line num="35" count="2" type="stmt"/>
        <line num="36" count="2" type="stmt"/>
        <line num="38" count="2" type="stmt"/>
        <line num="42" count="41" type="stmt"/>
        <line num="43" count="1" type="cond" truecount="1" falsecount="1"/>
        <line num="44" count="1" type="stmt"/>
        <line num="46" count="1" type="stmt"/>
        <line num="49" count="41" type="stmt"/>
        <line num="50" count="1" type="stmt"/>
        <line num="51" count="1" type="stmt"/>
        <line num="54" count="41" type="cond" truecount="1" falsecount="1"/>
        <line num="55" count="0" type="stmt"/>
        <line num="58" count="41" type="stmt"/>
        <line num="64" count="41" type="stmt"/>
        <line num="69" count="1" type="stmt"/>
        <line num="74" count="0" type="stmt"/>
        <line num="122" count="24" type="stmt"/>
        <line num="134" count="4" type="stmt"/>
      </file>
      <file name="RoleSelection.tsx" path="/Users/davond/projects/Team4/apps/web_react/src/app/pages/RoleSelection.tsx">
        <metrics statements="15" coveredstatements="13" conditionals="4" coveredconditionals="2" methods="7" coveredmethods="7"/>
        <line num="7" count="8" type="stmt"/>
        <line num="8" count="8" type="stmt"/>
        <line num="10" count="8" type="stmt"/>
        <line num="11" count="8" type="cond" truecount="1" falsecount="1"/>
        <line num="12" count="0" type="stmt"/>
        <line num="16" count="8" type="stmt"/>
        <line num="17" count="2" type="stmt"/>
        <line num="18" count="2" type="stmt"/>
        <line num="21" count="8" type="cond" truecount="1" falsecount="1"/>
        <line num="22" count="0" type="stmt"/>
        <line num="25" count="8" type="stmt"/>
        <line num="42" count="1" type="stmt"/>
        <line num="54" count="32" type="stmt"/>
        <line num="70" count="1" type="stmt"/>
        <line num="81" count="32" type="stmt"/>
      </file>
      <file name="SettingsPage.tsx" path="/Users/davond/projects/Team4/apps/web_react/src/app/pages/SettingsPage.tsx">
        <metrics statements="47" coveredstatements="34" conditionals="14" coveredconditionals="11" methods="25" coveredmethods="15"/>
        <line num="38" count="1" type="stmt"/>
        <line num="68" count="71" type="stmt"/>
        <line num="99" count="1" type="stmt"/>
        <line num="111" count="26" type="stmt"/>
        <line num="112" count="26" type="stmt"/>
        <line num="113" count="26" type="stmt"/>
        <line num="114" count="26" type="stmt"/>
        <line num="116" count="26" type="stmt"/>
        <line num="117" count="13" type="stmt"/>
        <line num="118" count="13" type="cond" truecount="1" falsecount="1"/>
        <line num="119" count="13" type="stmt"/>
        <line num="122" count="0" type="stmt"/>
        <line num="123" count="0" type="stmt"/>
        <line num="129" count="26" type="stmt"/>
        <line num="130" count="15" type="stmt"/>
        <line num="133" count="26" type="stmt"/>
        <line num="134" count="14" type="stmt"/>
        <line num="137" count="26" type="stmt"/>
        <line num="138" count="5" type="stmt"/>
        <line num="141" count="26" type="stmt"/>
        <line num="142" count="3" type="stmt"/>
        <line num="143" count="3" type="stmt"/>
        <line num="144" count="3" type="stmt"/>
        <line num="147" count="26" type="cond" truecount="1" falsecount="1"/>
        <line num="148" count="0" type="stmt"/>
        <line num="151" count="26" type="stmt"/>
        <line num="159" count="26" type="stmt"/>
        <line num="172" count="104" type="stmt"/>
        <line num="177" count="2" type="stmt"/>
        <line num="193" count="1" type="stmt"/>
        <line num="201" count="0" type="stmt"/>
        <line num="209" count="1" type="stmt"/>
        <line num="215" count="26" type="stmt"/>
        <line num="224" count="0" type="stmt"/>
        <line num="231" count="0" type="stmt"/>
        <line num="238" count="0" type="stmt"/>
        <line num="244" count="26" type="stmt"/>
        <line num="254" count="0" type="stmt"/>
        <line num="262" count="0" type="stmt"/>
        <line num="270" count="0" type="stmt"/>
        <line num="279" count="0" type="stmt"/>
        <line num="286" count="0" type="stmt"/>
        <line num="292" count="26" type="stmt"/>
        <line num="302" count="1" type="stmt"/>
        <line num="325" count="0" type="stmt"/>
        <line num="352" count="26" type="stmt"/>
        <line num="359" count="26" type="stmt"/>
      </file>
      <file name="SignupPage.tsx" path="/Users/davond/projects/Team4/apps/web_react/src/app/pages/SignupPage.tsx">
        <metrics statements="37" coveredstatements="37" conditionals="12" coveredconditionals="12" methods="7" coveredmethods="7"/>
        <line num="7" count="6" type="stmt"/>
        <line num="11" count="239" type="stmt"/>
        <line num="12" count="239" type="stmt"/>
        <line num="13" count="239" type="stmt"/>
        <line num="14" count="239" type="stmt"/>
        <line num="15" count="239" type="stmt"/>
        <line num="16" count="239" type="stmt"/>
        <line num="17" count="239" type="stmt"/>
        <line num="18" count="239" type="stmt"/>
        <line num="20" count="239" type="stmt"/>
        <line num="21" count="7" type="stmt"/>
        <line num="22" count="7" type="stmt"/>
        <line num="23" count="7" type="stmt"/>
        <line num="24" count="7" type="stmt"/>
        <line num="26" count="7" type="cond" truecount="2" falsecount="0"/>
        <line num="27" count="1" type="stmt"/>
        <line num="28" count="1" type="stmt"/>
        <line num="31" count="6" type="cond" truecount="2" falsecount="0"/>
        <line num="32" count="1" type="stmt"/>
        <line num="33" count="1" type="stmt"/>
        <line num="36" count="5" type="cond" truecount="2" falsecount="0"/>
        <line num="37" count="1" type="stmt"/>
        <line num="38" count="1" type="stmt"/>
        <line num="41" count="4" type="cond" truecount="2" falsecount="0"/>
        <line num="42" count="1" type="stmt"/>
        <line num="43" count="1" type="stmt"/>
        <line num="46" count="3" type="stmt"/>
        <line num="48" count="3" type="stmt"/>
        <line num="49" count="3" type="stmt"/>
        <line num="50" count="1" type="stmt"/>
        <line num="52" count="1" type="stmt"/>
        <line num="54" count="2" type="stmt"/>
        <line num="58" count="239" type="stmt"/>
        <line num="97" count="49" type="stmt"/>
        <line num="116" count="93" type="stmt"/>
        <line num="135" count="39" type="stmt"/>
        <line num="154" count="39" type="stmt"/>
      </file>
    </package>
    <package name="app.utils">
      <metrics statements="21" coveredstatements="21" conditionals="8" coveredconditionals="7" methods="3" coveredmethods="3"/>
      <file name="accessibility.ts" path="/Users/davond/projects/Team4/apps/web_react/src/app/utils/accessibility.ts">
        <metrics statements="21" coveredstatements="21" conditionals="8" coveredconditionals="7" methods="3" coveredmethods="3"/>
        <line num="9" count="24" type="stmt"/>
        <line num="13" count="21" type="stmt"/>
        <line num="15" count="21" type="cond" truecount="2" falsecount="0"/>
        <line num="16" count="3" type="stmt"/>
        <line num="17" count="3" type="stmt"/>
        <line num="18" count="3" type="stmt"/>
        <line num="19" count="3" type="stmt"/>
        <line num="22" count="18" type="stmt"/>
        <line num="23" count="18" type="stmt"/>
        <line num="24" count="18" type="stmt"/>
        <line num="28" count="5" type="stmt"/>
        <line num="30" count="5" type="cond" truecount="2" falsecount="0"/>
        <line num="31" count="1" type="stmt"/>
        <line num="32" count="1" type="stmt"/>
        <line num="33" count="1" type="stmt"/>
        <line num="36" count="4" type="stmt"/>
        <line num="37" count="4" type="stmt"/>
        <line num="38" count="3" type="cond" truecount="2" falsecount="0"/>
        <line num="39" count="3" type="cond" truecount="1" falsecount="1"/>
        <line num="41" count="1" type="stmt"/>
        <line num="42" count="1" type="stmt"/>
      </file>
    </package>
  </project>
</coverage>
