{"/Users/davond/projects/Team4/apps/web_react/src/app/components/ThemeToggle.tsx": {"path":"/Users/davond/projects/Team4/apps/web_react/src/app/components/ThemeToggle.tsx","statementMap":{"0":{"start":{"line":5,"column":28},"end":{"line":5,"column":62}},"1":{"start":{"line":6,"column":32},"end":{"line":6,"column":47}},"2":{"start":{"line":8,"column":2},"end":{"line":27,"column":9}},"3":{"start":{"line":9,"column":4},"end":{"line":9,"column":21}},"4":{"start":{"line":10,"column":23},"end":{"line":10,"column":79}},"5":{"start":{"line":11,"column":24},"end":{"line":11,"column":81}},"6":{"start":{"line":13,"column":4},"end":{"line":17,"column":5}},"7":{"start":{"line":14,"column":6},"end":{"line":14,"column":27}},"8":{"start":{"line":15,"column":6},"end":{"line":15,"column":79}},"9":{"start":{"line":16,"column":6},"end":{"line":16,"column":13}},"10":{"start":{"line":19,"column":4},"end":{"line":23,"column":5}},"11":{"start":{"line":20,"column":6},"end":{"line":20,"column":23}},"12":{"start":{"line":21,"column":6},"end":{"line":21,"column":53}},"13":{"start":{"line":22,"column":6},"end":{"line":22,"column":13}},"14":{"start":{"line":25,"column":4},"end":{"line":25,"column":22}},"15":{"start":{"line":26,"column":4},"end":{"line":26,"column":54}},"16":{"start":{"line":29,"column":22},"end":{"line":34,"column":3}},"17":{"start":{"line":30,"column":22},"end":{"line":30,"column":57}},"18":{"start":{"line":31,"column":4},"end":{"line":31,"column":24}},"19":{"start":{"line":32,"column":4},"end":{"line":32,"column":76}},"20":{"start":{"line":33,"column":4},"end":{"line":33,"column":45}},"21":{"start":{"line":36,"column":2},"end":{"line":38,"column":3}},"22":{"start":{"line":37,"column":4},"end":{"line":37,"column":76}},"23":{"start":{"line":40,"column":2},"end":{"line":57,"column":4}}},"fnMap":{"0":{"name":"ThemeToggle","decl":{"start":{"line":4,"column":16},"end":{"line":4,"column":27}},"loc":{"start":{"line":4,"column":30},"end":{"line":58,"column":1}},"line":4},"1":{"name":"(anonymous_1)","decl":{"start":{"line":8,"column":12},"end":{"line":8,"column":13}},"loc":{"start":{"line":8,"column":18},"end":{"line":27,"column":3}},"line":8},"2":{"name":"(anonymous_2)","decl":{"start":{"line":29,"column":22},"end":{"line":29,"column":23}},"loc":{"start":{"line":29,"column":28},"end":{"line":34,"column":3}},"line":29}},"branchMap":{"0":{"loc":{"start":{"line":13,"column":4},"end":{"line":17,"column":5}},"type":"if","locations":[{"start":{"line":13,"column":4},"end":{"line":17,"column":5}},{"start":{},"end":{}}],"line":13},"1":{"loc":{"start":{"line":19,"column":4},"end":{"line":23,"column":5}},"type":"if","locations":[{"start":{"line":19,"column":4},"end":{"line":23,"column":5}},{"start":{},"end":{}}],"line":19},"2":{"loc":{"start":{"line":30,"column":22},"end":{"line":30,"column":57}},"type":"cond-expr","locations":[{"start":{"line":30,"column":41},"end":{"line":30,"column":48}},{"start":{"line":30,"column":51},"end":{"line":30,"column":57}}],"line":30},"3":{"loc":{"start":{"line":36,"column":2},"end":{"line":38,"column":3}},"type":"if","locations":[{"start":{"line":36,"column":2},"end":{"line":38,"column":3}},{"start":{},"end":{}}],"line":36},"4":{"loc":{"start":{"line":45,"column":31},"end":{"line":45,"column":66}},"type":"cond-expr","locations":[{"start":{"line":45,"column":50},"end":{"line":45,"column":57}},{"start":{"line":45,"column":60},"end":{"line":45,"column":66}}],"line":45},"5":{"loc":{"start":{"line":46,"column":26},"end":{"line":46,"column":61}},"type":"cond-expr","locations":[{"start":{"line":46,"column":45},"end":{"line":46,"column":52}},{"start":{"line":46,"column":55},"end":{"line":46,"column":61}}],"line":46}},"s":{"0":24,"1":24,"2":24,"3":10,"4":10,"5":10,"6":10,"7":3,"8":3,"9":3,"10":7,"11":1,"12":1,"13":1,"14":6,"15":6,"16":24,"17":4,"18":4,"19":4,"20":4,"21":24,"22":10,"23":14},"f":{"0":24,"1":10,"2":4},"b":{"0":[3,7],"1":[1,6],"2":[1,3],"3":[10,14],"4":[7,7],"5":[7,7]},"_coverageSchema":"1a1c01bbd47fc00a2c39e90264f33305004495a9","hash":"52839b59ec4ffcf091a80e414cc3a8ce51cd1329"}
,"/Users/davond/projects/Team4/apps/web_react/src/app/components/figma/ImageWithFallback.tsx": {"path":"/Users/davond/projects/Team4/apps/web_react/src/app/components/figma/ImageWithFallback.tsx","statementMap":{"0":{"start":{"line":4,"column":2},"end":{"line":4,"column":386}},"1":{"start":{"line":7,"column":34},"end":{"line":7,"column":49}},"2":{"start":{"line":8,"column":58},"end":{"line":8,"column":63}},"3":{"start":{"line":10,"column":2},"end":{"line":18,"column":3}},"4":{"start":{"line":11,"column":4},"end":{"line":17,"column":5}},"5":{"start":{"line":20,"column":2},"end":{"line":20,"column":102}},"6":{"start":{"line":20,"column":81},"end":{"line":20,"column":98}}},"fnMap":{"0":{"name":"ImageWithFallback","decl":{"start":{"line":6,"column":16},"end":{"line":6,"column":33}},"loc":{"start":{"line":6,"column":84},"end":{"line":21,"column":1}},"line":6},"1":{"name":"(anonymous_1)","decl":{"start":{"line":20,"column":75},"end":{"line":20,"column":76}},"loc":{"start":{"line":20,"column":81},"end":{"line":20,"column":98}},"line":20}},"branchMap":{"0":{"loc":{"start":{"line":10,"column":2},"end":{"line":18,"column":3}},"type":"if","locations":[{"start":{"line":10,"column":2},"end":{"line":18,"column":3}},{"start":{},"end":{}}],"line":10},"1":{"loc":{"start":{"line":12,"column":40},"end":{"line":12,"column":55}},"type":"binary-expr","locations":[{"start":{"line":12,"column":40},"end":{"line":12,"column":49}},{"start":{"line":12,"column":53},"end":{"line":12,"column":55}}],"line":12}},"s":{"0":1,"1":11,"2":11,"3":11,"4":4,"5":7,"6":4},"f":{"0":11,"1":4},"b":{"0":[4,7],"1":[4,3]},"_coverageSchema":"1a1c01bbd47fc00a2c39e90264f33305004495a9","hash":"eba9aea49345bde18e316daf95bf33fc733ef358"}
,"/Users/davond/projects/Team4/apps/web_react/src/app/components/ui/use-mobile.ts": {"path":"/Users/davond/projects/Team4/apps/web_react/src/app/components/ui/use-mobile.ts","statementMap":{"0":{"start":{"line":3,"column":26},"end":{"line":3,"column":29}},"1":{"start":{"line":6,"column":34},"end":{"line":8,"column":3}},"2":{"start":{"line":10,"column":2},"end":{"line":18,"column":9}},"3":{"start":{"line":11,"column":16},"end":{"line":11,"column":76}},"4":{"start":{"line":12,"column":21},"end":{"line":14,"column":5}},"5":{"start":{"line":13,"column":6},"end":{"line":13,"column":57}},"6":{"start":{"line":15,"column":4},"end":{"line":15,"column":45}},"7":{"start":{"line":16,"column":4},"end":{"line":16,"column":55}},"8":{"start":{"line":17,"column":4},"end":{"line":17,"column":61}},"9":{"start":{"line":17,"column":17},"end":{"line":17,"column":60}},"10":{"start":{"line":20,"column":2},"end":{"line":20,"column":20}}},"fnMap":{"0":{"name":"useIsMobile","decl":{"start":{"line":5,"column":16},"end":{"line":5,"column":27}},"loc":{"start":{"line":5,"column":30},"end":{"line":21,"column":1}},"line":5},"1":{"name":"(anonymous_1)","decl":{"start":{"line":10,"column":18},"end":{"line":10,"column":19}},"loc":{"start":{"line":10,"column":24},"end":{"line":18,"column":3}},"line":10},"2":{"name":"(anonymous_2)","decl":{"start":{"line":12,"column":21},"end":{"line":12,"column":22}},"loc":{"start":{"line":12,"column":27},"end":{"line":14,"column":5}},"line":12},"3":{"name":"(anonymous_3)","decl":{"start":{"line":17,"column":11},"end":{"line":17,"column":12}},"loc":{"start":{"line":17,"column":17},"end":{"line":17,"column":60}},"line":17}},"branchMap":{},"s":{"0":1,"1":13,"2":13,"3":6,"4":6,"5":1,"6":6,"7":6,"8":6,"9":6,"10":13},"f":{"0":13,"1":6,"2":1,"3":6},"b":{},"_coverageSchema":"1a1c01bbd47fc00a2c39e90264f33305004495a9","hash":"ce8e720040764ef253d52bb0fae0b11e89b19c1b"}
,"/Users/davond/projects/Team4/apps/web_react/src/app/components/ui/utils.ts": {"path":"/Users/davond/projects/Team4/apps/web_react/src/app/components/ui/utils.ts","statementMap":{"0":{"start":{"line":5,"column":2},"end":{"line":5,"column":31}}},"fnMap":{"0":{"name":"cn","decl":{"start":{"line":4,"column":16},"end":{"line":4,"column":18}},"loc":{"start":{"line":4,"column":44},"end":{"line":6,"column":1}},"line":4}},"branchMap":{},"s":{"0":8},"f":{"0":8},"b":{},"_coverageSchema":"1a1c01bbd47fc00a2c39e90264f33305004495a9","hash":"425b47860c6b5bb9ed16b2f9bef85cb24f37bb7a"}
,"/Users/davond/projects/Team4/apps/web_react/src/app/contexts/AuthContext.tsx": {"path":"/Users/davond/projects/Team4/apps/web_react/src/app/contexts/AuthContext.tsx","statementMap":{"0":{"start":{"line":22,"column":20},"end":{"line":22,"column":73}},"1":{"start":{"line":25,"column":2},"end":{"line":27,"column":3}},"2":{"start":{"line":26,"column":4},"end":{"line":26,"column":16}},"3":{"start":{"line":29,"column":21},"end":{"line":29,"column":61}},"4":{"start":{"line":30,"column":2},"end":{"line":32,"column":3}},"5":{"start":{"line":31,"column":4},"end":{"line":31,"column":16}},"6":{"start":{"line":34,"column":2},"end":{"line":39,"column":3}},"7":{"start":{"line":35,"column":4},"end":{"line":35,"column":42}},"8":{"start":{"line":37,"column":4},"end":{"line":37,"column":48}},"9":{"start":{"line":38,"column":4},"end":{"line":38,"column":16}},"10":{"start":{"line":43,"column":26},"end":{"line":43,"column":63}},"11":{"start":{"line":45,"column":16},"end":{"line":64,"column":3}},"12":{"start":{"line":47,"column":4},"end":{"line":47,"column":61}},"13":{"start":{"line":47,"column":35},"end":{"line":47,"column":59}},"14":{"start":{"line":50,"column":22},"end":{"line":50,"column":63}},"15":{"start":{"line":51,"column":54},"end":{"line":51,"column":92}},"16":{"start":{"line":53,"column":22},"end":{"line":53,"column":85}},"17":{"start":{"line":53,"column":40},"end":{"line":53,"column":84}},"18":{"start":{"line":55,"column":4},"end":{"line":57,"column":5}},"19":{"start":{"line":56,"column":6},"end":{"line":56,"column":51}},"20":{"start":{"line":60,"column":52},"end":{"line":60,"column":61}},"21":{"start":{"line":62,"column":4},"end":{"line":62,"column":33}},"22":{"start":{"line":63,"column":4},"end":{"line":63,"column":82}},"23":{"start":{"line":66,"column":17},"end":{"line":95,"column":3}},"24":{"start":{"line":68,"column":4},"end":{"line":68,"column":61}},"25":{"start":{"line":68,"column":35},"end":{"line":68,"column":59}},"26":{"start":{"line":71,"column":22},"end":{"line":71,"column":63}},"27":{"start":{"line":72,"column":54},"end":{"line":72,"column":92}},"28":{"start":{"line":74,"column":4},"end":{"line":76,"column":5}},"29":{"start":{"line":74,"column":26},"end":{"line":74,"column":43}},"30":{"start":{"line":75,"column":6},"end":{"line":75,"column":61}},"31":{"start":{"line":79,"column":49},"end":{"line":85,"column":5}},"32":{"start":{"line":87,"column":4},"end":{"line":87,"column":24}},"33":{"start":{"line":88,"column":4},"end":{"line":88,"column":69}},"34":{"start":{"line":91,"column":52},"end":{"line":91,"column":59}},"35":{"start":{"line":93,"column":4},"end":{"line":93,"column":33}},"36":{"start":{"line":94,"column":4},"end":{"line":94,"column":82}},"37":{"start":{"line":97,"column":17},"end":{"line":100,"column":3}},"38":{"start":{"line":98,"column":4},"end":{"line":98,"column":18}},"39":{"start":{"line":99,"column":4},"end":{"line":99,"column":48}},"40":{"start":{"line":102,"column":24},"end":{"line":121,"column":3}},"41":{"start":{"line":103,"column":4},"end":{"line":103,"column":52}},"42":{"start":{"line":103,"column":15},"end":{"line":103,"column":52}},"43":{"start":{"line":106,"column":4},"end":{"line":106,"column":61}},"44":{"start":{"line":106,"column":35},"end":{"line":106,"column":59}},"45":{"start":{"line":108,"column":24},"end":{"line":108,"column":47}},"46":{"start":{"line":109,"column":4},"end":{"line":109,"column":25}},"47":{"start":{"line":110,"column":4},"end":{"line":110,"column":74}},"48":{"start":{"line":113,"column":22},"end":{"line":113,"column":63}},"49":{"start":{"line":114,"column":54},"end":{"line":114,"column":92}},"50":{"start":{"line":115,"column":22},"end":{"line":115,"column":62}},"51":{"start":{"line":115,"column":45},"end":{"line":115,"column":61}},"52":{"start":{"line":117,"column":4},"end":{"line":120,"column":5}},"53":{"start":{"line":118,"column":6},"end":{"line":118,"column":61}},"54":{"start":{"line":119,"column":6},"end":{"line":119,"column":71}},"55":{"start":{"line":123,"column":22},"end":{"line":139,"column":3}},"56":{"start":{"line":124,"column":4},"end":{"line":124,"column":22}},"57":{"start":{"line":124,"column":15},"end":{"line":124,"column":22}},"58":{"start":{"line":126,"column":24},"end":{"line":126,"column":41}},"59":{"start":{"line":127,"column":4},"end":{"line":127,"column":25}},"60":{"start":{"line":128,"column":4},"end":{"line":128,"column":74}},"61":{"start":{"line":131,"column":22},"end":{"line":131,"column":63}},"62":{"start":{"line":132,"column":54},"end":{"line":132,"column":92}},"63":{"start":{"line":133,"column":22},"end":{"line":133,"column":62}},"64":{"start":{"line":133,"column":45},"end":{"line":133,"column":61}},"65":{"start":{"line":135,"column":4},"end":{"line":138,"column":5}},"66":{"start":{"line":136,"column":6},"end":{"line":136,"column":55}},"67":{"start":{"line":137,"column":6},"end":{"line":137,"column":71}},"68":{"start":{"line":141,"column":2},"end":{"line":155,"column":4}},"69":{"start":{"line":159,"column":18},"end":{"line":159,"column":41}},"70":{"start":{"line":160,"column":2},"end":{"line":162,"column":3}},"71":{"start":{"line":161,"column":4},"end":{"line":161,"column":67}},"72":{"start":{"line":163,"column":2},"end":{"line":163,"column":17}}},"fnMap":{"0":{"name":"readStoredUser","decl":{"start":{"line":24,"column":9},"end":{"line":24,"column":23}},"loc":{"start":{"line":24,"column":26},"end":{"line":40,"column":1}},"line":24},"1":{"name":"AuthProvider","decl":{"start":{"line":42,"column":16},"end":{"line":42,"column":28}},"loc":{"start":{"line":42,"column":68},"end":{"line":156,"column":1}},"line":42},"2":{"name":"(anonymous_2)","decl":{"start":{"line":45,"column":16},"end":{"line":45,"column":17}},"loc":{"start":{"line":45,"column":59},"end":{"line":64,"column":3}},"line":45},"3":{"name":"(anonymous_3)","decl":{"start":{"line":47,"column":22},"end":{"line":47,"column":23}},"loc":{"start":{"line":47,"column":35},"end":{"line":47,"column":59}},"line":47},"4":{"name":"(anonymous_4)","decl":{"start":{"line":53,"column":33},"end":{"line":53,"column":34}},"loc":{"start":{"line":53,"column":40},"end":{"line":53,"column":84}},"line":53},"5":{"name":"(anonymous_5)","decl":{"start":{"line":66,"column":17},"end":{"line":66,"column":18}},"loc":{"start":{"line":66,"column":74},"end":{"line":95,"column":3}},"line":66},"6":{"name":"(anonymous_6)","decl":{"start":{"line":68,"column":22},"end":{"line":68,"column":23}},"loc":{"start":{"line":68,"column":35},"end":{"line":68,"column":59}},"line":68},"7":{"name":"(anonymous_7)","decl":{"start":{"line":74,"column":19},"end":{"line":74,"column":20}},"loc":{"start":{"line":74,"column":26},"end":{"line":74,"column":43}},"line":74},"8":{"name":"(anonymous_8)","decl":{"start":{"line":97,"column":17},"end":{"line":97,"column":18}},"loc":{"start":{"line":97,"column":23},"end":{"line":100,"column":3}},"line":97},"9":{"name":"(anonymous_9)","decl":{"start":{"line":102,"column":24},"end":{"line":102,"column":25}},"loc":{"start":{"line":102,"column":58},"end":{"line":121,"column":3}},"line":102},"10":{"name":"(anonymous_10)","decl":{"start":{"line":106,"column":22},"end":{"line":106,"column":23}},"loc":{"start":{"line":106,"column":35},"end":{"line":106,"column":59}},"line":106},"11":{"name":"(anonymous_11)","decl":{"start":{"line":115,"column":38},"end":{"line":115,"column":39}},"loc":{"start":{"line":115,"column":45},"end":{"line":115,"column":61}},"line":115},"12":{"name":"(anonymous_12)","decl":{"start":{"line":123,"column":22},"end":{"line":123,"column":23}},"loc":{"start":{"line":123,"column":57},"end":{"line":139,"column":3}},"line":123},"13":{"name":"(anonymous_13)","decl":{"start":{"line":133,"column":38},"end":{"line":133,"column":39}},"loc":{"start":{"line":133,"column":45},"end":{"line":133,"column":61}},"line":133},"14":{"name":"useAuth","decl":{"start":{"line":158,"column":16},"end":{"line":158,"column":23}},"loc":{"start":{"line":158,"column":26},"end":{"line":164,"column":1}},"line":158}},"branchMap":{"0":{"loc":{"start":{"line":25,"column":2},"end":{"line":27,"column":3}},"type":"if","locations":[{"start":{"line":25,"column":2},"end":{"line":27,"column":3}},{"start":{},"end":{}}],"line":25},"1":{"loc":{"start":{"line":30,"column":2},"end":{"line":32,"column":3}},"type":"if","locations":[{"start":{"line":30,"column":2},"end":{"line":32,"column":3}},{"start":{},"end":{}}],"line":30},"2":{"loc":{"start":{"line":51,"column":54},"end":{"line":51,"column":92}},"type":"cond-expr","locations":[{"start":{"line":51,"column":66},"end":{"line":51,"column":87}},{"start":{"line":51,"column":90},"end":{"line":51,"column":92}}],"line":51},"3":{"loc":{"start":{"line":53,"column":40},"end":{"line":53,"column":84}},"type":"binary-expr","locations":[{"start":{"line":53,"column":40},"end":{"line":53,"column":57}},{"start":{"line":53,"column":61},"end":{"line":53,"column":84}}],"line":53},"4":{"loc":{"start":{"line":55,"column":4},"end":{"line":57,"column":5}},"type":"if","locations":[{"start":{"line":55,"column":4},"end":{"line":57,"column":5}},{"start":{},"end":{}}],"line":55},"5":{"loc":{"start":{"line":72,"column":54},"end":{"line":72,"column":92}},"type":"cond-expr","locations":[{"start":{"line":72,"column":66},"end":{"line":72,"column":87}},{"start":{"line":72,"column":90},"end":{"line":72,"column":92}}],"line":72},"6":{"loc":{"start":{"line":74,"column":4},"end":{"line":76,"column":5}},"type":"if","locations":[{"start":{"line":74,"column":4},"end":{"line":76,"column":5}},{"start":{},"end":{}}],"line":74},"7":{"loc":{"start":{"line":103,"column":4},"end":{"line":103,"column":52}},"type":"if","locations":[{"start":{"line":103,"column":4},"end":{"line":103,"column":52}},{"start":{},"end":{}}],"line":103},"8":{"loc":{"start":{"line":114,"column":54},"end":{"line":114,"column":92}},"type":"cond-expr","locations":[{"start":{"line":114,"column":66},"end":{"line":114,"column":87}},{"start":{"line":114,"column":90},"end":{"line":114,"column":92}}],"line":114},"9":{"loc":{"start":{"line":117,"column":4},"end":{"line":120,"column":5}},"type":"if","locations":[{"start":{"line":117,"column":4},"end":{"line":120,"column":5}},{"start":{},"end":{}}],"line":117},"10":{"loc":{"start":{"line":124,"column":4},"end":{"line":124,"column":22}},"type":"if","locations":[{"start":{"line":124,"column":4},"end":{"line":124,"column":22}},{"start":{},"end":{}}],"line":124},"11":{"loc":{"start":{"line":132,"column":54},"end":{"line":132,"column":92}},"type":"cond-expr","locations":[{"start":{"line":132,"column":66},"end":{"line":132,"column":87}},{"start":{"line":132,"column":90},"end":{"line":132,"column":92}}],"line":132},"12":{"loc":{"start":{"line":135,"column":4},"end":{"line":138,"column":5}},"type":"if","locations":[{"start":{"line":135,"column":4},"end":{"line":138,"column":5}},{"start":{},"end":{}}],"line":135},"13":{"loc":{"start":{"line":160,"column":2},"end":{"line":162,"column":3}},"type":"if","locations":[{"start":{"line":160,"column":2},"end":{"line":162,"column":3}},{"start":{},"end":{}}],"line":160}},"s":{"0":1,"1":16,"2":0,"3":16,"4":16,"5":15,"6":1,"7":1,"8":0,"9":0,"10":35,"11":35,"12":3,"13":3,"14":3,"15":3,"16":3,"17":2,"18":3,"19":2,"20":1,"21":1,"22":1,"23":35,"24":12,"25":12,"26":12,"27":12,"28":12,"29":1,"30":1,"31":11,"32":11,"33":11,"34":11,"35":11,"36":11,"37":35,"38":4,"39":4,"40":35,"41":2,"42":1,"43":1,"44":1,"45":1,"46":1,"47":1,"48":1,"49":1,"50":1,"51":1,"52":1,"53":1,"54":1,"55":35,"56":3,"57":1,"58":2,"59":2,"60":2,"61":2,"62":2,"63":2,"64":2,"65":2,"66":2,"67":2,"68":35,"69":39,"70":39,"71":4,"72":35},"f":{"0":16,"1":35,"2":3,"3":3,"4":2,"5":12,"6":12,"7":1,"8":4,"9":2,"10":1,"11":1,"12":3,"13":2,"14":39},"b":{"0":[0,16],"1":[15,1],"2":[2,1],"3":[2,2],"4":[2,1],"5":[1,11],"6":[1,11],"7":[1,1],"8":[1,0],"9":[1,0],"10":[1,2],"11":[2,0],"12":[2,0],"13":[4,35]},"_coverageSchema":"1a1c01bbd47fc00a2c39e90264f33305004495a9","hash":"b2778876bd28f4492993353762c7fdf8c976b0c6"}
,"/Users/davond/projects/Team4/apps/web_react/src/app/contexts/CartContext.tsx": {"path":"/Users/davond/projects/Team4/apps/web_react/src/app/contexts/CartContext.tsx","statementMap":{"0":{"start":{"line":24,"column":20},"end":{"line":24,"column":73}},"1":{"start":{"line":27,"column":2},"end":{"line":29,"column":3}},"2":{"start":{"line":28,"column":4},"end":{"line":28,"column":28}},"3":{"start":{"line":31,"column":21},"end":{"line":31,"column":61}},"4":{"start":{"line":32,"column":2},"end":{"line":34,"column":3}},"5":{"start":{"line":33,"column":4},"end":{"line":33,"column":28}},"6":{"start":{"line":36,"column":2},"end":{"line":41,"column":3}},"7":{"start":{"line":37,"column":4},"end":{"line":37,"column":48}},"8":{"start":{"line":39,"column":4},"end":{"line":39,"column":48}},"9":{"start":{"line":40,"column":4},"end":{"line":40,"column":28}},"10":{"start":{"line":45,"column":28},"end":{"line":45,"column":64}},"11":{"start":{"line":48,"column":2},"end":{"line":50,"column":14}},"12":{"start":{"line":49,"column":4},"end":{"line":49,"column":68}},"13":{"start":{"line":52,"column":20},"end":{"line":73,"column":3}},"14":{"start":{"line":53,"column":4},"end":{"line":72,"column":7}},"15":{"start":{"line":54,"column":27},"end":{"line":54,"column":66}},"16":{"start":{"line":54,"column":49},"end":{"line":54,"column":65}},"17":{"start":{"line":56,"column":6},"end":{"line":71,"column":7}},"18":{"start":{"line":58,"column":8},"end":{"line":60,"column":10}},"19":{"start":{"line":59,"column":10},"end":{"line":59,"column":67}},"20":{"start":{"line":63,"column":8},"end":{"line":70,"column":10}},"21":{"start":{"line":75,"column":25},"end":{"line":77,"column":3}},"22":{"start":{"line":76,"column":4},"end":{"line":76,"column":76}},"23":{"start":{"line":76,"column":28},"end":{"line":76,"column":74}},"24":{"start":{"line":76,"column":55},"end":{"line":76,"column":73}},"25":{"start":{"line":79,"column":25},"end":{"line":90,"column":3}},"26":{"start":{"line":80,"column":4},"end":{"line":83,"column":5}},"27":{"start":{"line":81,"column":6},"end":{"line":81,"column":29}},"28":{"start":{"line":82,"column":6},"end":{"line":82,"column":13}},"29":{"start":{"line":85,"column":4},"end":{"line":89,"column":6}},"30":{"start":{"line":86,"column":6},"end":{"line":88,"column":7}},"31":{"start":{"line":87,"column":8},"end":{"line":87,"column":57}},"32":{"start":{"line":92,"column":20},"end":{"line":94,"column":3}},"33":{"start":{"line":93,"column":4},"end":{"line":93,"column":17}},"34":{"start":{"line":96,"column":24},"end":{"line":98,"column":3}},"35":{"start":{"line":97,"column":4},"end":{"line":97,"column":67}},"36":{"start":{"line":97,"column":41},"end":{"line":97,"column":62}},"37":{"start":{"line":100,"column":24},"end":{"line":108,"column":3}},"38":{"start":{"line":101,"column":4},"end":{"line":107,"column":10}},"39":{"start":{"line":103,"column":6},"end":{"line":103,"column":48}},"40":{"start":{"line":103,"column":35},"end":{"line":103,"column":48}},"41":{"start":{"line":105,"column":20},"end":{"line":105,"column":42}},"42":{"start":{"line":106,"column":6},"end":{"line":106,"column":43}},"43":{"start":{"line":110,"column":2},"end":{"line":124,"column":4}},"44":{"start":{"line":128,"column":18},"end":{"line":128,"column":41}},"45":{"start":{"line":129,"column":2},"end":{"line":131,"column":3}},"46":{"start":{"line":130,"column":4},"end":{"line":130,"column":66}},"47":{"start":{"line":132,"column":2},"end":{"line":132,"column":17}}},"fnMap":{"0":{"name":"readStoredCart","decl":{"start":{"line":26,"column":9},"end":{"line":26,"column":23}},"loc":{"start":{"line":26,"column":26},"end":{"line":42,"column":1}},"line":26},"1":{"name":"CartProvider","decl":{"start":{"line":44,"column":16},"end":{"line":44,"column":28}},"loc":{"start":{"line":44,"column":68},"end":{"line":125,"column":1}},"line":44},"2":{"name":"(anonymous_2)","decl":{"start":{"line":48,"column":12},"end":{"line":48,"column":13}},"loc":{"start":{"line":48,"column":18},"end":{"line":50,"column":3}},"line":48},"3":{"name":"(anonymous_3)","decl":{"start":{"line":52,"column":20},"end":{"line":52,"column":21}},"loc":{"start":{"line":52,"column":70},"end":{"line":73,"column":3}},"line":52},"4":{"name":"(anonymous_4)","decl":{"start":{"line":53,"column":13},"end":{"line":53,"column":14}},"loc":{"start":{"line":53,"column":28},"end":{"line":72,"column":5}},"line":53},"5":{"name":"(anonymous_5)","decl":{"start":{"line":54,"column":42},"end":{"line":54,"column":43}},"loc":{"start":{"line":54,"column":49},"end":{"line":54,"column":65}},"line":54},"6":{"name":"(anonymous_6)","decl":{"start":{"line":58,"column":29},"end":{"line":58,"column":30}},"loc":{"start":{"line":59,"column":10},"end":{"line":59,"column":67}},"line":59},"7":{"name":"(anonymous_7)","decl":{"start":{"line":75,"column":25},"end":{"line":75,"column":26}},"loc":{"start":{"line":75,"column":45},"end":{"line":77,"column":3}},"line":75},"8":{"name":"(anonymous_8)","decl":{"start":{"line":76,"column":13},"end":{"line":76,"column":14}},"loc":{"start":{"line":76,"column":28},"end":{"line":76,"column":74}},"line":76},"9":{"name":"(anonymous_9)","decl":{"start":{"line":76,"column":45},"end":{"line":76,"column":46}},"loc":{"start":{"line":76,"column":55},"end":{"line":76,"column":73}},"line":76},"10":{"name":"(anonymous_10)","decl":{"start":{"line":79,"column":25},"end":{"line":79,"column":26}},"loc":{"start":{"line":79,"column":63},"end":{"line":90,"column":3}},"line":79},"11":{"name":"(anonymous_11)","decl":{"start":{"line":85,"column":13},"end":{"line":85,"column":14}},"loc":{"start":{"line":86,"column":6},"end":{"line":88,"column":7}},"line":86},"12":{"name":"(anonymous_12)","decl":{"start":{"line":86,"column":20},"end":{"line":86,"column":21}},"loc":{"start":{"line":87,"column":8},"end":{"line":87,"column":57}},"line":87},"13":{"name":"(anonymous_13)","decl":{"start":{"line":92,"column":20},"end":{"line":92,"column":21}},"loc":{"start":{"line":92,"column":26},"end":{"line":94,"column":3}},"line":92},"14":{"name":"(anonymous_14)","decl":{"start":{"line":96,"column":24},"end":{"line":96,"column":25}},"loc":{"start":{"line":96,"column":30},"end":{"line":98,"column":3}},"line":96},"15":{"name":"(anonymous_15)","decl":{"start":{"line":97,"column":24},"end":{"line":97,"column":25}},"loc":{"start":{"line":97,"column":41},"end":{"line":97,"column":62}},"line":97},"16":{"name":"(anonymous_16)","decl":{"start":{"line":100,"column":24},"end":{"line":100,"column":25}},"loc":{"start":{"line":100,"column":30},"end":{"line":108,"column":3}},"line":100},"17":{"name":"(anonymous_17)","decl":{"start":{"line":101,"column":24},"end":{"line":101,"column":25}},"loc":{"start":{"line":101,"column":41},"end":{"line":107,"column":5}},"line":101},"18":{"name":"useCart","decl":{"start":{"line":127,"column":16},"end":{"line":127,"column":23}},"loc":{"start":{"line":127,"column":26},"end":{"line":133,"column":1}},"line":127}},"branchMap":{"0":{"loc":{"start":{"line":27,"column":2},"end":{"line":29,"column":3}},"type":"if","locations":[{"start":{"line":27,"column":2},"end":{"line":29,"column":3}},{"start":{},"end":{}}],"line":27},"1":{"loc":{"start":{"line":32,"column":2},"end":{"line":34,"column":3}},"type":"if","locations":[{"start":{"line":32,"column":2},"end":{"line":34,"column":3}},{"start":{},"end":{}}],"line":32},"2":{"loc":{"start":{"line":56,"column":6},"end":{"line":71,"column":7}},"type":"if","locations":[{"start":{"line":56,"column":6},"end":{"line":71,"column":7}},{"start":{"line":61,"column":13},"end":{"line":71,"column":7}}],"line":56},"3":{"loc":{"start":{"line":59,"column":10},"end":{"line":59,"column":67}},"type":"cond-expr","locations":[{"start":{"line":59,"column":29},"end":{"line":59,"column":63}},{"start":{"line":59,"column":66},"end":{"line":59,"column":67}}],"line":59},"4":{"loc":{"start":{"line":80,"column":4},"end":{"line":83,"column":5}},"type":"if","locations":[{"start":{"line":80,"column":4},"end":{"line":83,"column":5}},{"start":{},"end":{}}],"line":80},"5":{"loc":{"start":{"line":87,"column":8},"end":{"line":87,"column":57}},"type":"cond-expr","locations":[{"start":{"line":87,"column":29},"end":{"line":87,"column":50}},{"start":{"line":87,"column":53},"end":{"line":87,"column":57}}],"line":87},"6":{"loc":{"start":{"line":103,"column":6},"end":{"line":103,"column":48}},"type":"if","locations":[{"start":{"line":103,"column":6},"end":{"line":103,"column":48}},{"start":{},"end":{}}],"line":103},"7":{"loc":{"start":{"line":129,"column":2},"end":{"line":131,"column":3}},"type":"if","locations":[{"start":{"line":129,"column":2},"end":{"line":131,"column":3}},{"start":{},"end":{}}],"line":129}},"s":{"0":1,"1":17,"2":0,"3":17,"4":17,"5":16,"6":1,"7":1,"8":0,"9":0,"10":44,"11":44,"12":44,"13":44,"14":21,"15":21,"16":7,"17":21,"18":3,"19":3,"20":18,"21":44,"22":4,"23":4,"24":4,"25":44,"26":3,"27":2,"28":2,"29":1,"30":1,"31":1,"32":44,"33":1,"34":44,"35":2,"36":2,"37":44,"38":5,"39":4,"40":1,"41":3,"42":3,"43":44,"44":48,"45":48,"46":4,"47":44},"f":{"0":17,"1":44,"2":44,"3":21,"4":21,"5":7,"6":3,"7":4,"8":4,"9":4,"10":3,"11":1,"12":1,"13":1,"14":2,"15":2,"16":5,"17":4,"18":48},"b":{"0":[0,17],"1":[16,1],"2":[3,18],"3":[3,0],"4":[2,1],"5":[1,0],"6":[1,3],"7":[4,44]},"_coverageSchema":"1a1c01bbd47fc00a2c39e90264f33305004495a9","hash":"75a1f8bb6ce1d34bf6b9ea4ff756afdede65bb9c"}
,"/Users/davond/projects/Team4/apps/web_react/src/app/utils/accessibility.ts": {"path":"/Users/davond/projects/Team4/apps/web_react/src/app/utils/accessibility.ts","statementMap":{"0":{"start":{"line":9,"column":2},"end":{"line":9,"column":55}},"1":{"start":{"line":13,"column":15},"end":{"line":13,"column":39}},"2":{"start":{"line":15,"column":2},"end":{"line":20,"column":3}},"3":{"start":{"line":16,"column":4},"end":{"line":16,"column":53}},"4":{"start":{"line":17,"column":4},"end":{"line":17,"column":55}},"5":{"start":{"line":18,"column":4},"end":{"line":18,"column":53}},"6":{"start":{"line":19,"column":4},"end":{"line":19,"column":11}},"7":{"start":{"line":22,"column":2},"end":{"line":22,"column":53}},"8":{"start":{"line":23,"column":2},"end":{"line":23,"column":55}},"9":{"start":{"line":24,"column":2},"end":{"line":24,"column":53}},"10":{"start":{"line":28,"column":17},"end":{"line":28,"column":61}},"11":{"start":{"line":30,"column":2},"end":{"line":34,"column":3}},"12":{"start":{"line":31,"column":4},"end":{"line":31,"column":28}},"13":{"start":{"line":32,"column":4},"end":{"line":32,"column":30}},"14":{"start":{"line":33,"column":4},"end":{"line":33,"column":11}},"15":{"start":{"line":36,"column":2},"end":{"line":43,"column":3}},"16":{"start":{"line":37,"column":19},"end":{"line":37,"column":68}},"17":{"start":{"line":38,"column":4},"end":{"line":38,"column":47}},"18":{"start":{"line":39,"column":4},"end":{"line":39,"column":54}},"19":{"start":{"line":41,"column":4},"end":{"line":41,"column":28}},"20":{"start":{"line":42,"column":4},"end":{"line":42,"column":30}}},"fnMap":{"0":{"name":"applyTextSize","decl":{"start":{"line":8,"column":16},"end":{"line":8,"column":29}},"loc":{"start":{"line":8,"column":56},"end":{"line":10,"column":1}},"line":8},"1":{"name":"applyReducedMotion","decl":{"start":{"line":12,"column":16},"end":{"line":12,"column":34}},"loc":{"start":{"line":12,"column":59},"end":{"line":25,"column":1}},"line":12},"2":{"name":"applyStoredAccessibilitySettings","decl":{"start":{"line":27,"column":16},"end":{"line":27,"column":48}},"loc":{"start":{"line":27,"column":51},"end":{"line":44,"column":1}},"line":27}},"branchMap":{"0":{"loc":{"start":{"line":15,"column":2},"end":{"line":20,"column":3}},"type":"if","locations":[{"start":{"line":15,"column":2},"end":{"line":20,"column":3}},{"start":{},"end":{}}],"line":15},"1":{"loc":{"start":{"line":30,"column":2},"end":{"line":34,"column":3}},"type":"if","locations":[{"start":{"line":30,"column":2},"end":{"line":34,"column":3}},{"start":{},"end":{}}],"line":30},"2":{"loc":{"start":{"line":38,"column":18},"end":{"line":38,"column":45}},"type":"binary-expr","locations":[{"start":{"line":38,"column":18},"end":{"line":38,"column":33}},{"start":{"line":38,"column":37},"end":{"line":38,"column":45}}],"line":38},"3":{"loc":{"start":{"line":39,"column":23},"end":{"line":39,"column":52}},"type":"binary-expr","locations":[{"start":{"line":39,"column":23},"end":{"line":39,"column":43}},{"start":{"line":39,"column":47},"end":{"line":39,"column":52}}],"line":39}},"s":{"0":9,"1":7,"2":7,"3":2,"4":2,"5":2,"6":2,"7":5,"8":5,"9":5,"10":5,"11":5,"12":1,"13":1,"14":1,"15":4,"16":4,"17":3,"18":3,"19":1,"20":1},"f":{"0":9,"1":7,"2":5},"b":{"0":[2,5],"1":[1,4],"2":[3,1],"3":[3,0]},"_coverageSchema":"1a1c01bbd47fc00a2c39e90264f33305004495a9","hash":"ec514121d042ceae040e26f4478914a6fa2e2853"}
}
