{"/Users/davond/projects/Team4/apps/web_react/src/__tests__/helpers/renderWithProviders.tsx": {"path":"/Users/davond/projects/Team4/apps/web_react/src/__tests__/helpers/renderWithProviders.tsx","statementMap":{"0":{"start":{"line":8,"column":24},"end":{"line":13,"column":1}},"1":{"start":{"line":15,"column":31},"end":{"line":15,"column":72}},"2":{"start":{"line":16,"column":33},"end":{"line":16,"column":76}},"3":{"start":{"line":18,"column":38},"end":{"line":27,"column":1}},"4":{"start":{"line":30,"column":2},"end":{"line":30,"column":65}},"5":{"start":{"line":31,"column":2},"end":{"line":34,"column":4}},"6":{"start":{"line":38,"column":2},"end":{"line":38,"column":66}},"7":{"start":{"line":50,"column":4},"end":{"line":56,"column":6}},"8":{"start":{"line":58,"column":2},"end":{"line":58,"column":54}}},"fnMap":{"0":{"name":"setUpUser","decl":{"start":{"line":29,"column":16},"end":{"line":29,"column":25}},"loc":{"start":{"line":29,"column":43},"end":{"line":35,"column":1}},"line":29},"1":{"name":"setUpCart","decl":{"start":{"line":37,"column":16},"end":{"line":37,"column":25}},"loc":{"start":{"line":37,"column":62},"end":{"line":39,"column":1}},"line":37},"2":{"name":"renderWithProviders","decl":{"start":{"line":45,"column":16},"end":{"line":45,"column":35}},"loc":{"start":{"line":48,"column":2},"end":{"line":59,"column":1}},"line":48},"3":{"name":"Wrapper","decl":{"start":{"line":49,"column":11},"end":{"line":49,"column":18}},"loc":{"start":{"line":49,"column":64},"end":{"line":57,"column":3}},"line":49}},"branchMap":{"0":{"loc":{"start":{"line":29,"column":26},"end":{"line":29,"column":41}},"type":"default-arg","locations":[{"start":{"line":29,"column":33},"end":{"line":29,"column":41}}],"line":29},"1":{"loc":{"start":{"line":37,"column":26},"end":{"line":37,"column":60}},"type":"default-arg","locations":[{"start":{"line":37,"column":46},"end":{"line":37,"column":60}}],"line":37},"2":{"loc":{"start":{"line":47,"column":2},"end":{"line":47,"column":73}},"type":"default-arg","locations":[{"start":{"line":47,"column":71},"end":{"line":47,"column":73}}],"line":47},"3":{"loc":{"start":{"line":47,"column":4},"end":{"line":47,"column":26}},"type":"default-arg","locations":[{"start":{"line":47,"column":21},"end":{"line":47,"column":26}}],"line":47}},"s":{"0":3,"1":3,"2":3,"3":3,"4":15,"5":15,"6":12,"7":0,"8":0},"f":{"0":15,"1":12,"2":0,"3":0},"b":{"0":[0],"1":[0],"2":[0],"3":[0]},"_coverageSchema":"1a1c01bbd47fc00a2c39e90264f33305004495a9","hash":"a0bcf7f3dbb69b513e69672325fab00f2a91d9c2"}
,"/Users/davond/projects/Team4/apps/web_react/src/app/components/DashboardHeader.tsx": {"path":"/Users/davond/projects/Team4/apps/web_react/src/app/components/DashboardHeader.tsx","statementMap":{"0":{"start":{"line":8,"column":19},"end":{"line":8,"column":32}},"1":{"start":{"line":9,"column":19},"end":{"line":9,"column":28}},"2":{"start":{"line":11,"column":2},"end":{"line":41,"column":4}},"3":{"start":{"line":14,"column":81},"end":{"line":14,"column":94}},"4":{"start":{"line":32,"column":27},"end":{"line":32,"column":47}}},"fnMap":{"0":{"name":"DashboardHeader","decl":{"start":{"line":7,"column":16},"end":{"line":7,"column":31}},"loc":{"start":{"line":7,"column":34},"end":{"line":42,"column":1}},"line":7},"1":{"name":"(anonymous_1)","decl":{"start":{"line":14,"column":75},"end":{"line":14,"column":76}},"loc":{"start":{"line":14,"column":81},"end":{"line":14,"column":94}},"line":14},"2":{"name":"(anonymous_2)","decl":{"start":{"line":32,"column":21},"end":{"line":32,"column":22}},"loc":{"start":{"line":32,"column":27},"end":{"line":32,"column":47}},"line":32}},"branchMap":{"0":{"loc":{"start":{"line":35,"column":56},"end":{"line":35,"column":98}},"type":"binary-expr","locations":[{"start":{"line":35,"column":56},"end":{"line":35,"column":91}},{"start":{"line":35,"column":95},"end":{"line":35,"column":98}}],"line":35},"1":{"loc":{"start":{"line":36,"column":54},"end":{"line":36,"column":79}},"type":"binary-expr","locations":[{"start":{"line":36,"column":54},"end":{"line":36,"column":64}},{"start":{"line":36,"column":68},"end":{"line":36,"column":79}}],"line":36}},"s":{"0":6,"1":6,"2":6,"3":1,"4":1},"f":{"0":6,"1":1,"2":1},"b":{"0":[6,0],"1":[6,0]},"_coverageSchema":"1a1c01bbd47fc00a2c39e90264f33305004495a9","hash":"46258554c4297f65916b7f89cc2c9338d658d38e"}
,"/Users/davond/projects/Team4/apps/web_react/src/app/components/DownloadsSection.tsx": {"path":"/Users/davond/projects/Team4/apps/web_react/src/app/components/DownloadsSection.tsx","statementMap":{"0":{"start":{"line":4,"column":24},"end":{"line":44,"column":1}},"1":{"start":{"line":47,"column":2},"end":{"line":118,"column":4}},"2":{"start":{"line":68,"column":25},"end":{"line":68,"column":36}},"3":{"start":{"line":70,"column":12},"end":{"line":102,"column":14}}},"fnMap":{"0":{"name":"DownloadsSection","decl":{"start":{"line":46,"column":16},"end":{"line":46,"column":32}},"loc":{"start":{"line":46,"column":35},"end":{"line":119,"column":1}},"line":46},"1":{"name":"(anonymous_1)","decl":{"start":{"line":67,"column":31},"end":{"line":67,"column":32}},"loc":{"start":{"line":67,"column":43},"end":{"line":103,"column":11}},"line":67}},"branchMap":{"0":{"loc":{"start":{"line":72,"column":17},"end":{"line":72,"column":98}},"type":"cond-expr","locations":[{"start":{"line":72,"column":32},"end":{"line":72,"column":91}},{"start":{"line":72,"column":94},"end":{"line":72,"column":98}}],"line":72}},"s":{"0":2,"1":12,"2":48,"3":48},"f":{"0":12,"1":48},"b":{"0":[36,12]},"_coverageSchema":"1a1c01bbd47fc00a2c39e90264f33305004495a9","hash":"951cfd550e69784a54a33f55b4a63bde8e5220e8"}
,"/Users/davond/projects/Team4/apps/web_react/src/app/components/FeaturesSection.tsx": {"path":"/Users/davond/projects/Team4/apps/web_react/src/app/components/FeaturesSection.tsx","statementMap":{"0":{"start":{"line":4,"column":17},"end":{"line":41,"column":1}},"1":{"start":{"line":44,"column":2},"end":{"line":76,"column":4}},"2":{"start":{"line":61,"column":25},"end":{"line":61,"column":37}},"3":{"start":{"line":63,"column":12},"end":{"line":71,"column":14}}},"fnMap":{"0":{"name":"FeaturesSection","decl":{"start":{"line":43,"column":16},"end":{"line":43,"column":31}},"loc":{"start":{"line":43,"column":34},"end":{"line":77,"column":1}},"line":43},"1":{"name":"(anonymous_1)","decl":{"start":{"line":60,"column":24},"end":{"line":60,"column":25}},"loc":{"start":{"line":60,"column":37},"end":{"line":72,"column":11}},"line":60}},"branchMap":{},"s":{"0":2,"1":10,"2":60,"3":60},"f":{"0":10,"1":60},"b":{},"_coverageSchema":"1a1c01bbd47fc00a2c39e90264f33305004495a9","hash":"17713d39f0e158e02dc36b70dcb0ce2b338d33fb"}
,"/Users/davond/projects/Team4/apps/web_react/src/app/components/Footer.tsx": {"path":"/Users/davond/projects/Team4/apps/web_react/src/app/components/Footer.tsx","statementMap":{"0":{"start":{"line":4,"column":20},"end":{"line":9,"column":1}},"1":{"start":{"line":11,"column":19},"end":{"line":11,"column":73}},"2":{"start":{"line":12,"column":22},"end":{"line":12,"column":102}},"3":{"start":{"line":13,"column":19},"end":{"line":13,"column":67}},"4":{"start":{"line":16,"column":2},"end":{"line":122,"column":4}},"5":{"start":{"line":35,"column":18},"end":{"line":42,"column":22}},"6":{"start":{"line":54,"column":16},"end":{"line":58,"column":21}},"7":{"start":{"line":69,"column":16},"end":{"line":73,"column":21}},"8":{"start":{"line":113,"column":16},"end":{"line":115,"column":20}}},"fnMap":{"0":{"name":"Footer","decl":{"start":{"line":15,"column":16},"end":{"line":15,"column":22}},"loc":{"start":{"line":15,"column":25},"end":{"line":123,"column":1}},"line":15},"1":{"name":"(anonymous_1)","decl":{"start":{"line":34,"column":33},"end":{"line":34,"column":34}},"loc":{"start":{"line":35,"column":18},"end":{"line":42,"column":22}},"line":35},"2":{"name":"(anonymous_2)","decl":{"start":{"line":53,"column":30},"end":{"line":53,"column":31}},"loc":{"start":{"line":54,"column":16},"end":{"line":58,"column":21}},"line":54},"3":{"name":"(anonymous_3)","decl":{"start":{"line":68,"column":33},"end":{"line":68,"column":34}},"loc":{"start":{"line":69,"column":16},"end":{"line":73,"column":21}},"line":69},"4":{"name":"(anonymous_4)","decl":{"start":{"line":112,"column":30},"end":{"line":112,"column":31}},"loc":{"start":{"line":113,"column":16},"end":{"line":115,"column":20}},"line":113}},"branchMap":{},"s":{"0":1,"1":1,"2":1,"3":1,"4":8,"5":32,"6":40,"7":40,"8":32},"f":{"0":8,"1":32,"2":40,"3":40,"4":32},"b":{},"_coverageSchema":"1a1c01bbd47fc00a2c39e90264f33305004495a9","hash":"71174a1bdfee978331924b05067c27668e79903f"}
,"/Users/davond/projects/Team4/apps/web_react/src/app/components/HelpSection.tsx": {"path":"/Users/davond/projects/Team4/apps/web_react/src/app/components/HelpSection.tsx","statementMap":{"0":{"start":{"line":4,"column":23},"end":{"line":23,"column":1}},"1":{"start":{"line":25,"column":13},"end":{"line":56,"column":1}},"2":{"start":{"line":59,"column":36},"end":{"line":59,"column":62}},"3":{"start":{"line":61,"column":2},"end":{"line":128,"column":4}},"4":{"start":{"line":76,"column":25},"end":{"line":76,"column":36}},"5":{"start":{"line":78,"column":12},"end":{"line":89,"column":14}},"6":{"start":{"line":98,"column":14},"end":{"line":122,"column":20}},"7":{"start":{"line":108,"column":33},"end":{"line":108,"column":81}}},"fnMap":{"0":{"name":"HelpSection","decl":{"start":{"line":58,"column":16},"end":{"line":58,"column":27}},"loc":{"start":{"line":58,"column":30},"end":{"line":129,"column":1}},"line":58},"1":{"name":"(anonymous_1)","decl":{"start":{"line":75,"column":30},"end":{"line":75,"column":31}},"loc":{"start":{"line":75,"column":42},"end":{"line":90,"column":11}},"line":75},"2":{"name":"(anonymous_2)","decl":{"start":{"line":97,"column":22},"end":{"line":97,"column":23}},"loc":{"start":{"line":98,"column":14},"end":{"line":122,"column":20}},"line":98},"3":{"name":"(anonymous_3)","decl":{"start":{"line":108,"column":27},"end":{"line":108,"column":28}},"loc":{"start":{"line":108,"column":33},"end":{"line":108,"column":81}},"line":108}},"branchMap":{"0":{"loc":{"start":{"line":108,"column":46},"end":{"line":108,"column":80}},"type":"cond-expr","locations":[{"start":{"line":108,"column":68},"end":{"line":108,"column":72}},{"start":{"line":108,"column":75},"end":{"line":108,"column":80}}],"line":108},"1":{"loc":{"start":{"line":117,"column":17},"end":{"line":121,"column":24}},"type":"cond-expr","locations":[{"start":{"line":118,"column":18},"end":{"line":120,"column":24}},{"start":{"line":121,"column":20},"end":{"line":121,"column":24}}],"line":117}},"s":{"0":2,"1":2,"2":16,"3":16,"4":48,"5":48,"6":96,"7":3},"f":{"0":16,"1":48,"2":96,"3":3},"b":{"0":[1,2],"1":[15,81]},"_coverageSchema":"1a1c01bbd47fc00a2c39e90264f33305004495a9","hash":"6faf814033557e0ce06419904639e5d62e9fba1b"}
,"/Users/davond/projects/Team4/apps/web_react/src/app/components/HeroSection.tsx": {"path":"/Users/davond/projects/Team4/apps/web_react/src/app/components/HeroSection.tsx","statementMap":{"0":{"start":{"line":4,"column":16},"end":{"line":37,"column":10}},"1":{"start":{"line":39,"column":19},"end":{"line":39,"column":65}},"2":{"start":{"line":42,"column":46},"end":{"line":42,"column":57}},"3":{"start":{"line":44,"column":2},"end":{"line":50,"column":9}},"4":{"start":{"line":45,"column":21},"end":{"line":47,"column":12}},"5":{"start":{"line":46,"column":6},"end":{"line":46,"column":63}},"6":{"start":{"line":46,"column":34},"end":{"line":46,"column":61}},"7":{"start":{"line":49,"column":4},"end":{"line":49,"column":48}},"8":{"start":{"line":49,"column":17},"end":{"line":49,"column":47}},"9":{"start":{"line":52,"column":24},"end":{"line":52,"column":47}},"10":{"start":{"line":54,"column":2},"end":{"line":177,"column":4}},"11":{"start":{"line":102,"column":14},"end":{"line":105,"column":20}},"12":{"start":{"line":114,"column":29},"end":{"line":114,"column":40}},"13":{"start":{"line":116,"column":16},"end":{"line":130,"column":18}},"14":{"start":{"line":125,"column":35},"end":{"line":125,"column":59}},"15":{"start":{"line":148,"column":16},"end":{"line":152,"column":18}}},"fnMap":{"0":{"name":"HeroSection","decl":{"start":{"line":41,"column":16},"end":{"line":41,"column":27}},"loc":{"start":{"line":41,"column":30},"end":{"line":178,"column":1}},"line":41},"1":{"name":"(anonymous_1)","decl":{"start":{"line":44,"column":12},"end":{"line":44,"column":13}},"loc":{"start":{"line":44,"column":18},"end":{"line":50,"column":3}},"line":44},"2":{"name":"(anonymous_2)","decl":{"start":{"line":45,"column":40},"end":{"line":45,"column":41}},"loc":{"start":{"line":45,"column":46},"end":{"line":47,"column":5}},"line":45},"3":{"name":"(anonymous_3)","decl":{"start":{"line":46,"column":24},"end":{"line":46,"column":25}},"loc":{"start":{"line":46,"column":34},"end":{"line":46,"column":61}},"line":46},"4":{"name":"(anonymous_4)","decl":{"start":{"line":49,"column":11},"end":{"line":49,"column":12}},"loc":{"start":{"line":49,"column":17},"end":{"line":49,"column":47}},"line":49},"5":{"name":"(anonymous_5)","decl":{"start":{"line":101,"column":28},"end":{"line":101,"column":29}},"loc":{"start":{"line":102,"column":14},"end":{"line":105,"column":20}},"line":102},"6":{"name":"(anonymous_6)","decl":{"start":{"line":113,"column":27},"end":{"line":113,"column":28}},"loc":{"start":{"line":113,"column":46},"end":{"line":131,"column":15}},"line":113},"7":{"name":"(anonymous_7)","decl":{"start":{"line":125,"column":29},"end":{"line":125,"column":30}},"loc":{"start":{"line":125,"column":35},"end":{"line":125,"column":59}},"line":125},"8":{"name":"(anonymous_8)","decl":{"start":{"line":147,"column":27},"end":{"line":147,"column":28}},"loc":{"start":{"line":148,"column":16},"end":{"line":152,"column":18}},"line":148}},"branchMap":{},"s":{"0":2,"1":2,"2":19,"3":19,"4":15,"5":2,"6":2,"7":15,"8":15,"9":19,"10":19,"11":57,"12":76,"13":76,"14":2,"15":76},"f":{"0":19,"1":15,"2":2,"3":2,"4":15,"5":57,"6":76,"7":2,"8":76},"b":{},"_coverageSchema":"1a1c01bbd47fc00a2c39e90264f33305004495a9","hash":"6ea959942403c58bf3c84d4c85ce66894a87dc61"}
,"/Users/davond/projects/Team4/apps/web_react/src/app/components/Navigation.tsx": {"path":"/Users/davond/projects/Team4/apps/web_react/src/app/components/Navigation.tsx","statementMap":{"0":{"start":{"line":33,"column":17},"end":{"line":40,"column":1}},"1":{"start":{"line":42,"column":42},"end":{"line":155,"column":1}},"2":{"start":{"line":158,"column":19},"end":{"line":158,"column":32}},"3":{"start":{"line":159,"column":19},"end":{"line":159,"column":32}},"4":{"start":{"line":160,"column":30},"end":{"line":160,"column":39}},"5":{"start":{"line":161,"column":28},"end":{"line":161,"column":37}},"6":{"start":{"line":162,"column":38},"end":{"line":162,"column":53}},"7":{"start":{"line":163,"column":42},"end":{"line":163,"column":57}},"8":{"start":{"line":164,"column":40},"end":{"line":164,"column":52}},"9":{"start":{"line":165,"column":44},"end":{"line":165,"column":72}},"10":{"start":{"line":166,"column":44},"end":{"line":166,"column":55}},"11":{"start":{"line":167,"column":44},"end":{"line":167,"column":60}},"12":{"start":{"line":168,"column":25},"end":{"line":168,"column":55}},"13":{"start":{"line":169,"column":29},"end":{"line":169,"column":57}},"14":{"start":{"line":171,"column":2},"end":{"line":181,"column":21}},"15":{"start":{"line":172,"column":4},"end":{"line":177,"column":5}},"16":{"start":{"line":173,"column":6},"end":{"line":173,"column":25}},"17":{"start":{"line":174,"column":6},"end":{"line":174,"column":27}},"18":{"start":{"line":175,"column":6},"end":{"line":175,"column":26}},"19":{"start":{"line":176,"column":6},"end":{"line":176,"column":13}},"20":{"start":{"line":179,"column":18},"end":{"line":179,"column":78}},"21":{"start":{"line":179,"column":42},"end":{"line":179,"column":73}},"22":{"start":{"line":180,"column":4},"end":{"line":180,"column":44}},"23":{"start":{"line":180,"column":17},"end":{"line":180,"column":43}},"24":{"start":{"line":183,"column":2},"end":{"line":200,"column":20}},"25":{"start":{"line":184,"column":4},"end":{"line":188,"column":5}},"26":{"start":{"line":185,"column":6},"end":{"line":185,"column":27}},"27":{"start":{"line":186,"column":6},"end":{"line":186,"column":26}},"28":{"start":{"line":187,"column":6},"end":{"line":187,"column":13}},"29":{"start":{"line":190,"column":18},"end":{"line":190,"column":43}},"30":{"start":{"line":191,"column":21},"end":{"line":196,"column":5}},"31":{"start":{"line":193,"column":8},"end":{"line":195,"column":51}},"32":{"start":{"line":198,"column":4},"end":{"line":198,"column":31}},"33":{"start":{"line":199,"column":4},"end":{"line":199,"column":24}},"34":{"start":{"line":202,"column":2},"end":{"line":216,"column":21}},"35":{"start":{"line":203,"column":4},"end":{"line":205,"column":5}},"36":{"start":{"line":204,"column":6},"end":{"line":204,"column":23}},"37":{"start":{"line":207,"column":31},"end":{"line":212,"column":5}},"38":{"start":{"line":208,"column":6},"end":{"line":210,"column":7}},"39":{"start":{"line":209,"column":8},"end":{"line":209,"column":15}},"40":{"start":{"line":211,"column":6},"end":{"line":211,"column":29}},"41":{"start":{"line":214,"column":4},"end":{"line":214,"column":63}},"42":{"start":{"line":215,"column":4},"end":{"line":215,"column":79}},"43":{"start":{"line":215,"column":17},"end":{"line":215,"column":78}},"44":{"start":{"line":218,"column":34},"end":{"line":232,"column":35}},"45":{"start":{"line":219,"column":4},"end":{"line":219,"column":25}},"46":{"start":{"line":220,"column":4},"end":{"line":220,"column":27}},"47":{"start":{"line":221,"column":4},"end":{"line":221,"column":32}},"48":{"start":{"line":223,"column":4},"end":{"line":229,"column":5}},"49":{"start":{"line":224,"column":6},"end":{"line":224,"column":20}},"50":{"start":{"line":225,"column":6},"end":{"line":227,"column":14}},"51":{"start":{"line":226,"column":8},"end":{"line":226,"column":47}},"52":{"start":{"line":228,"column":6},"end":{"line":228,"column":13}},"53":{"start":{"line":231,"column":4},"end":{"line":231,"column":43}},"54":{"start":{"line":234,"column":28},"end":{"line":243,"column":41}},"55":{"start":{"line":235,"column":4},"end":{"line":242,"column":5}},"56":{"start":{"line":236,"column":24},"end":{"line":236,"column":53}},"57":{"start":{"line":237,"column":6},"end":{"line":237,"column":41}},"58":{"start":{"line":239,"column":6},"end":{"line":239,"column":27}},"59":{"start":{"line":240,"column":6},"end":{"line":240,"column":29}},"60":{"start":{"line":241,"column":6},"end":{"line":241,"column":28}},"61":{"start":{"line":245,"column":2},"end":{"line":275,"column":70}},"62":{"start":{"line":246,"column":26},"end":{"line":271,"column":5}},"63":{"start":{"line":247,"column":6},"end":{"line":251,"column":7}},"64":{"start":{"line":248,"column":8},"end":{"line":248,"column":31}},"65":{"start":{"line":249,"column":8},"end":{"line":249,"column":29}},"66":{"start":{"line":250,"column":8},"end":{"line":250,"column":15}},"67":{"start":{"line":253,"column":6},"end":{"line":255,"column":7}},"68":{"start":{"line":254,"column":8},"end":{"line":254,"column":15}},"69":{"start":{"line":257,"column":6},"end":{"line":260,"column":7}},"70":{"start":{"line":258,"column":8},"end":{"line":258,"column":31}},"71":{"start":{"line":259,"column":8},"end":{"line":259,"column":81}},"72":{"start":{"line":259,"column":35},"end":{"line":259,"column":79}},"73":{"start":{"line":262,"column":6},"end":{"line":265,"column":7}},"74":{"start":{"line":263,"column":8},"end":{"line":263,"column":31}},"75":{"start":{"line":264,"column":8},"end":{"line":264,"column":58}},"76":{"start":{"line":264,"column":35},"end":{"line":264,"column":56}},"77":{"start":{"line":267,"column":6},"end":{"line":270,"column":7}},"78":{"start":{"line":268,"column":8},"end":{"line":268,"column":31}},"79":{"start":{"line":269,"column":8},"end":{"line":269,"column":56}},"80":{"start":{"line":273,"column":4},"end":{"line":273,"column":56}},"81":{"start":{"line":274,"column":4},"end":{"line":274,"column":72}},"82":{"start":{"line":274,"column":17},"end":{"line":274,"column":71}},"83":{"start":{"line":277,"column":2},"end":{"line":282,"column":19}},"84":{"start":{"line":278,"column":4},"end":{"line":278,"column":62}},"85":{"start":{"line":279,"column":4},"end":{"line":281,"column":6}},"86":{"start":{"line":280,"column":6},"end":{"line":280,"column":40}},"87":{"start":{"line":284,"column":2},"end":{"line":310,"column":26}},"88":{"start":{"line":285,"column":4},"end":{"line":287,"column":5}},"89":{"start":{"line":286,"column":6},"end":{"line":286,"column":23}},"90":{"start":{"line":289,"column":21},"end":{"line":289,"column":52}},"91":{"start":{"line":289,"column":44},"end":{"line":289,"column":51}},"92":{"start":{"line":291,"column":25},"end":{"line":305,"column":5}},"93":{"start":{"line":292,"column":29},"end":{"line":292,"column":68}},"94":{"start":{"line":294,"column":6},"end":{"line":302,"column":7}},"95":{"start":{"line":294,"column":23},"end":{"line":294,"column":42}},"96":{"start":{"line":295,"column":26},"end":{"line":295,"column":41}},"97":{"start":{"line":296,"column":24},"end":{"line":296,"column":58}},"98":{"start":{"line":298,"column":8},"end":{"line":301,"column":9}},"99":{"start":{"line":299,"column":10},"end":{"line":299,"column":38}},"100":{"start":{"line":300,"column":10},"end":{"line":300,"column":17}},"101":{"start":{"line":304,"column":6},"end":{"line":304,"column":31}},"102":{"start":{"line":307,"column":4},"end":{"line":307,"column":19}},"103":{"start":{"line":308,"column":4},"end":{"line":308,"column":71}},"104":{"start":{"line":309,"column":4},"end":{"line":309,"column":68}},"105":{"start":{"line":309,"column":17},"end":{"line":309,"column":67}},"106":{"start":{"line":312,"column":2},"end":{"line":470,"column":4}},"107":{"start":{"line":315,"column":73},"end":{"line":315,"column":86}},"108":{"start":{"line":330,"column":39},"end":{"line":330,"column":73}},"109":{"start":{"line":340,"column":37},"end":{"line":340,"column":48}},"110":{"start":{"line":342,"column":24},"end":{"line":364,"column":26}},"111":{"start":{"line":348,"column":43},"end":{"line":348,"column":68}},"112":{"start":{"line":349,"column":48},"end":{"line":349,"column":71}},"113":{"start":{"line":376,"column":31},"end":{"line":376,"column":53}},"114":{"start":{"line":388,"column":14},"end":{"line":397,"column":23}},"115":{"start":{"line":394,"column":31},"end":{"line":394,"column":63}},"116":{"start":{"line":408,"column":27},"end":{"line":408,"column":59}},"117":{"start":{"line":408,"column":53},"end":{"line":408,"column":58}},"118":{"start":{"line":418,"column":27},"end":{"line":418,"column":44}},"119":{"start":{"line":429,"column":27},"end":{"line":429,"column":76}},"120":{"start":{"line":438,"column":27},"end":{"line":438,"column":57}},"121":{"start":{"line":438,"column":51},"end":{"line":438,"column":56}},"122":{"start":{"line":456,"column":14},"end":{"line":464,"column":23}},"123":{"start":{"line":460,"column":31},"end":{"line":460,"column":63}}},"fnMap":{"0":{"name":"Navigation","decl":{"start":{"line":157,"column":16},"end":{"line":157,"column":26}},"loc":{"start":{"line":157,"column":64},"end":{"line":471,"column":1}},"line":157},"1":{"name":"(anonymous_1)","decl":{"start":{"line":171,"column":12},"end":{"line":171,"column":13}},"loc":{"start":{"line":171,"column":18},"end":{"line":181,"column":3}},"line":171},"2":{"name":"(anonymous_2)","decl":{"start":{"line":179,"column":36},"end":{"line":179,"column":37}},"loc":{"start":{"line":179,"column":42},"end":{"line":179,"column":73}},"line":179},"3":{"name":"(anonymous_3)","decl":{"start":{"line":180,"column":11},"end":{"line":180,"column":12}},"loc":{"start":{"line":180,"column":17},"end":{"line":180,"column":43}},"line":180},"4":{"name":"(anonymous_4)","decl":{"start":{"line":183,"column":12},"end":{"line":183,"column":13}},"loc":{"start":{"line":183,"column":18},"end":{"line":200,"column":3}},"line":183},"5":{"name":"(anonymous_5)","decl":{"start":{"line":192,"column":6},"end":{"line":192,"column":7}},"loc":{"start":{"line":193,"column":8},"end":{"line":195,"column":51}},"line":193},"6":{"name":"(anonymous_6)","decl":{"start":{"line":202,"column":12},"end":{"line":202,"column":13}},"loc":{"start":{"line":202,"column":18},"end":{"line":216,"column":3}},"line":202},"7":{"name":"(anonymous_7)","decl":{"start":{"line":207,"column":31},"end":{"line":207,"column":32}},"loc":{"start":{"line":207,"column":54},"end":{"line":212,"column":5}},"line":207},"8":{"name":"(anonymous_8)","decl":{"start":{"line":215,"column":11},"end":{"line":215,"column":12}},"loc":{"start":{"line":215,"column":17},"end":{"line":215,"column":78}},"line":215},"9":{"name":"(anonymous_9)","decl":{"start":{"line":218,"column":46},"end":{"line":218,"column":47}},"loc":{"start":{"line":218,"column":69},"end":{"line":232,"column":3}},"line":218},"10":{"name":"(anonymous_10)","decl":{"start":{"line":225,"column":24},"end":{"line":225,"column":25}},"loc":{"start":{"line":225,"column":30},"end":{"line":227,"column":7}},"line":225},"11":{"name":"(anonymous_11)","decl":{"start":{"line":234,"column":40},"end":{"line":234,"column":41}},"loc":{"start":{"line":234,"column":66},"end":{"line":243,"column":3}},"line":234},"12":{"name":"(anonymous_12)","decl":{"start":{"line":245,"column":12},"end":{"line":245,"column":13}},"loc":{"start":{"line":245,"column":18},"end":{"line":275,"column":3}},"line":245},"13":{"name":"(anonymous_13)","decl":{"start":{"line":246,"column":26},"end":{"line":246,"column":27}},"loc":{"start":{"line":246,"column":52},"end":{"line":271,"column":5}},"line":246},"14":{"name":"(anonymous_14)","decl":{"start":{"line":259,"column":25},"end":{"line":259,"column":26}},"loc":{"start":{"line":259,"column":35},"end":{"line":259,"column":79}},"line":259},"15":{"name":"(anonymous_15)","decl":{"start":{"line":264,"column":25},"end":{"line":264,"column":26}},"loc":{"start":{"line":264,"column":35},"end":{"line":264,"column":56}},"line":264},"16":{"name":"(anonymous_16)","decl":{"start":{"line":274,"column":11},"end":{"line":274,"column":12}},"loc":{"start":{"line":274,"column":17},"end":{"line":274,"column":71}},"line":274},"17":{"name":"(anonymous_17)","decl":{"start":{"line":277,"column":12},"end":{"line":277,"column":13}},"loc":{"start":{"line":277,"column":18},"end":{"line":282,"column":3}},"line":277},"18":{"name":"(anonymous_18)","decl":{"start":{"line":279,"column":11},"end":{"line":279,"column":12}},"loc":{"start":{"line":279,"column":17},"end":{"line":281,"column":5}},"line":279},"19":{"name":"(anonymous_19)","decl":{"start":{"line":284,"column":12},"end":{"line":284,"column":13}},"loc":{"start":{"line":284,"column":18},"end":{"line":310,"column":3}},"line":284},"20":{"name":"(anonymous_20)","decl":{"start":{"line":289,"column":34},"end":{"line":289,"column":35}},"loc":{"start":{"line":289,"column":44},"end":{"line":289,"column":51}},"line":289},"21":{"name":"(anonymous_21)","decl":{"start":{"line":291,"column":25},"end":{"line":291,"column":26}},"loc":{"start":{"line":291,"column":31},"end":{"line":305,"column":5}},"line":291},"22":{"name":"(anonymous_22)","decl":{"start":{"line":309,"column":11},"end":{"line":309,"column":12}},"loc":{"start":{"line":309,"column":17},"end":{"line":309,"column":67}},"line":309},"23":{"name":"(anonymous_23)","decl":{"start":{"line":315,"column":67},"end":{"line":315,"column":68}},"loc":{"start":{"line":315,"column":73},"end":{"line":315,"column":86}},"line":315},"24":{"name":"(anonymous_24)","decl":{"start":{"line":330,"column":28},"end":{"line":330,"column":29}},"loc":{"start":{"line":330,"column":39},"end":{"line":330,"column":73}},"line":330},"25":{"name":"(anonymous_25)","decl":{"start":{"line":339,"column":40},"end":{"line":339,"column":41}},"loc":{"start":{"line":339,"column":59},"end":{"line":365,"column":23}},"line":339},"26":{"name":"(anonymous_26)","decl":{"start":{"line":348,"column":37},"end":{"line":348,"column":38}},"loc":{"start":{"line":348,"column":43},"end":{"line":348,"column":68}},"line":348},"27":{"name":"(anonymous_27)","decl":{"start":{"line":349,"column":42},"end":{"line":349,"column":43}},"loc":{"start":{"line":349,"column":48},"end":{"line":349,"column":71}},"line":349},"28":{"name":"(anonymous_28)","decl":{"start":{"line":376,"column":25},"end":{"line":376,"column":26}},"loc":{"start":{"line":376,"column":31},"end":{"line":376,"column":53}},"line":376},"29":{"name":"(anonymous_29)","decl":{"start":{"line":387,"column":26},"end":{"line":387,"column":27}},"loc":{"start":{"line":388,"column":14},"end":{"line":397,"column":23}},"line":388},"30":{"name":"(anonymous_30)","decl":{"start":{"line":394,"column":25},"end":{"line":394,"column":26}},"loc":{"start":{"line":394,"column":31},"end":{"line":394,"column":63}},"line":394},"31":{"name":"(anonymous_31)","decl":{"start":{"line":408,"column":21},"end":{"line":408,"column":22}},"loc":{"start":{"line":408,"column":27},"end":{"line":408,"column":59}},"line":408},"32":{"name":"(anonymous_32)","decl":{"start":{"line":408,"column":43},"end":{"line":408,"column":44}},"loc":{"start":{"line":408,"column":53},"end":{"line":408,"column":58}},"line":408},"33":{"name":"(anonymous_33)","decl":{"start":{"line":418,"column":21},"end":{"line":418,"column":22}},"loc":{"start":{"line":418,"column":27},"end":{"line":418,"column":44}},"line":418},"34":{"name":"(anonymous_34)","decl":{"start":{"line":429,"column":21},"end":{"line":429,"column":22}},"loc":{"start":{"line":429,"column":27},"end":{"line":429,"column":76}},"line":429},"35":{"name":"(anonymous_35)","decl":{"start":{"line":438,"column":21},"end":{"line":438,"column":22}},"loc":{"start":{"line":438,"column":27},"end":{"line":438,"column":57}},"line":438},"36":{"name":"(anonymous_36)","decl":{"start":{"line":438,"column":41},"end":{"line":438,"column":42}},"loc":{"start":{"line":438,"column":51},"end":{"line":438,"column":56}},"line":438},"37":{"name":"(anonymous_37)","decl":{"start":{"line":455,"column":26},"end":{"line":455,"column":27}},"loc":{"start":{"line":456,"column":14},"end":{"line":464,"column":23}},"line":456},"38":{"name":"(anonymous_38)","decl":{"start":{"line":460,"column":25},"end":{"line":460,"column":26}},"loc":{"start":{"line":460,"column":31},"end":{"line":460,"column":63}},"line":460}},"branchMap":{"0":{"loc":{"start":{"line":157,"column":29},"end":{"line":157,"column":43}},"type":"default-arg","locations":[{"start":{"line":157,"column":37},"end":{"line":157,"column":43}}],"line":157},"1":{"loc":{"start":{"line":172,"column":4},"end":{"line":177,"column":5}},"type":"if","locations":[{"start":{"line":172,"column":4},"end":{"line":177,"column":5}},{"start":{},"end":{}}],"line":172},"2":{"loc":{"start":{"line":184,"column":4},"end":{"line":188,"column":5}},"type":"if","locations":[{"start":{"line":184,"column":4},"end":{"line":188,"column":5}},{"start":{},"end":{}}],"line":184},"3":{"loc":{"start":{"line":193,"column":8},"end":{"line":195,"column":51}},"type":"binary-expr","locations":[{"start":{"line":193,"column":8},"end":{"line":193,"column":48}},{"start":{"line":194,"column":8},"end":{"line":194,"column":54}},{"start":{"line":195,"column":8},"end":{"line":195,"column":51}}],"line":193},"4":{"loc":{"start":{"line":203,"column":4},"end":{"line":205,"column":5}},"type":"if","locations":[{"start":{"line":203,"column":4},"end":{"line":205,"column":5}},{"start":{},"end":{}}],"line":203},"5":{"loc":{"start":{"line":208,"column":6},"end":{"line":210,"column":7}},"type":"if","locations":[{"start":{"line":208,"column":6},"end":{"line":210,"column":7}},{"start":{},"end":{}}],"line":208},"6":{"loc":{"start":{"line":223,"column":4},"end":{"line":229,"column":5}},"type":"if","locations":[{"start":{"line":223,"column":4},"end":{"line":229,"column":5}},{"start":{},"end":{}}],"line":223},"7":{"loc":{"start":{"line":235,"column":4},"end":{"line":242,"column":5}},"type":"if","locations":[{"start":{"line":235,"column":4},"end":{"line":242,"column":5}},{"start":{"line":238,"column":11},"end":{"line":242,"column":5}}],"line":235},"8":{"loc":{"start":{"line":247,"column":6},"end":{"line":251,"column":7}},"type":"if","locations":[{"start":{"line":247,"column":6},"end":{"line":251,"column":7}},{"start":{},"end":{}}],"line":247},"9":{"loc":{"start":{"line":253,"column":6},"end":{"line":255,"column":7}},"type":"if","locations":[{"start":{"line":253,"column":6},"end":{"line":255,"column":7}},{"start":{},"end":{}}],"line":253},"10":{"loc":{"start":{"line":257,"column":6},"end":{"line":260,"column":7}},"type":"if","locations":[{"start":{"line":257,"column":6},"end":{"line":260,"column":7}},{"start":{},"end":{}}],"line":257},"11":{"loc":{"start":{"line":262,"column":6},"end":{"line":265,"column":7}},"type":"if","locations":[{"start":{"line":262,"column":6},"end":{"line":265,"column":7}},{"start":{},"end":{}}],"line":262},"12":{"loc":{"start":{"line":267,"column":6},"end":{"line":270,"column":7}},"type":"if","locations":[{"start":{"line":267,"column":6},"end":{"line":270,"column":7}},{"start":{},"end":{}}],"line":267},"13":{"loc":{"start":{"line":267,"column":10},"end":{"line":267,"column":63}},"type":"binary-expr","locations":[{"start":{"line":267,"column":10},"end":{"line":267,"column":31}},{"start":{"line":267,"column":35},"end":{"line":267,"column":63}}],"line":267},"14":{"loc":{"start":{"line":278,"column":35},"end":{"line":278,"column":61}},"type":"cond-expr","locations":[{"start":{"line":278,"column":48},"end":{"line":278,"column":56}},{"start":{"line":278,"column":59},"end":{"line":278,"column":61}}],"line":278},"15":{"loc":{"start":{"line":285,"column":4},"end":{"line":287,"column":5}},"type":"if","locations":[{"start":{"line":285,"column":4},"end":{"line":287,"column":5}},{"start":{},"end":{}}],"line":285},"16":{"loc":{"start":{"line":298,"column":8},"end":{"line":301,"column":9}},"type":"if","locations":[{"start":{"line":298,"column":8},"end":{"line":301,"column":9}},{"start":{},"end":{}}],"line":298},"17":{"loc":{"start":{"line":298,"column":12},"end":{"line":298,"column":58}},"type":"binary-expr","locations":[{"start":{"line":298,"column":12},"end":{"line":298,"column":19}},{"start":{"line":298,"column":23},"end":{"line":298,"column":58}}],"line":298},"18":{"loc":{"start":{"line":322,"column":9},"end":{"line":383,"column":16}},"type":"cond-expr","locations":[{"start":{"line":323,"column":10},"end":{"line":382,"column":16}},{"start":{"line":383,"column":12},"end":{"line":383,"column":16}}],"line":322},"19":{"loc":{"start":{"line":336,"column":17},"end":{"line":370,"column":24}},"type":"cond-expr","locations":[{"start":{"line":337,"column":18},"end":{"line":369,"column":24}},{"start":{"line":370,"column":20},"end":{"line":370,"column":24}}],"line":336},"20":{"loc":{"start":{"line":338,"column":21},"end":{"line":368,"column":21}},"type":"cond-expr","locations":[{"start":{"line":339,"column":22},"end":{"line":365,"column":24}},{"start":{"line":367,"column":22},"end":{"line":367,"column":110}}],"line":338},"21":{"loc":{"start":{"line":393,"column":30},"end":{"line":393,"column":76}},"type":"cond-expr","locations":[{"start":{"line":393,"column":58},"end":{"line":393,"column":64}},{"start":{"line":393,"column":67},"end":{"line":393,"column":76}}],"line":393},"22":{"loc":{"start":{"line":409,"column":24},"end":{"line":409,"column":69}},"type":"cond-expr","locations":[{"start":{"line":409,"column":39},"end":{"line":409,"column":53}},{"start":{"line":409,"column":56},"end":{"line":409,"column":69}}],"line":409},"23":{"loc":{"start":{"line":422,"column":13},"end":{"line":422,"column":100}},"type":"cond-expr","locations":[{"start":{"line":422,"column":35},"end":{"line":422,"column":93}},{"start":{"line":422,"column":96},"end":{"line":422,"column":100}}],"line":422},"24":{"loc":{"start":{"line":429,"column":36},"end":{"line":429,"column":75}},"type":"cond-expr","locations":[{"start":{"line":429,"column":54},"end":{"line":429,"column":64}},{"start":{"line":429,"column":67},"end":{"line":429,"column":75}}],"line":429},"25":{"loc":{"start":{"line":430,"column":24},"end":{"line":430,"column":68}},"type":"cond-expr","locations":[{"start":{"line":430,"column":42},"end":{"line":430,"column":56}},{"start":{"line":430,"column":59},"end":{"line":430,"column":68}}],"line":430},"26":{"loc":{"start":{"line":441,"column":24},"end":{"line":441,"column":63}},"type":"cond-expr","locations":[{"start":{"line":441,"column":37},"end":{"line":441,"column":49}},{"start":{"line":441,"column":52},"end":{"line":441,"column":63}}],"line":441},"27":{"loc":{"start":{"line":443,"column":13},"end":{"line":447,"column":13}},"type":"cond-expr","locations":[{"start":{"line":444,"column":14},"end":{"line":444,"column":70}},{"start":{"line":446,"column":14},"end":{"line":446,"column":73}}],"line":443},"28":{"loc":{"start":{"line":452,"column":7},"end":{"line":468,"column":14}},"type":"cond-expr","locations":[{"start":{"line":453,"column":8},"end":{"line":467,"column":14}},{"start":{"line":468,"column":10},"end":{"line":468,"column":14}}],"line":452}},"s":{"0":1,"1":1,"2":71,"3":71,"4":71,"5":71,"6":71,"7":71,"8":71,"9":71,"10":71,"11":71,"12":71,"13":71,"14":71,"15":22,"16":17,"17":17,"18":17,"19":17,"20":5,"21":2,"22":5,"23":5,"24":71,"25":29,"26":15,"27":15,"28":15,"29":14,"30":14,"31":196,"32":14,"33":14,"34":71,"35":22,"36":17,"37":5,"38":3,"39":3,"40":0,"41":5,"42":5,"43":5,"44":71,"45":0,"46":0,"47":0,"48":0,"49":0,"50":0,"51":0,"52":0,"53":0,"54":71,"55":0,"56":0,"57":0,"58":0,"59":0,"60":0,"61":71,"62":53,"63":16,"64":2,"65":2,"66":2,"67":14,"68":0,"69":14,"70":0,"71":0,"72":0,"73":14,"74":0,"75":0,"76":0,"77":14,"78":0,"79":0,"80":53,"81":53,"82":53,"83":71,"84":19,"85":19,"86":19,"87":71,"88":15,"89":0,"90":15,"91":90,"92":15,"93":15,"94":15,"95":15,"96":90,"97":90,"98":90,"99":0,"100":0,"101":15,"102":15,"103":15,"104":15,"105":15,"106":71,"107":1,"108":14,"109":22,"110":22,"111":0,"112":0,"113":1,"114":426,"115":0,"116":5,"117":5,"118":1,"119":2,"120":3,"121":3,"122":18,"123":0},"f":{"0":71,"1":22,"2":2,"3":5,"4":29,"5":196,"6":22,"7":3,"8":5,"9":0,"10":0,"11":0,"12":53,"13":16,"14":0,"15":0,"16":53,"17":19,"18":19,"19":15,"20":90,"21":15,"22":15,"23":1,"24":14,"25":22,"26":0,"27":0,"28":1,"29":426,"30":0,"31":5,"32":5,"33":1,"34":2,"35":3,"36":3,"37":18,"38":0},"b":{"0":[71],"1":[17,5],"2":[15,14],"3":[196,190,184],"4":[17,5],"5":[3,0],"6":[0,0],"7":[0,0],"8":[2,14],"9":[0,14],"10":[0,14],"11":[0,14],"12":[0,14],"13":[14,0],"14":[3,16],"15":[0,15],"16":[0,90],"17":[90,0],"18":[33,38],"19":[28,5],"20":[9,19],"21":[71,355],"22":[33,38],"23":[2,69],"24":[1,1],"25":[2,69],"26":[3,68],"27":[3,68],"28":[3,68]},"_coverageSchema":"1a1c01bbd47fc00a2c39e90264f33305004495a9","hash":"11c2ab7dd926cee9c57aab6caa204955a1783032"}
,"/Users/davond/projects/Team4/apps/web_react/src/app/components/PricingSection.tsx": {"path":"/Users/davond/projects/Team4/apps/web_react/src/app/components/PricingSection.tsx","statementMap":{"0":{"start":{"line":7,"column":14},"end":{"line":67,"column":10}},"1":{"start":{"line":70,"column":19},"end":{"line":70,"column":32}},"2":{"start":{"line":71,"column":24},"end":{"line":71,"column":33}},"3":{"start":{"line":72,"column":30},"end":{"line":72,"column":39}},"4":{"start":{"line":74,"column":26},"end":{"line":99,"column":3}},"5":{"start":{"line":75,"column":4},"end":{"line":78,"column":5}},"6":{"start":{"line":76,"column":6},"end":{"line":76,"column":26}},"7":{"start":{"line":77,"column":6},"end":{"line":77,"column":13}},"8":{"start":{"line":80,"column":4},"end":{"line":96,"column":5}},"9":{"start":{"line":81,"column":6},"end":{"line":84,"column":7}},"10":{"start":{"line":82,"column":8},"end":{"line":82,"column":28}},"11":{"start":{"line":83,"column":8},"end":{"line":83,"column":15}},"12":{"start":{"line":86,"column":6},"end":{"line":93,"column":9}},"13":{"start":{"line":94,"column":6},"end":{"line":94,"column":24}},"14":{"start":{"line":95,"column":6},"end":{"line":95,"column":13}},"15":{"start":{"line":98,"column":4},"end":{"line":98,"column":35}},"16":{"start":{"line":101,"column":2},"end":{"line":187,"column":4}},"17":{"start":{"line":118,"column":25},"end":{"line":118,"column":34}},"18":{"start":{"line":120,"column":12},"end":{"line":172,"column":14}},"19":{"start":{"line":152,"column":20},"end":{"line":152,"column":104}},"20":{"start":{"line":162,"column":22},"end":{"line":167,"column":27}}},"fnMap":{"0":{"name":"PricingSection","decl":{"start":{"line":69,"column":16},"end":{"line":69,"column":30}},"loc":{"start":{"line":69,"column":33},"end":{"line":188,"column":1}},"line":69},"1":{"name":"(anonymous_1)","decl":{"start":{"line":74,"column":26},"end":{"line":74,"column":27}},"loc":{"start":{"line":74,"column":129},"end":{"line":99,"column":3}},"line":74},"2":{"name":"(anonymous_2)","decl":{"start":{"line":117,"column":21},"end":{"line":117,"column":22}},"loc":{"start":{"line":117,"column":31},"end":{"line":173,"column":11}},"line":117},"3":{"name":"(anonymous_3)","decl":{"start":{"line":151,"column":27},"end":{"line":151,"column":28}},"loc":{"start":{"line":152,"column":20},"end":{"line":152,"column":104}},"line":152},"4":{"name":"(anonymous_4)","decl":{"start":{"line":161,"column":39},"end":{"line":161,"column":40}},"loc":{"start":{"line":162,"column":22},"end":{"line":167,"column":27}},"line":162}},"branchMap":{"0":{"loc":{"start":{"line":75,"column":4},"end":{"line":78,"column":5}},"type":"if","locations":[{"start":{"line":75,"column":4},"end":{"line":78,"column":5}},{"start":{},"end":{}}],"line":75},"1":{"loc":{"start":{"line":80,"column":4},"end":{"line":96,"column":5}},"type":"if","locations":[{"start":{"line":80,"column":4},"end":{"line":96,"column":5}},{"start":{},"end":{}}],"line":80},"2":{"loc":{"start":{"line":81,"column":6},"end":{"line":84,"column":7}},"type":"if","locations":[{"start":{"line":81,"column":6},"end":{"line":84,"column":7}},{"start":{},"end":{}}],"line":81},"3":{"loc":{"start":{"line":127,"column":17},"end":{"line":127,"column":92}},"type":"cond-expr","locations":[{"start":{"line":127,"column":30},"end":{"line":127,"column":85}},{"start":{"line":127,"column":88},"end":{"line":127,"column":92}}],"line":127},"4":{"loc":{"start":{"line":138,"column":21},"end":{"line":138,"column":103}},"type":"cond-expr","locations":[{"start":{"line":138,"column":47},"end":{"line":138,"column":51}},{"start":{"line":138,"column":54},"end":{"line":138,"column":103}}],"line":138},"5":{"loc":{"start":{"line":148,"column":39},"end":{"line":148,"column":97}},"type":"cond-expr","locations":[{"start":{"line":148,"column":58},"end":{"line":148,"column":75}},{"start":{"line":148,"column":78},"end":{"line":148,"column":97}}],"line":148}},"s":{"0":2,"1":14,"2":14,"3":14,"4":14,"5":4,"6":1,"7":1,"8":3,"9":2,"10":1,"11":1,"12":1,"13":1,"14":1,"15":1,"16":14,"17":42,"18":42,"19":4,"20":308},"f":{"0":14,"1":4,"2":42,"3":4,"4":308},"b":{"0":[1,3],"1":[2,1],"2":[1,1],"3":[14,28],"4":[14,28],"5":[14,28]},"_coverageSchema":"1a1c01bbd47fc00a2c39e90264f33305004495a9","hash":"f6ff6c6d686136617973697c72d3660ead46c520"}
,"/Users/davond/projects/Team4/apps/web_react/src/app/components/ResourcesSection.tsx": {"path":"/Users/davond/projects/Team4/apps/web_react/src/app/components/ResourcesSection.tsx","statementMap":{"0":{"start":{"line":4,"column":18},"end":{"line":47,"column":1}},"1":{"start":{"line":50,"column":2},"end":{"line":98,"column":4}},"2":{"start":{"line":67,"column":25},"end":{"line":67,"column":38}},"3":{"start":{"line":69,"column":12},"end":{"line":93,"column":14}}},"fnMap":{"0":{"name":"ResourcesSection","decl":{"start":{"line":49,"column":16},"end":{"line":49,"column":32}},"loc":{"start":{"line":49,"column":35},"end":{"line":99,"column":1}},"line":49},"1":{"name":"(anonymous_1)","decl":{"start":{"line":66,"column":25},"end":{"line":66,"column":26}},"loc":{"start":{"line":66,"column":39},"end":{"line":94,"column":11}},"line":66}},"branchMap":{},"s":{"0":2,"1":11,"2":66,"3":66},"f":{"0":11,"1":66},"b":{},"_coverageSchema":"1a1c01bbd47fc00a2c39e90264f33305004495a9","hash":"c6f693bb19b245732ed9b2733749ac21bf9e4007"}
,"/Users/davond/projects/Team4/apps/web_react/src/app/components/ResponsiveDashboardLayout.tsx": {"path":"/Users/davond/projects/Team4/apps/web_react/src/app/components/ResponsiveDashboardLayout.tsx","statementMap":{"0":{"start":{"line":40,"column":2},"end":{"line":59,"column":4}},"1":{"start":{"line":46,"column":23},"end":{"line":46,"column":42}},"2":{"start":{"line":54,"column":23},"end":{"line":54,"column":44}},"3":{"start":{"line":72,"column":19},"end":{"line":72,"column":32}},"4":{"start":{"line":73,"column":46},"end":{"line":73,"column":61}},"5":{"start":{"line":75,"column":2},"end":{"line":77,"column":23}},"6":{"start":{"line":76,"column":4},"end":{"line":76,"column":29}},"7":{"start":{"line":79,"column":22},"end":{"line":79,"column":64}},"8":{"start":{"line":81,"column":27},"end":{"line":84,"column":3}},"9":{"start":{"line":82,"column":4},"end":{"line":82,"column":25}},"10":{"start":{"line":83,"column":4},"end":{"line":83,"column":34}},"11":{"start":{"line":86,"column":2},"end":{"line":209,"column":4}},"12":{"start":{"line":91,"column":23},"end":{"line":91,"column":47}},"13":{"start":{"line":101,"column":29},"end":{"line":101,"column":63}},"14":{"start":{"line":101,"column":57},"end":{"line":101,"column":62}},"15":{"start":{"line":115,"column":29},"end":{"line":115,"column":42}},"16":{"start":{"line":145,"column":29},"end":{"line":145,"column":49}},"17":{"start":{"line":169,"column":12},"end":{"line":179,"column":21}},"18":{"start":{"line":175,"column":29},"end":{"line":175,"column":50}},"19":{"start":{"line":187,"column":27},"end":{"line":187,"column":48}}},"fnMap":{"0":{"name":"RoleToggle","decl":{"start":{"line":27,"column":9},"end":{"line":27,"column":19}},"loc":{"start":{"line":39,"column":3},"end":{"line":60,"column":1}},"line":39},"1":{"name":"(anonymous_1)","decl":{"start":{"line":46,"column":17},"end":{"line":46,"column":18}},"loc":{"start":{"line":46,"column":23},"end":{"line":46,"column":42}},"line":46},"2":{"name":"(anonymous_2)","decl":{"start":{"line":54,"column":17},"end":{"line":54,"column":18}},"loc":{"start":{"line":54,"column":23},"end":{"line":54,"column":44}},"line":54},"3":{"name":"ResponsiveDashboardLayout","decl":{"start":{"line":62,"column":16},"end":{"line":62,"column":41}},"loc":{"start":{"line":71,"column":35},"end":{"line":210,"column":1}},"line":71},"4":{"name":"(anonymous_4)","decl":{"start":{"line":75,"column":12},"end":{"line":75,"column":13}},"loc":{"start":{"line":75,"column":18},"end":{"line":77,"column":3}},"line":75},"5":{"name":"(anonymous_5)","decl":{"start":{"line":81,"column":27},"end":{"line":81,"column":28}},"loc":{"start":{"line":81,"column":47},"end":{"line":84,"column":3}},"line":81},"6":{"name":"(anonymous_6)","decl":{"start":{"line":91,"column":17},"end":{"line":91,"column":18}},"loc":{"start":{"line":91,"column":23},"end":{"line":91,"column":47}},"line":91},"7":{"name":"(anonymous_7)","decl":{"start":{"line":101,"column":23},"end":{"line":101,"column":24}},"loc":{"start":{"line":101,"column":29},"end":{"line":101,"column":63}},"line":101},"8":{"name":"(anonymous_8)","decl":{"start":{"line":101,"column":47},"end":{"line":101,"column":48}},"loc":{"start":{"line":101,"column":57},"end":{"line":101,"column":62}},"line":101},"9":{"name":"(anonymous_9)","decl":{"start":{"line":115,"column":23},"end":{"line":115,"column":24}},"loc":{"start":{"line":115,"column":29},"end":{"line":115,"column":42}},"line":115},"10":{"name":"(anonymous_10)","decl":{"start":{"line":145,"column":23},"end":{"line":145,"column":24}},"loc":{"start":{"line":145,"column":29},"end":{"line":145,"column":49}},"line":145},"11":{"name":"(anonymous_11)","decl":{"start":{"line":168,"column":24},"end":{"line":168,"column":25}},"loc":{"start":{"line":169,"column":12},"end":{"line":179,"column":21}},"line":169},"12":{"name":"(anonymous_12)","decl":{"start":{"line":175,"column":23},"end":{"line":175,"column":24}},"loc":{"start":{"line":175,"column":29},"end":{"line":175,"column":50}},"line":175},"13":{"name":"(anonymous_13)","decl":{"start":{"line":187,"column":21},"end":{"line":187,"column":22}},"loc":{"start":{"line":187,"column":27},"end":{"line":187,"column":48}},"line":187}},"branchMap":{"0":{"loc":{"start":{"line":32,"column":2},"end":{"line":32,"column":16}},"type":"default-arg","locations":[{"start":{"line":32,"column":14},"end":{"line":32,"column":16}}],"line":32},"1":{"loc":{"start":{"line":79,"column":22},"end":{"line":79,"column":64}},"type":"binary-expr","locations":[{"start":{"line":79,"column":22},"end":{"line":79,"column":57}},{"start":{"line":79,"column":61},"end":{"line":79,"column":64}}],"line":79},"2":{"loc":{"start":{"line":87,"column":38},"end":{"line":87,"column":75}},"type":"cond-expr","locations":[{"start":{"line":87,"column":55},"end":{"line":87,"column":70}},{"start":{"line":87,"column":73},"end":{"line":87,"column":75}}],"line":87},"3":{"loc":{"start":{"line":102,"column":26},"end":{"line":102,"column":91}},"type":"cond-expr","locations":[{"start":{"line":102,"column":43},"end":{"line":102,"column":66}},{"start":{"line":102,"column":69},"end":{"line":102,"column":91}}],"line":102},"4":{"loc":{"start":{"line":105,"column":15},"end":{"line":109,"column":15}},"type":"cond-expr","locations":[{"start":{"line":106,"column":16},"end":{"line":106,"column":72}},{"start":{"line":108,"column":16},"end":{"line":108,"column":75}}],"line":105},"5":{"loc":{"start":{"line":150,"column":17},"end":{"line":150,"column":42}},"type":"binary-expr","locations":[{"start":{"line":150,"column":17},"end":{"line":150,"column":27}},{"start":{"line":150,"column":31},"end":{"line":150,"column":42}}],"line":150},"6":{"loc":{"start":{"line":174,"column":28},"end":{"line":174,"column":70}},"type":"cond-expr","locations":[{"start":{"line":174,"column":52},"end":{"line":174,"column":58}},{"start":{"line":174,"column":61},"end":{"line":174,"column":70}}],"line":174}},"s":{"0":64,"1":1,"2":1,"3":39,"4":39,"5":39,"6":29,"7":39,"8":39,"9":2,"10":2,"11":39,"12":0,"13":2,"14":2,"15":1,"16":1,"17":128,"18":7,"19":1},"f":{"0":64,"1":1,"2":1,"3":39,"4":29,"5":2,"6":0,"7":2,"8":2,"9":1,"10":1,"11":128,"12":7,"13":1},"b":{"0":[32],"1":[39,0],"2":[2,37],"3":[2,37],"4":[2,37],"5":[39,0],"6":[39,89]},"_coverageSchema":"1a1c01bbd47fc00a2c39e90264f33305004495a9","hash":"3e0d05167b24faf5a0ec7e44867018ce228e58b5"}
,"/Users/davond/projects/Team4/apps/web_react/src/app/components/ResponsiveSettingsLayout.tsx": {"path":"/Users/davond/projects/Team4/apps/web_react/src/app/components/ResponsiveSettingsLayout.tsx","statementMap":{"0":{"start":{"line":33,"column":19},"end":{"line":33,"column":32}},"1":{"start":{"line":34,"column":46},"end":{"line":34,"column":61}},"2":{"start":{"line":36,"column":2},"end":{"line":38,"column":22}},"3":{"start":{"line":37,"column":4},"end":{"line":37,"column":29}},"4":{"start":{"line":40,"column":22},"end":{"line":40,"column":99}},"5":{"start":{"line":40,"column":49},"end":{"line":40,"column":77}},"6":{"start":{"line":41,"column":22},"end":{"line":41,"column":64}},"7":{"start":{"line":43,"column":2},"end":{"line":154,"column":4}},"8":{"start":{"line":48,"column":23},"end":{"line":48,"column":47}},"9":{"start":{"line":58,"column":29},"end":{"line":58,"column":63}},"10":{"start":{"line":58,"column":57},"end":{"line":58,"column":62}},"11":{"start":{"line":69,"column":109},"end":{"line":69,"column":131}},"12":{"start":{"line":74,"column":77},"end":{"line":74,"column":90}},"13":{"start":{"line":96,"column":104},"end":{"line":96,"column":126}},"14":{"start":{"line":105,"column":12},"end":{"line":115,"column":21}},"15":{"start":{"line":111,"column":29},"end":{"line":111,"column":49}}},"fnMap":{"0":{"name":"ResponsiveSettingsLayout","decl":{"start":{"line":24,"column":16},"end":{"line":24,"column":40}},"loc":{"start":{"line":32,"column":34},"end":{"line":155,"column":1}},"line":32},"1":{"name":"(anonymous_1)","decl":{"start":{"line":36,"column":12},"end":{"line":36,"column":13}},"loc":{"start":{"line":36,"column":18},"end":{"line":38,"column":3}},"line":36},"2":{"name":"(anonymous_2)","decl":{"start":{"line":40,"column":36},"end":{"line":40,"column":37}},"loc":{"start":{"line":40,"column":49},"end":{"line":40,"column":77}},"line":40},"3":{"name":"(anonymous_3)","decl":{"start":{"line":48,"column":17},"end":{"line":48,"column":18}},"loc":{"start":{"line":48,"column":23},"end":{"line":48,"column":47}},"line":48},"4":{"name":"(anonymous_4)","decl":{"start":{"line":58,"column":23},"end":{"line":58,"column":24}},"loc":{"start":{"line":58,"column":29},"end":{"line":58,"column":63}},"line":58},"5":{"name":"(anonymous_5)","decl":{"start":{"line":58,"column":47},"end":{"line":58,"column":48}},"loc":{"start":{"line":58,"column":57},"end":{"line":58,"column":62}},"line":58},"6":{"name":"(anonymous_6)","decl":{"start":{"line":69,"column":103},"end":{"line":69,"column":104}},"loc":{"start":{"line":69,"column":109},"end":{"line":69,"column":131}},"line":69},"7":{"name":"(anonymous_7)","decl":{"start":{"line":74,"column":71},"end":{"line":74,"column":72}},"loc":{"start":{"line":74,"column":77},"end":{"line":74,"column":90}},"line":74},"8":{"name":"(anonymous_8)","decl":{"start":{"line":96,"column":98},"end":{"line":96,"column":99}},"loc":{"start":{"line":96,"column":104},"end":{"line":96,"column":126}},"line":96},"9":{"name":"(anonymous_9)","decl":{"start":{"line":104,"column":24},"end":{"line":104,"column":25}},"loc":{"start":{"line":105,"column":12},"end":{"line":115,"column":21}},"line":105},"10":{"name":"(anonymous_10)","decl":{"start":{"line":111,"column":23},"end":{"line":111,"column":24}},"loc":{"start":{"line":111,"column":29},"end":{"line":111,"column":49}},"line":111}},"branchMap":{"0":{"loc":{"start":{"line":40,"column":22},"end":{"line":40,"column":99}},"type":"binary-expr","locations":[{"start":{"line":40,"column":22},"end":{"line":40,"column":85}},{"start":{"line":40,"column":89},"end":{"line":40,"column":99}}],"line":40},"1":{"loc":{"start":{"line":41,"column":22},"end":{"line":41,"column":64}},"type":"binary-expr","locations":[{"start":{"line":41,"column":22},"end":{"line":41,"column":57}},{"start":{"line":41,"column":61},"end":{"line":41,"column":64}}],"line":41},"2":{"loc":{"start":{"line":44,"column":37},"end":{"line":44,"column":74}},"type":"cond-expr","locations":[{"start":{"line":44,"column":54},"end":{"line":44,"column":69}},{"start":{"line":44,"column":72},"end":{"line":44,"column":74}}],"line":44},"3":{"loc":{"start":{"line":59,"column":26},"end":{"line":59,"column":87}},"type":"cond-expr","locations":[{"start":{"line":59,"column":43},"end":{"line":59,"column":64}},{"start":{"line":59,"column":67},"end":{"line":59,"column":87}}],"line":59},"4":{"loc":{"start":{"line":62,"column":15},"end":{"line":66,"column":15}},"type":"cond-expr","locations":[{"start":{"line":63,"column":16},"end":{"line":63,"column":72}},{"start":{"line":65,"column":16},"end":{"line":65,"column":75}}],"line":62},"5":{"loc":{"start":{"line":88,"column":17},"end":{"line":88,"column":42}},"type":"binary-expr","locations":[{"start":{"line":88,"column":17},"end":{"line":88,"column":27}},{"start":{"line":88,"column":31},"end":{"line":88,"column":42}}],"line":88},"6":{"loc":{"start":{"line":110,"column":28},"end":{"line":110,"column":69}},"type":"cond-expr","locations":[{"start":{"line":110,"column":51},"end":{"line":110,"column":57}},{"start":{"line":110,"column":60},"end":{"line":110,"column":69}}],"line":110},"7":{"loc":{"start":{"line":142,"column":17},"end":{"line":147,"column":24}},"type":"cond-expr","locations":[{"start":{"line":143,"column":18},"end":{"line":146,"column":24}},{"start":{"line":147,"column":20},"end":{"line":147,"column":24}}],"line":142}},"s":{"0":49,"1":49,"2":49,"3":27,"4":49,"5":70,"6":49,"7":49,"8":0,"9":1,"10":1,"11":0,"12":0,"13":0,"14":196,"15":5},"f":{"0":49,"1":27,"2":70,"3":0,"4":1,"5":1,"6":0,"7":0,"8":0,"9":196,"10":5},"b":{"0":[49,0],"1":[49,0],"2":[2,47],"3":[2,47],"4":[2,47],"5":[49,0],"6":[49,147],"7":[7,42]},"_coverageSchema":"1a1c01bbd47fc00a2c39e90264f33305004495a9","hash":"778eec3e64d6abbe3764d7d1758565320ea1b4ed"}
,"/Users/davond/projects/Team4/apps/web_react/src/app/components/SearchModal.tsx": {"path":"/Users/davond/projects/Team4/apps/web_react/src/app/components/SearchModal.tsx","statementMap":{"0":{"start":{"line":19,"column":42},"end":{"line":132,"column":1}},"1":{"start":{"line":135,"column":19},"end":{"line":135,"column":32}},"2":{"start":{"line":136,"column":19},"end":{"line":136,"column":49}},"3":{"start":{"line":137,"column":40},"end":{"line":137,"column":52}},"4":{"start":{"line":138,"column":32},"end":{"line":138,"column":60}},"5":{"start":{"line":139,"column":44},"end":{"line":139,"column":55}},"6":{"start":{"line":141,"column":2},"end":{"line":152,"column":15}},"7":{"start":{"line":142,"column":4},"end":{"line":144,"column":5}},"8":{"start":{"line":143,"column":6},"end":{"line":143,"column":23}},"9":{"start":{"line":146,"column":4},"end":{"line":146,"column":23}},"10":{"start":{"line":147,"column":4},"end":{"line":147,"column":19}},"11":{"start":{"line":148,"column":4},"end":{"line":148,"column":24}},"12":{"start":{"line":150,"column":18},"end":{"line":150,"column":72}},"13":{"start":{"line":150,"column":42},"end":{"line":150,"column":67}},"14":{"start":{"line":151,"column":4},"end":{"line":151,"column":44}},"15":{"start":{"line":151,"column":17},"end":{"line":151,"column":43}},"16":{"start":{"line":154,"column":2},"end":{"line":171,"column":20}},"17":{"start":{"line":155,"column":4},"end":{"line":159,"column":5}},"18":{"start":{"line":156,"column":6},"end":{"line":156,"column":21}},"19":{"start":{"line":157,"column":6},"end":{"line":157,"column":26}},"20":{"start":{"line":158,"column":6},"end":{"line":158,"column":13}},"21":{"start":{"line":161,"column":18},"end":{"line":161,"column":43}},"22":{"start":{"line":162,"column":21},"end":{"line":167,"column":5}},"23":{"start":{"line":164,"column":8},"end":{"line":166,"column":51}},"24":{"start":{"line":169,"column":4},"end":{"line":169,"column":25}},"25":{"start":{"line":170,"column":4},"end":{"line":170,"column":24}},"26":{"start":{"line":173,"column":28},"end":{"line":188,"column":25}},"27":{"start":{"line":174,"column":4},"end":{"line":185,"column":5}},"28":{"start":{"line":175,"column":6},"end":{"line":182,"column":7}},"29":{"start":{"line":176,"column":8},"end":{"line":176,"column":22}},"30":{"start":{"line":177,"column":8},"end":{"line":179,"column":16}},"31":{"start":{"line":178,"column":10},"end":{"line":178,"column":58}},"32":{"start":{"line":181,"column":8},"end":{"line":181,"column":56}},"33":{"start":{"line":184,"column":6},"end":{"line":184,"column":28}},"34":{"start":{"line":187,"column":4},"end":{"line":187,"column":14}},"35":{"start":{"line":190,"column":2},"end":{"line":218,"column":67}},"36":{"start":{"line":191,"column":4},"end":{"line":193,"column":5}},"37":{"start":{"line":192,"column":6},"end":{"line":192,"column":23}},"38":{"start":{"line":195,"column":26},"end":{"line":214,"column":5}},"39":{"start":{"line":196,"column":6},"end":{"line":198,"column":7}},"40":{"start":{"line":197,"column":8},"end":{"line":197,"column":18}},"41":{"start":{"line":200,"column":6},"end":{"line":203,"column":7}},"42":{"start":{"line":201,"column":8},"end":{"line":201,"column":31}},"43":{"start":{"line":202,"column":8},"end":{"line":202,"column":75}},"44":{"start":{"line":202,"column":35},"end":{"line":202,"column":73}},"45":{"start":{"line":205,"column":6},"end":{"line":208,"column":7}},"46":{"start":{"line":206,"column":8},"end":{"line":206,"column":31}},"47":{"start":{"line":207,"column":8},"end":{"line":207,"column":58}},"48":{"start":{"line":207,"column":35},"end":{"line":207,"column":56}},"49":{"start":{"line":210,"column":6},"end":{"line":213,"column":7}},"50":{"start":{"line":211,"column":8},"end":{"line":211,"column":31}},"51":{"start":{"line":212,"column":8},"end":{"line":212,"column":50}},"52":{"start":{"line":216,"column":4},"end":{"line":216,"column":56}},"53":{"start":{"line":217,"column":4},"end":{"line":217,"column":72}},"54":{"start":{"line":217,"column":17},"end":{"line":217,"column":71}},"55":{"start":{"line":220,"column":2},"end":{"line":222,"column":3}},"56":{"start":{"line":221,"column":4},"end":{"line":221,"column":16}},"57":{"start":{"line":224,"column":23},"end":{"line":224,"column":52}},"58":{"start":{"line":226,"column":2},"end":{"line":327,"column":4}},"59":{"start":{"line":228,"column":64},"end":{"line":228,"column":87}},"60":{"start":{"line":235,"column":33},"end":{"line":235,"column":67}},"61":{"start":{"line":251,"column":31},"end":{"line":251,"column":40}},"62":{"start":{"line":253,"column":18},"end":{"line":268,"column":20}},"63":{"start":{"line":258,"column":37},"end":{"line":258,"column":60}},"64":{"start":{"line":275,"column":29},"end":{"line":275,"column":38}},"65":{"start":{"line":277,"column":16},"end":{"line":297,"column":18}},"66":{"start":{"line":283,"column":35},"end":{"line":283,"column":58}},"67":{"start":{"line":284,"column":40},"end":{"line":284,"column":63}}},"fnMap":{"0":{"name":"SearchModal","decl":{"start":{"line":134,"column":16},"end":{"line":134,"column":27}},"loc":{"start":{"line":134,"column":67},"end":{"line":328,"column":1}},"line":134},"1":{"name":"(anonymous_1)","decl":{"start":{"line":141,"column":12},"end":{"line":141,"column":13}},"loc":{"start":{"line":141,"column":18},"end":{"line":152,"column":3}},"line":141},"2":{"name":"(anonymous_2)","decl":{"start":{"line":150,"column":36},"end":{"line":150,"column":37}},"loc":{"start":{"line":150,"column":42},"end":{"line":150,"column":67}},"line":150},"3":{"name":"(anonymous_3)","decl":{"start":{"line":151,"column":11},"end":{"line":151,"column":12}},"loc":{"start":{"line":151,"column":17},"end":{"line":151,"column":43}},"line":151},"4":{"name":"(anonymous_4)","decl":{"start":{"line":154,"column":12},"end":{"line":154,"column":13}},"loc":{"start":{"line":154,"column":18},"end":{"line":171,"column":3}},"line":154},"5":{"name":"(anonymous_5)","decl":{"start":{"line":163,"column":6},"end":{"line":163,"column":7}},"loc":{"start":{"line":164,"column":8},"end":{"line":166,"column":51}},"line":164},"6":{"name":"(anonymous_6)","decl":{"start":{"line":173,"column":40},"end":{"line":173,"column":41}},"loc":{"start":{"line":173,"column":66},"end":{"line":188,"column":3}},"line":173},"7":{"name":"(anonymous_7)","decl":{"start":{"line":177,"column":26},"end":{"line":177,"column":27}},"loc":{"start":{"line":177,"column":32},"end":{"line":179,"column":9}},"line":177},"8":{"name":"(anonymous_8)","decl":{"start":{"line":190,"column":12},"end":{"line":190,"column":13}},"loc":{"start":{"line":190,"column":18},"end":{"line":218,"column":3}},"line":190},"9":{"name":"(anonymous_9)","decl":{"start":{"line":195,"column":26},"end":{"line":195,"column":27}},"loc":{"start":{"line":195,"column":52},"end":{"line":214,"column":5}},"line":195},"10":{"name":"(anonymous_10)","decl":{"start":{"line":202,"column":25},"end":{"line":202,"column":26}},"loc":{"start":{"line":202,"column":35},"end":{"line":202,"column":73}},"line":202},"11":{"name":"(anonymous_11)","decl":{"start":{"line":207,"column":25},"end":{"line":207,"column":26}},"loc":{"start":{"line":207,"column":35},"end":{"line":207,"column":56}},"line":207},"12":{"name":"(anonymous_12)","decl":{"start":{"line":217,"column":11},"end":{"line":217,"column":12}},"loc":{"start":{"line":217,"column":17},"end":{"line":217,"column":71}},"line":217},"13":{"name":"(anonymous_13)","decl":{"start":{"line":228,"column":53},"end":{"line":228,"column":54}},"loc":{"start":{"line":228,"column":64},"end":{"line":228,"column":87}},"line":228},"14":{"name":"(anonymous_14)","decl":{"start":{"line":235,"column":22},"end":{"line":235,"column":23}},"loc":{"start":{"line":235,"column":33},"end":{"line":235,"column":67}},"line":235},"15":{"name":"(anonymous_15)","decl":{"start":{"line":250,"column":34},"end":{"line":250,"column":35}},"loc":{"start":{"line":250,"column":44},"end":{"line":269,"column":17}},"line":250},"16":{"name":"(anonymous_16)","decl":{"start":{"line":258,"column":31},"end":{"line":258,"column":32}},"loc":{"start":{"line":258,"column":37},"end":{"line":258,"column":60}},"line":258},"17":{"name":"(anonymous_17)","decl":{"start":{"line":274,"column":27},"end":{"line":274,"column":28}},"loc":{"start":{"line":274,"column":44},"end":{"line":298,"column":15}},"line":274},"18":{"name":"(anonymous_18)","decl":{"start":{"line":283,"column":29},"end":{"line":283,"column":30}},"loc":{"start":{"line":283,"column":35},"end":{"line":283,"column":58}},"line":283},"19":{"name":"(anonymous_19)","decl":{"start":{"line":284,"column":34},"end":{"line":284,"column":35}},"loc":{"start":{"line":284,"column":40},"end":{"line":284,"column":63}},"line":284}},"branchMap":{"0":{"loc":{"start":{"line":142,"column":4},"end":{"line":144,"column":5}},"type":"if","locations":[{"start":{"line":142,"column":4},"end":{"line":144,"column":5}},{"start":{},"end":{}}],"line":142},"1":{"loc":{"start":{"line":155,"column":4},"end":{"line":159,"column":5}},"type":"if","locations":[{"start":{"line":155,"column":4},"end":{"line":159,"column":5}},{"start":{},"end":{}}],"line":155},"2":{"loc":{"start":{"line":164,"column":8},"end":{"line":166,"column":51}},"type":"binary-expr","locations":[{"start":{"line":164,"column":8},"end":{"line":164,"column":48}},{"start":{"line":165,"column":8},"end":{"line":165,"column":54}},{"start":{"line":166,"column":8},"end":{"line":166,"column":51}}],"line":164},"3":{"loc":{"start":{"line":174,"column":4},"end":{"line":185,"column":5}},"type":"if","locations":[{"start":{"line":174,"column":4},"end":{"line":185,"column":5}},{"start":{"line":183,"column":11},"end":{"line":185,"column":5}}],"line":174},"4":{"loc":{"start":{"line":175,"column":6},"end":{"line":182,"column":7}},"type":"if","locations":[{"start":{"line":175,"column":6},"end":{"line":182,"column":7}},{"start":{"line":180,"column":13},"end":{"line":182,"column":7}}],"line":175},"5":{"loc":{"start":{"line":191,"column":4},"end":{"line":193,"column":5}},"type":"if","locations":[{"start":{"line":191,"column":4},"end":{"line":193,"column":5}},{"start":{},"end":{}}],"line":191},"6":{"loc":{"start":{"line":196,"column":6},"end":{"line":198,"column":7}},"type":"if","locations":[{"start":{"line":196,"column":6},"end":{"line":198,"column":7}},{"start":{},"end":{}}],"line":196},"7":{"loc":{"start":{"line":200,"column":6},"end":{"line":203,"column":7}},"type":"if","locations":[{"start":{"line":200,"column":6},"end":{"line":203,"column":7}},{"start":{},"end":{}}],"line":200},"8":{"loc":{"start":{"line":205,"column":6},"end":{"line":208,"column":7}},"type":"if","locations":[{"start":{"line":205,"column":6},"end":{"line":208,"column":7}},{"start":{},"end":{}}],"line":205},"9":{"loc":{"start":{"line":210,"column":6},"end":{"line":213,"column":7}},"type":"if","locations":[{"start":{"line":210,"column":6},"end":{"line":213,"column":7}},{"start":{},"end":{}}],"line":210},"10":{"loc":{"start":{"line":210,"column":10},"end":{"line":210,"column":57}},"type":"binary-expr","locations":[{"start":{"line":210,"column":10},"end":{"line":210,"column":31}},{"start":{"line":210,"column":35},"end":{"line":210,"column":57}}],"line":210},"11":{"loc":{"start":{"line":220,"column":2},"end":{"line":222,"column":3}},"type":"if","locations":[{"start":{"line":220,"column":2},"end":{"line":222,"column":3}},{"start":{},"end":{}}],"line":220},"12":{"loc":{"start":{"line":246,"column":11},"end":{"line":308,"column":11}},"type":"cond-expr","locations":[{"start":{"line":247,"column":12},"end":{"line":271,"column":18}},{"start":{"line":272,"column":14},"end":{"line":308,"column":11}}],"line":246},"13":{"loc":{"start":{"line":272,"column":14},"end":{"line":308,"column":11}},"type":"cond-expr","locations":[{"start":{"line":273,"column":12},"end":{"line":299,"column":18}},{"start":{"line":301,"column":12},"end":{"line":307,"column":18}}],"line":272}},"s":{"0":1,"1":73,"2":73,"3":73,"4":73,"5":73,"6":73,"7":12,"8":1,"9":11,"10":11,"11":11,"12":11,"13":5,"14":11,"15":11,"16":73,"17":35,"18":12,"19":12,"20":12,"21":23,"22":23,"23":322,"24":23,"25":23,"26":73,"27":1,"28":1,"29":0,"30":0,"31":0,"32":1,"33":0,"34":1,"35":73,"36":50,"37":2,"38":48,"39":27,"40":1,"41":27,"42":2,"43":2,"44":2,"45":27,"46":1,"47":1,"48":1,"49":27,"50":0,"51":0,"52":48,"53":48,"54":48,"55":73,"56":2,"57":71,"58":71,"59":6,"60":23,"61":110,"62":110,"63":1,"64":192,"65":192,"66":0,"67":0},"f":{"0":73,"1":12,"2":5,"3":11,"4":35,"5":322,"6":1,"7":0,"8":50,"9":27,"10":2,"11":1,"12":48,"13":6,"14":23,"15":110,"16":1,"17":192,"18":0,"19":0},"b":{"0":[1,11],"1":[12,23],"2":[322,275,230],"3":[1,0],"4":[0,1],"5":[2,48],"6":[1,26],"7":[2,25],"8":[1,26],"9":[0,27],"10":[27,0],"11":[2,71],"12":[22,49],"13":[28,21]},"_coverageSchema":"1a1c01bbd47fc00a2c39e90264f33305004495a9","hash":"6d80b469af6b7e7697b4b982330c0e08a9b4254d"}
,"/Users/davond/projects/Team4/apps/web_react/src/app/components/ThemeToggle.tsx": {"path":"/Users/davond/projects/Team4/apps/web_react/src/app/components/ThemeToggle.tsx","statementMap":{"0":{"start":{"line":5,"column":28},"end":{"line":5,"column":62}},"1":{"start":{"line":6,"column":32},"end":{"line":6,"column":47}},"2":{"start":{"line":8,"column":2},"end":{"line":27,"column":9}},"3":{"start":{"line":9,"column":4},"end":{"line":9,"column":21}},"4":{"start":{"line":10,"column":23},"end":{"line":10,"column":79}},"5":{"start":{"line":11,"column":24},"end":{"line":11,"column":81}},"6":{"start":{"line":13,"column":4},"end":{"line":17,"column":5}},"7":{"start":{"line":14,"column":6},"end":{"line":14,"column":27}},"8":{"start":{"line":15,"column":6},"end":{"line":15,"column":79}},"9":{"start":{"line":16,"column":6},"end":{"line":16,"column":13}},"10":{"start":{"line":19,"column":4},"end":{"line":23,"column":5}},"11":{"start":{"line":20,"column":6},"end":{"line":20,"column":23}},"12":{"start":{"line":21,"column":6},"end":{"line":21,"column":53}},"13":{"start":{"line":22,"column":6},"end":{"line":22,"column":13}},"14":{"start":{"line":25,"column":4},"end":{"line":25,"column":22}},"15":{"start":{"line":26,"column":4},"end":{"line":26,"column":54}},"16":{"start":{"line":29,"column":22},"end":{"line":34,"column":3}},"17":{"start":{"line":30,"column":22},"end":{"line":30,"column":57}},"18":{"start":{"line":31,"column":4},"end":{"line":31,"column":24}},"19":{"start":{"line":32,"column":4},"end":{"line":32,"column":76}},"20":{"start":{"line":33,"column":4},"end":{"line":33,"column":45}},"21":{"start":{"line":36,"column":2},"end":{"line":38,"column":3}},"22":{"start":{"line":37,"column":4},"end":{"line":37,"column":76}},"23":{"start":{"line":40,"column":2},"end":{"line":57,"column":4}}},"fnMap":{"0":{"name":"ThemeToggle","decl":{"start":{"line":4,"column":16},"end":{"line":4,"column":27}},"loc":{"start":{"line":4,"column":30},"end":{"line":58,"column":1}},"line":4},"1":{"name":"(anonymous_1)","decl":{"start":{"line":8,"column":12},"end":{"line":8,"column":13}},"loc":{"start":{"line":8,"column":18},"end":{"line":27,"column":3}},"line":8},"2":{"name":"(anonymous_2)","decl":{"start":{"line":29,"column":22},"end":{"line":29,"column":23}},"loc":{"start":{"line":29,"column":28},"end":{"line":34,"column":3}},"line":29}},"branchMap":{"0":{"loc":{"start":{"line":13,"column":4},"end":{"line":17,"column":5}},"type":"if","locations":[{"start":{"line":13,"column":4},"end":{"line":17,"column":5}},{"start":{},"end":{}}],"line":13},"1":{"loc":{"start":{"line":19,"column":4},"end":{"line":23,"column":5}},"type":"if","locations":[{"start":{"line":19,"column":4},"end":{"line":23,"column":5}},{"start":{},"end":{}}],"line":19},"2":{"loc":{"start":{"line":30,"column":22},"end":{"line":30,"column":57}},"type":"cond-expr","locations":[{"start":{"line":30,"column":41},"end":{"line":30,"column":48}},{"start":{"line":30,"column":51},"end":{"line":30,"column":57}}],"line":30},"3":{"loc":{"start":{"line":36,"column":2},"end":{"line":38,"column":3}},"type":"if","locations":[{"start":{"line":36,"column":2},"end":{"line":38,"column":3}},{"start":{},"end":{}}],"line":36},"4":{"loc":{"start":{"line":45,"column":31},"end":{"line":45,"column":66}},"type":"cond-expr","locations":[{"start":{"line":45,"column":50},"end":{"line":45,"column":57}},{"start":{"line":45,"column":60},"end":{"line":45,"column":66}}],"line":45},"5":{"loc":{"start":{"line":46,"column":26},"end":{"line":46,"column":61}},"type":"cond-expr","locations":[{"start":{"line":46,"column":45},"end":{"line":46,"column":52}},{"start":{"line":46,"column":55},"end":{"line":46,"column":61}}],"line":46}},"s":{"0":276,"1":276,"2":276,"3":87,"4":87,"5":87,"6":87,"7":3,"8":3,"9":3,"10":84,"11":1,"12":1,"13":1,"14":83,"15":83,"16":276,"17":4,"18":4,"19":4,"20":4,"21":276,"22":87,"23":189},"f":{"0":276,"1":87,"2":4},"b":{"0":[3,84],"1":[1,83],"2":[1,3],"3":[87,189],"4":[7,182],"5":[7,182]},"_coverageSchema":"1a1c01bbd47fc00a2c39e90264f33305004495a9","hash":"52839b59ec4ffcf091a80e414cc3a8ce51cd1329"}
,"/Users/davond/projects/Team4/apps/web_react/src/app/components/figma/ImageWithFallback.tsx": {"path":"/Users/davond/projects/Team4/apps/web_react/src/app/components/figma/ImageWithFallback.tsx","statementMap":{"0":{"start":{"line":4,"column":2},"end":{"line":4,"column":386}},"1":{"start":{"line":7,"column":34},"end":{"line":7,"column":49}},"2":{"start":{"line":8,"column":58},"end":{"line":8,"column":63}},"3":{"start":{"line":10,"column":2},"end":{"line":18,"column":3}},"4":{"start":{"line":11,"column":4},"end":{"line":17,"column":5}},"5":{"start":{"line":20,"column":2},"end":{"line":20,"column":102}},"6":{"start":{"line":20,"column":81},"end":{"line":20,"column":98}}},"fnMap":{"0":{"name":"ImageWithFallback","decl":{"start":{"line":6,"column":16},"end":{"line":6,"column":33}},"loc":{"start":{"line":6,"column":84},"end":{"line":21,"column":1}},"line":6},"1":{"name":"(anonymous_1)","decl":{"start":{"line":20,"column":75},"end":{"line":20,"column":76}},"loc":{"start":{"line":20,"column":81},"end":{"line":20,"column":98}},"line":20}},"branchMap":{"0":{"loc":{"start":{"line":10,"column":2},"end":{"line":18,"column":3}},"type":"if","locations":[{"start":{"line":10,"column":2},"end":{"line":18,"column":3}},{"start":{},"end":{}}],"line":10},"1":{"loc":{"start":{"line":12,"column":40},"end":{"line":12,"column":55}},"type":"binary-expr","locations":[{"start":{"line":12,"column":40},"end":{"line":12,"column":49}},{"start":{"line":12,"column":53},"end":{"line":12,"column":55}}],"line":12}},"s":{"0":1,"1":11,"2":11,"3":11,"4":4,"5":7,"6":4},"f":{"0":11,"1":4},"b":{"0":[4,7],"1":[4,3]},"_coverageSchema":"1a1c01bbd47fc00a2c39e90264f33305004495a9","hash":"eba9aea49345bde18e316daf95bf33fc733ef358"}
,"/Users/davond/projects/Team4/apps/web_react/src/app/components/ui/use-mobile.ts": {"path":"/Users/davond/projects/Team4/apps/web_react/src/app/components/ui/use-mobile.ts","statementMap":{"0":{"start":{"line":3,"column":26},"end":{"line":3,"column":29}},"1":{"start":{"line":6,"column":34},"end":{"line":8,"column":3}},"2":{"start":{"line":10,"column":2},"end":{"line":18,"column":9}},"3":{"start":{"line":11,"column":16},"end":{"line":11,"column":76}},"4":{"start":{"line":12,"column":21},"end":{"line":14,"column":5}},"5":{"start":{"line":13,"column":6},"end":{"line":13,"column":57}},"6":{"start":{"line":15,"column":4},"end":{"line":15,"column":45}},"7":{"start":{"line":16,"column":4},"end":{"line":16,"column":55}},"8":{"start":{"line":17,"column":4},"end":{"line":17,"column":61}},"9":{"start":{"line":17,"column":17},"end":{"line":17,"column":60}},"10":{"start":{"line":20,"column":2},"end":{"line":20,"column":20}}},"fnMap":{"0":{"name":"useIsMobile","decl":{"start":{"line":5,"column":16},"end":{"line":5,"column":27}},"loc":{"start":{"line":5,"column":30},"end":{"line":21,"column":1}},"line":5},"1":{"name":"(anonymous_1)","decl":{"start":{"line":10,"column":18},"end":{"line":10,"column":19}},"loc":{"start":{"line":10,"column":24},"end":{"line":18,"column":3}},"line":10},"2":{"name":"(anonymous_2)","decl":{"start":{"line":12,"column":21},"end":{"line":12,"column":22}},"loc":{"start":{"line":12,"column":27},"end":{"line":14,"column":5}},"line":12},"3":{"name":"(anonymous_3)","decl":{"start":{"line":17,"column":11},"end":{"line":17,"column":12}},"loc":{"start":{"line":17,"column":17},"end":{"line":17,"column":60}},"line":17}},"branchMap":{},"s":{"0":1,"1":13,"2":13,"3":6,"4":6,"5":1,"6":6,"7":6,"8":6,"9":6,"10":13},"f":{"0":13,"1":6,"2":1,"3":6},"b":{},"_coverageSchema":"1a1c01bbd47fc00a2c39e90264f33305004495a9","hash":"ce8e720040764ef253d52bb0fae0b11e89b19c1b"}
,"/Users/davond/projects/Team4/apps/web_react/src/app/components/ui/utils.ts": {"path":"/Users/davond/projects/Team4/apps/web_react/src/app/components/ui/utils.ts","statementMap":{"0":{"start":{"line":5,"column":2},"end":{"line":5,"column":31}}},"fnMap":{"0":{"name":"cn","decl":{"start":{"line":4,"column":16},"end":{"line":4,"column":18}},"loc":{"start":{"line":4,"column":44},"end":{"line":6,"column":1}},"line":4}},"branchMap":{},"s":{"0":8},"f":{"0":8},"b":{},"_coverageSchema":"1a1c01bbd47fc00a2c39e90264f33305004495a9","hash":"425b47860c6b5bb9ed16b2f9bef85cb24f37bb7a"}
,"/Users/davond/projects/Team4/apps/web_react/src/app/contexts/AuthContext.tsx": {"path":"/Users/davond/projects/Team4/apps/web_react/src/app/contexts/AuthContext.tsx","statementMap":{"0":{"start":{"line":22,"column":20},"end":{"line":22,"column":73}},"1":{"start":{"line":25,"column":2},"end":{"line":27,"column":3}},"2":{"start":{"line":26,"column":4},"end":{"line":26,"column":16}},"3":{"start":{"line":29,"column":21},"end":{"line":29,"column":61}},"4":{"start":{"line":30,"column":2},"end":{"line":32,"column":3}},"5":{"start":{"line":31,"column":4},"end":{"line":31,"column":16}},"6":{"start":{"line":34,"column":2},"end":{"line":39,"column":3}},"7":{"start":{"line":35,"column":4},"end":{"line":35,"column":42}},"8":{"start":{"line":37,"column":4},"end":{"line":37,"column":48}},"9":{"start":{"line":38,"column":4},"end":{"line":38,"column":16}},"10":{"start":{"line":43,"column":26},"end":{"line":43,"column":63}},"11":{"start":{"line":45,"column":16},"end":{"line":64,"column":3}},"12":{"start":{"line":47,"column":4},"end":{"line":47,"column":61}},"13":{"start":{"line":47,"column":35},"end":{"line":47,"column":59}},"14":{"start":{"line":50,"column":22},"end":{"line":50,"column":63}},"15":{"start":{"line":51,"column":54},"end":{"line":51,"column":92}},"16":{"start":{"line":53,"column":22},"end":{"line":53,"column":85}},"17":{"start":{"line":53,"column":40},"end":{"line":53,"column":84}},"18":{"start":{"line":55,"column":4},"end":{"line":57,"column":5}},"19":{"start":{"line":56,"column":6},"end":{"line":56,"column":51}},"20":{"start":{"line":60,"column":52},"end":{"line":60,"column":61}},"21":{"start":{"line":62,"column":4},"end":{"line":62,"column":33}},"22":{"start":{"line":63,"column":4},"end":{"line":63,"column":82}},"23":{"start":{"line":66,"column":17},"end":{"line":95,"column":3}},"24":{"start":{"line":68,"column":4},"end":{"line":68,"column":61}},"25":{"start":{"line":68,"column":35},"end":{"line":68,"column":59}},"26":{"start":{"line":71,"column":22},"end":{"line":71,"column":63}},"27":{"start":{"line":72,"column":54},"end":{"line":72,"column":92}},"28":{"start":{"line":74,"column":4},"end":{"line":76,"column":5}},"29":{"start":{"line":74,"column":26},"end":{"line":74,"column":43}},"30":{"start":{"line":75,"column":6},"end":{"line":75,"column":61}},"31":{"start":{"line":79,"column":49},"end":{"line":85,"column":5}},"32":{"start":{"line":87,"column":4},"end":{"line":87,"column":24}},"33":{"start":{"line":88,"column":4},"end":{"line":88,"column":69}},"34":{"start":{"line":91,"column":52},"end":{"line":91,"column":59}},"35":{"start":{"line":93,"column":4},"end":{"line":93,"column":33}},"36":{"start":{"line":94,"column":4},"end":{"line":94,"column":82}},"37":{"start":{"line":97,"column":17},"end":{"line":100,"column":3}},"38":{"start":{"line":98,"column":4},"end":{"line":98,"column":18}},"39":{"start":{"line":99,"column":4},"end":{"line":99,"column":48}},"40":{"start"
[...]
,"/Users/davond/projects/Team4/apps/web_react/src/app/pages/SettingsPage.tsx": {"path":"/Users/davond/projects/Team4/apps/web_react/src/app/pages/SettingsPage.tsx","statementMap":{"0":{"start":{"line":38,"column":39},"end":{"line":53,"column":1}},"1":{"start":{"line":68,"column":2},"end":{"line":95,"column":4}},"2":{"start":{"line":99,"column":2},"end":{"line":107,"column":4}},"3":{"start":{"line":111,"column":19},"end":{"line":111,"column":28}},"4":{"start":{"line":112,"column":34},"end":{"line":112,"column":74}},"5":{"start":{"line":113,"column":28},"end":{"line":113,"column":43}},"6":{"start":{"line":114,"column":44},"end":{"line":114,"column":88}},"7":{"start":{"line":116,"column":2},"end":{"line":127,"column":9}},"8":{"start":{"line":117,"column":19},"end":{"line":117,"column":63}},"9":{"start":{"line":118,"column":4},"end":{"line":120,"column":5}},"10":{"start":{"line":119,"column":6},"end":{"line":119,"column":13}},"11":{"start":{"line":122,"column":4},"end":{"line":126,"column":5}},"12":{"start":{"line":123,"column":6},"end":{"line":123,"column":38}},"13":{"start":{"line":129,"column":2},"end":{"line":131,"column":26}},"14":{"start":{"line":130,"column":4},"end":{"line":130,"column":37}},"15":{"start":{"line":133,"column":2},"end":{"line":135,"column":31}},"16":{"start":{"line":134,"column":4},"end":{"line":134,"column":47}},"17":{"start":{"line":137,"column":24},"end":{"line":139,"column":3}},"18":{"start":{"line":138,"column":4},"end":{"line":138,"column":63}},"19":{"start":{"line":138,"column":31},"end":{"line":138,"column":60}},"20":{"start":{"line":141,"column":29},"end":{"line":145,"column":3}},"21":{"start":{"line":142,"column":4},"end":{"line":142,"column":75}},"22":{"start":{"line":143,"column":4},"end":{"line":143,"column":19}},"23":{"start":{"line":144,"column":4},"end":{"line":144,"column":51}},"24":{"start":{"line":144,"column":28},"end":{"line":144,"column":43}},"25":{"start":{"line":147,"column":2},"end":{"line":149,"column":3}},"26":{"start":{"line":148,"column":4},"end":{"line":148,"column":16}},"27":{"start":{"line":151,"column":19},"end":{"line":156,"column":3}},"28":{"start":{"line":159,"column":4},"end":{"line":211,"column":10}},"29":{"start":{"line":172,"column":10},"end":{"line":180,"column":19}},"30":{"start":{"line":177,"column":27},"end":{"line":177,"column":58}},"31":{"start":{"line":193,"column":24},"end":{"line":193,"column":77}},"32":{"start":{"line":201,"column":24},"end":{"line":201,"column":77}},"33":{"start":{"line":209,"column":24},"end":{"line":209,"column":79}},"34":{"start":{"line":215,"column":4},"end":{"line":240,"column":10}},"35":{"start":{"line":224,"column":24},"end":{"line":224,"column":81}},"36":{"start":{"line":231,"column":24},"end":{"line":231,"column":71}},"37":{"start":{"line":238,"column":24},"end":{"line":238,"column":83}},"38":{"start":{"line":244,"column":4},"end":{"line":288,"column":10}},"39":{"start":{"line":254,"column":24},"end":{"line":254,"column":89}},"40":{"start":{"line":262,"column":24},"end":{"line":262,"column":85}},"41":{"start":{"line":270,"column":24},"end":{"line":270,"column":87}},"42":{"start":{"line":279,"column":24},"end":{"line":279,"column":93}},"43":{"start":{"line":286,"column":24},"end":{"line":286,"column":91}},"44":{"start":{"line":292,"column":4},"end":{"line":349,"column":10}},"45":{"start":{"line":302,"column":31},"end":{"line":302,"column":76}},"46":{"start":{"line":325,"column":31},"end":{"line":325,"column":76}},"47":{"start":{"line":352,"column":65},"end":{"line":357,"column":3}},"48":{"start":{"line":359,"column":2},"end":{"line":369,"column":4}}},"fnMap":{"0":{"name":"SettingToggle","decl":{"start":{"line":55,"column":9},"end":{"line":55,"column":22}},"loc":{"start":{"line":67,"column":3},"end":{"line":96,"column":1}},"line":67},"1":{"name":"SettingsAlert","decl":{"start":{"line":98,"column":9},"end":{"line":98,"column":22}},"loc":{"start":{"line":98,"column":114},"end":{"line":108,"column":1}},"line":98},"2":{"name":"SettingsPage","decl":{"start":{"line":110,"column":16},"end":{"line":110,"column":28}},"loc":{"start":{"line":110,"column":31},"end":{"line":370,"column":1}},"line":110},"3":{"name":"(anonymous_3)","decl":{"start":{"line":116,"column":12},"end":{"line":116,"column":13}},"loc":{"start":{"line":116,"column":18},"end":{"line":127,"column":3}},"line":116},"4":{"name":"(anonymous_4)","decl":{"start":{"line":129,"column":12},"end":{"line":129,"column":13}},"loc":{"start":{"line":129,"column":18},"end":{"line":131,"column":3}},"line":129},"5":{"name":"(anonymous_5)","decl":{"start":{"line":133,"column":12},"end":{"line":133,"column":13}},"loc":{"start":{"line":133,"column":18},"end":{"line":135,"column":3}},"line":133},"6":{"name":"(anonymous_6)","decl":{"start":{"line":137,"column":24},"end":{"line":137,"column":25}},"loc":{"start":{"line":137,"column":92},"end":{"line":139,"column":3}},"line":137},"7":{"name":"(anonymous_7)","decl":{"start":{"line":138,"column":16},"end":{"line":138,"column":17}},"loc":{"start":{"line":138,"column":31},"end":{"line":138,"column":60}},"line":138},"8":{"name":"(anonymous_8)","decl":{"start":{"line":141,"column":29},"end":{"line":141,"column":30}},"loc":{"start":{"line":141,"column":35},"end":{"line":145,"column":3}},"line":141},"9":{"name":"(anonymous_9)","decl":{"start":{"line":144,"column":22},"end":{"line":144,"column":23}},"loc":{"start":{"line":144,"column":28},"end":{"line":144,"column":43}},"line":144},"10":{"name":"(anonymous_10)","decl":{"start":{"line":171,"column":68},"end":{"line":171,"column":69}},"loc":{"start":{"line":172,"column":10},"end":{"line":180,"column":19}},"line":172},"11":{"name":"(anonymous_11)","decl":{"start":{"line":177,"column":21},"end":{"line":177,"column":22}},"loc":{"start":{"line":177,"column":27},"end":{"line":177,"column":58}},"line":177},"12":{"name":"(anonymous_12)","decl":{"start":{"line":193,"column":18},"end":{"line":193,"column":19}},"loc":{"start":{"line":193,"column":24},"end":{"line":193,"column":77}},"line":193},"13":{"name":"(anonymous_13)","decl":{"start":{"line":201,"column":18},"end":{"line":201,"column":19}},"loc":{"start":{"line":201,"column":24},"end":{"line":201,"column":77}},"line":201},"14":{"name":"(anonymous_14)","decl":{"start":{"line":209,"column":18},"end":{"line":209,"column":19}},"loc":{"start":{"line":209,"column":24},"end":{"line":209,"column":79}},"line":209},"15":{"name":"(anonymous_15)","decl":{"start":{"line":224,"column":18},"end":{"line":224,"column":19}},"loc":{"start":{"line":224,"column":24},"end":{"line":224,"column":81}},"line":224},"16":{"name":"(anonymous_16)","decl":{"start":{"line":231,"column":18},"end":{"line":231,"column":19}},"loc":{"start":{"line":231,"column":24},"end":{"line":231,"column":71}},"line":231},"17":{"name":"(anonymous_17)","decl":{"start":{"line":238,"column":18},"end":{"line":238,"column":19}},"loc":{"start":{"line":238,"column":24},"end":{"line":238,"column":83}},"line":238},"18":{"name":"(anonymous_18)","decl":{"start":{"line":254,"column":18},"end":{"line":254,"column":19}},"loc":{"start":{"line":254,"column":24},"end":{"line":254,"column":89}},"line":254},"19":{"name":"(anonymous_19)","decl":{"start":{"line":262,"column":18},"end":{"line":262,"column":19}},"loc":{"start":{"line":262,"column":24},"end":{"line":262,"column":85}},"line":262},"20":{"name":"(anonymous_20)","decl":{"start":{"line":270,"column":18},"end":{"line":270,"column":19}},"loc":{"start":{"line":270,"column":24},"end":{"line":270,"column":87}},"line":270},"21":{"name":"(anonymous_21)","decl":{"start":{"line":279,"column":18},"end":{"line":279,"column":19}},"loc":{"start":{"line":279,"column":24},"end":{"line":279,"column":93}},"line":279},"22":{"name":"(anonymous_22)","decl":{"start":{"line":286,"column":18},"end":{"line":286,"column":19}},"loc":{"start":{"line":286,"column":24},"end":{"line":286,"column":91}},"line":286},"23":{"name":"(anonymous_23)","decl":{"start":{"line":302,"column":20},"end":{"line":302,"column":21}},"loc":{"start":{"line":302,"column":31},"end":{"line":302,"column":76}},"line":302},"24":{"name":"(anonymous_24)","decl":{"start":{"line":325,"column":20},"end":{"line":325,"column":21}},"loc":{"start":{"line":325,"column":31},"end":{"line":325,"column":76}},"line":325}},"branchMap":{"0":{"loc":{"start":{"line":72,"column":11},"end":{"line":79,"column":11}},"type":"cond-expr","locations":[{"start":{"line":73,"column":12},"end":{"line":76,"column":18}},{"start":{"line":78,"column":12},"end":{"line":78,"column":61}}],"line":72},"1":{"loc":{"start":{"line":89,"column":34},"end":{"line":89,"column":56}},"type":"cond-expr","locations":[{"start":{"line":89,"column":44},"end":{"line":89,"column":48}},{"start":{"line":89,"column":51},"end":{"line":89,"column":56}}],"line":89},"2":{"loc":{"start":{"line":118,"column":4},"end":{"line":120,"column":5}},"type":"if","locations":[{"start":{"line":118,"column":4},"end":{"line":120,"column":5}},{"start":{},"end":{}}],"line":118},"3":{"loc":{"start":{"line":147,"column":2},"end":{"line":149,"column":3}},"type":"if","locations":[{"start":{"line":147,"column":2},"end":{"line":149,"column":3}},{"start":{},"end":{}}],"line":147},"4":{"loc":{"start":{"line":185,"column":23},"end":{"line":185,"column":198}},"type":"cond-expr","locations":[{"start":{"line":185,"column":61},"end":{"line":185,"column":81}},{"start":{"line":185,"column":84},"end":{"line":185,"column":198}}],"line":185},"5":{"loc":{"start":{"line":185,"column":84},"end":{"line":185,"column":198}},"type":"cond-expr","locations":[{"start":{"line":185,"column":116},"end":{"line":185,"column":130}},{"start":{"line":185,"column":133},"end":{"line":185,"column":198}}],"line":185},"6":{"loc":{"start":{"line":185,"column":133},"end":{"line":185,"column":198}},"type":"cond-expr","locations":[{"start":{"line":185,"column":166},"end":{"line":185,"column":181}},{"start":{"line":185,"column":184},"end":{"line":185,"column":198}}],"line":185}},"s":{"0":1,"1":71,"2":1,"3":26,"4":26,"5":26,"6":26,"7":26,"8":13,"9":13,"10":13,"11":0,"12":0,"13":26,"14":15,"15":26,"16":14,"17":26,"18":5,"19":5,"20":26,"21":3,"22":3,"23":3,"24":1,"25":26,"26":0,"27":26,"28":26,"29":104,"30":2,"31":1,"32":0,"33":1,"34":26,"35":0,"36":0,"37":0,"38":26,"39":0,"40":0,"41":0,"42":0,"43":0,"44":26,"45":1,"46":0,"47":26,"48":26},"f":{"0":71,"1":1,"2":26,"3":13,"4":15,"5":14,"6":5,"7":5,"8":3,"9":1,"10":104,"11":2,"12":1,"13":0,"14":1,"15":0,"16":0,"17":0,"18":0,"19":0,"20":0,"21":0,"22":0,"23":1,"24":0},"b":{"0":[66,5],"1":[9,62],"2":[13,0],"3":[0,26],"4":[0,26],"5":[1,25],"6":[24,1]},"_coverageSchema":"1a1c01bbd47fc00a2c39e90264f33305004495a9","hash":"6715a351e6ed5a9ee188e1c3e8378433f9b894e6"}
,"/Users/davond/projects/Team4/apps/web_react/src/app/pages/SignupPage.tsx": {"path":"/Users/davond/projects/Team4/apps/web_react/src/app/pages/SignupPage.tsx","statementMap":{"0":{"start":{"line":7,"column":2},"end":{"line":7,"column":50}},"1":{"start":{"line":11,"column":19},"end":{"line":11,"column":32}},"2":{"start":{"line":12,"column":21},"end":{"line":12,"column":30}},"3":{"start":{"line":13,"column":26},"end":{"line":13,"column":38}},"4":{"start":{"line":14,"column":28},"end":{"line":14,"column":40}},"5":{"start":{"line":15,"column":34},"end":{"line":15,"column":46}},"6":{"start":{"line":16,"column":48},"end":{"line":16,"column":60}},"7":{"start":{"line":17,"column":28},"end":{"line":17,"column":40}},"8":{"start":{"line":18,"column":36},"end":{"line":18,"column":51}},"9":{"start":{"line":20,"column":23},"end":{"line":56,"column":3}},"10":{"start":{"line":21,"column":4},"end":{"line":21,"column":27}},"11":{"start":{"line":22,"column":4},"end":{"line":22,"column":17}},"12":{"start":{"line":23,"column":27},"end":{"line":23,"column":38}},"13":{"start":{"line":24,"column":28},"end":{"line":24,"column":54}},"14":{"start":{"line":26,"column":4},"end":{"line":29,"column":5}},"15":{"start":{"line":27,"column":6},"end":{"line":27,"column":39}},"16":{"start":{"line":28,"column":6},"end":{"line":28,"column":13}},"17":{"start":{"line":31,"column":4},"end":{"line":34,"column":5}},"18":{"start":{"line":32,"column":6},"end":{"line":32,"column":46}},"19":{"start":{"line":33,"column":6},"end":{"line":33,"column":13}},"20":{"start":{"line":36,"column":4},"end":{"line":39,"column":5}},"21":{"start":{"line":37,"column":6},"end":{"line":37,"column":41}},"22":{"start":{"line":38,"column":6},"end":{"line":38,"column":13}},"23":{"start":{"line":41,"column":4},"end":{"line":44,"column":5}},"24":{"start":{"line":42,"column":6},"end":{"line":42,"column":62}},"25":{"start":{"line":43,"column":6},"end":{"line":43,"column":13}},"26":{"start":{"line":46,"column":4},"end":{"line":46,"column":23}},"27":{"start":{"line":48,"column":4},"end":{"line":55,"column":5}},"28":{"start":{"line":49,"column":6},"end":{"line":49,"column":62}},"29":{"start":{"line":50,"column":6},"end":{"line":50,"column":53}},"30":{"start":{"line":52,"column":6},"end":{"line":52,"column":39}},"31":{"start":{"line":54,"column":6},"end":{"line":54,"column":26}},"32":{"start":{"line":58,"column":2},"end":{"line":173,"column":4}},"33":{"start":{"line":97,"column":39},"end":{"line":97,"column":66}},"34":{"start":{"line":116,"column":39},"end":{"line":116,"column":67}},"35":{"start":{"line":135,"column":39},"end":{"line":135,"column":70}},"36":{"start":{"line":154,"column":39},"end":{"line":154,"column":77}}},"fnMap":{"0":{"name":"isValidEmail","decl":{"start":{"line":6,"column":9},"end":{"line":6,"column":21}},"loc":{"start":{"line":6,"column":37},"end":{"line":8,"column":1}},"line":6},"1":{"name":"SignupPage","decl":{"start":{"line":10,"column":16},"end":{"line":10,"column":26}},"loc":{"start":{"line":10,"column":29},"end":{"line":174,"column":1}},"line":10},"2":{"name":"(anonymous_2)","decl":{"start":{"line":20,"column":23},"end":{"line":20,"column":24}},"loc":{"start":{"line":20,"column":68},"end":{"line":56,"column":3}},"line":20},"3":{"name":"(anonymous_3)","decl":{"start":{"line":97,"column":28},"end":{"line":97,"column":29}},"loc":{"start":{"line":97,"column":39},"end":{"line":97,"column":66}},"line":97},"4":{"name":"(anonymous_4)","decl":{"start":{"line":116,"column":28},"end":{"line":116,"column":29}},"loc":{"start":{"line":116,"column":39},"end":{"line":116,"column":67}},"line":116},"5":{"name":"(anonymous_5)","decl":{"start":{"line":135,"column":28},"end":{"line":135,"column":29}},"loc":{"start":{"line":135,"column":39},"end":{"line":135,"column":70}},"line":135},"6":{"name":"(anonymous_6)","decl":{"start":{"line":154,"column":28},"end":{"line":154,"column":29}},"loc":{"start":{"line":154,"column":39},"end":{"line":154,"column":77}},"line":154}},"branchMap":{"0":{"loc":{"start":{"line":26,"column":4},"end":{"line":29,"column":5}},"type":"if","locations":[{"start":{"line":26,"column":4},"end":{"line":29,"column":5}},{"start":{},"end":{}}],"line":26},"1":{"loc":{"start":{"line":31,"column":4},"end":{"line":34,"column":5}},"type":"if","locations":[{"start":{"line":31,"column":4},"end":{"line":34,"column":5}},{"start":{},"end":{}}],"line":31},"2":{"loc":{"start":{"line":36,"column":4},"end":{"line":39,"column":5}},"type":"if","locations":[{"start":{"line":36,"column":4},"end":{"line":39,"column":5}},{"start":{},"end":{}}],"line":36},"3":{"loc":{"start":{"line":41,"column":4},"end":{"line":44,"column":5}},"type":"if","locations":[{"start":{"line":41,"column":4},"end":{"line":44,"column":5}},{"start":{},"end":{}}],"line":41},"4":{"loc":{"start":{"line":78,"column":11},"end":{"line":83,"column":18}},"type":"cond-expr","locations":[{"start":{"line":79,"column":12},"end":{"line":82,"column":18}},{"start":{"line":83,"column":14},"end":{"line":83,"column":18}}],"line":78},"5":{"loc":{"start":{"line":163,"column":15},"end":{"line":163,"column":67}},"type":"cond-expr","locations":[{"start":{"line":163,"column":27},"end":{"line":163,"column":48}},{"start":{"line":163,"column":51},"end":{"line":163,"column":67}}],"line":163}},"s":{"0":6,"1":239,"2":239,"3":239,"4":239,"5":239,"6":239,"7":239,"8":239,"9":239,"10":7,"11":7,"12":7,"13":7,"14":7,"15":1,"16":1,"17":6,"18":1,"19":1,"20":5,"21":1,"22":1,"23":4,"24":1,"25":1,"26":3,"27":3,"28":3,"29":1,"30":1,"31":2,"32":239,"33":49,"34":93,"35":39,"36":39},"f":{"0":6,"1":239,"2":7,"3":49,"4":93,"5":39,"6":39},"b":{"0":[1,6],"1":[1,5],"2":[1,4],"3":[1,3],"4":[5,234],"5":[3,236]},"_coverageSchema":"1a1c01bbd47fc00a2c39e90264f33305004495a9","hash":"9aa537f71e23a41cd7b294d0ed4457f393a243fc"}
,"/Users/davond/projects/Team4/apps/web_react/src/app/utils/accessibility.ts": {"path":"/Users/davond/projects/Team4/apps/web_react/src/app/utils/accessibility.ts","statementMap":{"0":{"start":{"line":9,"column":2},"end":{"line":9,"column":55}},"1":{"start":{"line":13,"column":15},"end":{"line":13,"column":39}},"2":{"start":{"line":15,"column":2},"end":{"line":20,"column":3}},"3":{"start":{"line":16,"column":4},"end":{"line":16,"column":53}},"4":{"start":{"line":17,"column":4},"end":{"line":17,"column":55}},"5":{"start":{"line":18,"column":4},"end":{"line":18,"column":53}},"6":{"start":{"line":19,"column":4},"end":{"line":19,"column":11}},"7":{"start":{"line":22,"column":2},"end":{"line":22,"column":53}},"8":{"start":{"line":23,"column":2},"end":{"line":23,"column":55}},"9":{"start":{"line":24,"column":2},"end":{"line":24,"column":53}},"10":{"start":{"line":28,"column":17},"end":{"line":28,"column":61}},"11":{"start":{"line":30,"column":2},"end":{"line":34,"column":3}},"12":{"start":{"line":31,"column":4},"end":{"line":31,"column":28}},"13":{"start":{"line":32,"column":4},"end":{"line":32,"column":30}},"14":{"start":{"line":33,"column":4},"end":{"line":33,"column":11}},"15":{"start":{"line":36,"column":2},"end":{"line":43,"column":3}},"16":{"start":{"line":37,"column":19},"end":{"line":37,"column":68}},"17":{"start":{"line":38,"column":4},"end":{"line":38,"column":47}},"18":{"start":{"line":39,"column":4},"end":{"line":39,"column":54}},"19":{"start":{"line":41,"column":4},"end":{"line":41,"column":28}},"20":{"start":{"line":42,"column":4},"end":{"line":42,"column":30}}},"fnMap":{"0":{"name":"applyTextSize","decl":{"start":{"line":8,"column":16},"end":{"line":8,"column":29}},"loc":{"start":{"line":8,"column":56},"end":{"line":10,"column":1}},"line":8},"1":{"name":"applyReducedMotion","decl":{"start":{"line":12,"column":16},"end":{"line":12,"column":34}},"loc":{"start":{"line":12,"column":59},"end":{"line":25,"column":1}},"line":12},"2":{"name":"applyStoredAccessibilitySettings","decl":{"start":{"line":27,"column":16},"end":{"line":27,"column":48}},"loc":{"start":{"line":27,"column":51},"end":{"line":44,"column":1}},"line":27}},"branchMap":{"0":{"loc":{"start":{"line":15,"column":2},"end":{"line":20,"column":3}},"type":"if","locations":[{"start":{"line":15,"column":2},"end":{"line":20,"column":3}},{"start":{},"end":{}}],"line":15},"1":{"loc":{"start":{"line":30,"column":2},"end":{"line":34,"column":3}},"type":"if","locations":[{"start":{"line":30,"column":2},"end":{"line":34,"column":3}},{"start":{},"end":{}}],"line":30},"2":{"loc":{"start":{"line":38,"column":18},"end":{"line":38,"column":45}},"type":"binary-expr","locations":[{"start":{"line":38,"column":18},"end":{"line":38,"column":33}},{"start":{"line":38,"column":37},"end":{"line":38,"column":45}}],"line":38},"3":{"loc":{"start":{"line":39,"column":23},"end":{"line":39,"column":52}},"type":"binary-expr","locations":[{"start":{"line":39,"column":23},"end":{"line":39,"column":43}},{"start":{"line":39,"column":47},"end":{"line":39,"column":52}}],"line":39}},"s":{"0":24,"1":21,"2":21,"3":3,"4":3,"5":3,"6":3,"7":18,"8":18,"9":18,"10":5,"11":5,"12":1,"13":1,"14":1,"15":4,"16":4,"17":3,"18":3,"19":1,"20":1},"f":{"0":24,"1":21,"2":5},"b":{"0":[3,18],"1":[1,4],"2":[3,1],"3":[3,0]},"_coverageSchema":"1a1c01bbd47fc00a2c39e90264f33305004495a9","hash":"ec514121d042ceae040e26f4478914a6fa2e2853"}
}
