TN:
SF:src/__tests__/helpers/renderWithProviders.tsx
FN:29,setUpUser
FN:37,setUpCart
FN:45,renderWithProviders
FN:49,Wrapper
FNF:4
FNH:2
FNDA:15,setUpUser
FNDA:12,setUpCart
FNDA:0,renderWithProviders
FNDA:0,Wrapper
DA:8,3
DA:15,3
DA:16,3
DA:18,3
DA:30,15
DA:31,15
DA:38,12
DA:50,0
DA:58,0
LF:9
LH:7
BRDA:29,0,0,0
BRDA:37,1,0,0
BRDA:47,2,0,0
BRDA:47,3,0,0
BRF:4
BRH:0
end_of_record
TN:
SF:src/app/components/DashboardHeader.tsx
FN:7,DashboardHeader
FN:14,(anonymous_1)
FN:32,(anonymous_2)
FNF:3
FNH:3
FNDA:6,DashboardHeader
FNDA:1,(anonymous_1)
FNDA:1,(anonymous_2)
DA:8,6
DA:9,6
DA:11,6
DA:14,1
DA:32,1
LF:5
LH:5
BRDA:35,0,0,6
BRDA:35,0,1,0
BRDA:36,1,0,6
BRDA:36,1,1,0
BRF:4
BRH:2
end_of_record
TN:
SF:src/app/components/DownloadsSection.tsx
FN:46,DownloadsSection
FN:67,(anonymous_1)
FNF:2
FNH:2
FNDA:12,DownloadsSection
FNDA:48,(anonymous_1)
DA:4,2
DA:47,12
DA:68,48
DA:70,48
LF:4
LH:4
BRDA:72,0,0,36
BRDA:72,0,1,12
BRF:2
BRH:2
end_of_record
TN:
SF:src/app/components/FeaturesSection.tsx
FN:43,FeaturesSection
FN:60,(anonymous_1)
FNF:2
FNH:2
FNDA:10,FeaturesSection
FNDA:60,(anonymous_1)
DA:4,2
DA:44,10
DA:61,60
DA:63,60
LF:4
LH:4
BRF:0
BRH:0
end_of_record
TN:
SF:src/app/components/Footer.tsx
FN:15,Footer
FN:34,(anonymous_1)
FN:53,(anonymous_2)
FN:68,(anonymous_3)
FN:112,(anonymous_4)
FNF:5
FNH:5
FNDA:8,Footer
FNDA:32,(anonymous_1)
FNDA:40,(anonymous_2)
FNDA:40,(anonymous_3)
FNDA:32,(anonymous_4)
DA:4,1
DA:11,1
DA:12,1
DA:13,1
DA:16,8
DA:35,32
DA:54,40
DA:69,40
DA:113,32
LF:9
LH:9
BRF:0
BRH:0
end_of_record
TN:
SF:src/app/components/HelpSection.tsx
FN:58,HelpSection
FN:75,(anonymous_1)
FN:97,(anonymous_2)
FN:108,(anonymous_3)
FNF:4
FNH:4
FNDA:16,HelpSection
FNDA:48,(anonymous_1)
FNDA:96,(anonymous_2)
FNDA:3,(anonymous_3)
DA:4,2
DA:25,2
DA:59,16
DA:61,16
DA:76,48
DA:78,48
DA:98,96
DA:108,3
LF:8
LH:8
BRDA:108,0,0,1
BRDA:108,0,1,2
BRDA:117,1,0,15
BRDA:117,1,1,81
BRF:4
BRH:4
end_of_record
TN:
SF:src/app/components/HeroSection.tsx
FN:41,HeroSection
FN:44,(anonymous_1)
FN:45,(anonymous_2)
FN:46,(anonymous_3)
FN:49,(anonymous_4)
FN:101,(anonymous_5)
FN:113,(anonymous_6)
FN:125,(anonymous_7)
FN:147,(anonymous_8)
FNF:9
FNH:9
FNDA:19,HeroSection
FNDA:15,(anonymous_1)
FNDA:2,(anonymous_2)
FNDA:2,(anonymous_3)
FNDA:15,(anonymous_4)
FNDA:57,(anonymous_5)
FNDA:76,(anonymous_6)
FNDA:2,(anonymous_7)
FNDA:76,(anonymous_8)
DA:4,2
DA:39,2
DA:42,19
DA:44,19
DA:45,15
DA:46,2
DA:49,15
DA:52,19
DA:54,19
DA:102,57
DA:114,76
DA:116,76
DA:125,2
DA:148,76
LF:14
LH:14
BRF:0
BRH:0
end_of_record
TN:
SF:src/app/components/Navigation.tsx
FN:157,Navigation
FN:171,(anonymous_1)
FN:179,(anonymous_2)
FN:180,(anonymous_3)
FN:183,(anonymous_4)
FN:192,(anonymous_5)
FN:202,(anonymous_6)
FN:207,(anonymous_7)
FN:215,(anonymous_8)
FN:218,(anonymous_9)
FN:225,(anonymous_10)
FN:234,(anonymous_11)
FN:245,(anonymous_12)
FN:246,(anonymous_13)
FN:259,(anonymous_14)
FN:264,(anonymous_15)
FN:274,(anonymous_16)
FN:277,(anonymous_17)
FN:279,(anonymous_18)
FN:284,(anonymous_19)
FN:289,(anonymous_20)
FN:291,(anonymous_21)
FN:309,(anonymous_22)
FN:315,(anonymous_23)
FN:330,(anonymous_24)
FN:339,(anonymous_25)
FN:348,(anonymous_26)
FN:349,(anonymous_27)
FN:376,(anonymous_28)
FN:387,(anonymous_29)
FN:394,(anonymous_30)
FN:408,(anonymous_31)
FN:408,(anonymous_32)
FN:418,(anonymous_33)
FN:429,(anonymous_34)
FN:438,(anonymous_35)
FN:438,(anonymous_36)
FN:455,(anonymous_37)
FN:460,(anonymous_38)
FNF:39
FNH:30
FNDA:71,Navigation
FNDA:22,(anonymous_1)
FNDA:2,(anonymous_2)
FNDA:5,(anonymous_3)
FNDA:29,(anonymous_4)
FNDA:196,(anonymous_5)
FNDA:22,(anonymous_6)
FNDA:3,(anonymous_7)
FNDA:5,(anonymous_8)
FNDA:0,(anonymous_9)
FNDA:0,(anonymous_10)
FNDA:0,(anonymous_11)
FNDA:53,(anonymous_12)
FNDA:16,(anonymous_13)
FNDA:0,(anonymous_14)
FNDA:0,(anonymous_15)
FNDA:53,(anonymous_16)
FNDA:19,(anonymous_17)
FNDA:19,(anonymous_18)
FNDA:15,(anonymous_19)
FNDA:90,(anonymous_20)
FNDA:15,(anonymous_21)
FNDA:15,(anonymous_22)
FNDA:1,(anonymous_23)
FNDA:14,(anonymous_24)
FNDA:22,(anonymous_25)
FNDA:0,(anonymous_26)
FNDA:0,(anonymous_27)
FNDA:1,(anonymous_28)
FNDA:426,(anonymous_29)
FNDA:0,(anonymous_30)
FNDA:5,(anonymous_31)
FNDA:5,(anonymous_32)
FNDA:1,(anonymous_33)
FNDA:2,(anonymous_34)
FNDA:3,(anonymous_35)
FNDA:3,(anonymous_36)
FNDA:18,(anonymous_37)
FNDA:0,(anonymous_38)
DA:33,1
DA:42,1
DA:158,71
DA:159,71
DA:160,71
DA:161,71
DA:162,71
DA:163,71
DA:164,71
DA:165,71
DA:166,71
DA:167,71
DA:168,71
DA:169,71
DA:171,71
DA:172,22
DA:173,17
DA:174,17
DA:175,17
DA:176,17
DA:179,5
DA:180,5
DA:183,71
DA:184,29
DA:185,15
DA:186,15
DA:187,15
DA:190,14
DA:191,14
DA:193,196
DA:198,14
DA:199,14
DA:202,71
DA:203,22
DA:204,17
DA:207,5
DA:208,3
DA:209,3
DA:211,0
DA:214,5
DA:215,5
DA:218,71
DA:219,0
DA:220,0
DA:221,0
DA:223,0
DA:224,0
DA:225,0
DA:226,0
DA:228,0
DA:231,0
DA:234,71
DA:235,0
DA:236,0
DA:237,0
DA:239,0
DA:240,0
DA:241,0
DA:245,71
DA:246,53
DA:247,16
DA:248,2
DA:249,2
DA:250,2
DA:253,14
DA:254,0
DA:257,14
DA:258,0
DA:259,0
DA:262,14
DA:263,0
DA:264,0
DA:267,14
DA:268,0
DA:269,0
DA:273,53
DA:274,53
DA:277,71
DA:278,19
DA:279,19
DA:280,19
DA:284,71
DA:285,15
DA:286,0
DA:289,90
DA:291,15
DA:292,15
DA:294,15
DA:295,90
DA:296,90
DA:298,90
DA:299,0
DA:300,0
DA:304,15
DA:307,15
DA:308,15
DA:309,15
DA:312,71
DA:315,1
DA:330,14
DA:340,22
DA:342,22
DA:348,0
DA:349,0
DA:376,1
DA:388,426
DA:394,0
DA:408,5
DA:418,1
DA:429,2
DA:438,3
DA:456,18
DA:460,0
LF:113
LH:83
BRDA:157,0,0,71
BRDA:172,1,0,17
BRDA:172,1,1,5
BRDA:184,2,0,15
BRDA:184,2,1,14
BRDA:193,3,0,196
BRDA:193,3,1,190
BRDA:193,3,2,184
BRDA:203,4,0,17
BRDA:203,4,1,5
BRDA:208,5,0,3
BRDA:208,5,1,0
BRDA:223,6,0,0
BRDA:223,6,1,0
BRDA:235,7,0,0
BRDA:235,7,1,0
BRDA:247,8,0,2
BRDA:247,8,1,14
BRDA:253,9,0,0
BRDA:253,9,1,14
BRDA:257,10,0,0
BRDA:257,10,1,14
BRDA:262,11,0,0
BRDA:262,11,1,14
BRDA:267,12,0,0
BRDA:267,12,1,14
BRDA:267,13,0,14
BRDA:267,13,1,0
BRDA:278,14,0,3
BRDA:278,14,1,16
BRDA:285,15,0,0
BRDA:285,15,1,15
BRDA:298,16,0,0
BRDA:298,16,1,90
BRDA:298,17,0,90
BRDA:298,17,1,0
BRDA:322,18,0,33
BRDA:322,18,1,38
BRDA:336,19,0,28
BRDA:336,19,1,5
BRDA:338,20,0,9
BRDA:338,20,1,19
BRDA:393,21,0,71
BRDA:393,21,1,355
BRDA:409,22,0,33
BRDA:409,22,1,38
BRDA:422,23,0,2
BRDA:422,23,1,69
BRDA:429,24,0,1
BRDA:429,24,1,1
BRDA:430,25,0,2
BRDA:430,25,1,69
BRDA:441,26,0,3
BRDA:441,26,1,68
BRDA:443,27,0,3
BRDA:443,27,1,68
BRDA:452,28,0,3
BRDA:452,28,1,68
BRF:58
BRH:45
end_of_record
TN:
SF:src/app/components/PricingSection.tsx
FN:69,PricingSection
FN:74,(anonymous_1)
FN:117,(anonymous_2)
FN:151,(anonymous_3)
FN:161,(anonymous_4)
FNF:5
FNH:5
FNDA:14,PricingSection
FNDA:4,(anonymous_1)
FNDA:42,(anonymous_2)
FNDA:4,(anonymous_3)
FNDA:308,(anonymous_4)
DA:7,2
DA:70,14
DA:71,14
DA:72,14
DA:74,14
DA:75,4
DA:76,1
DA:77,1
DA:80,3
DA:81,2
DA:82,1
DA:83,1
DA:86,1
DA:94,1
DA:95,1
DA:98,1
DA:101,14
DA:118,42
DA:120,42
DA:152,4
DA:162,308
LF:21
LH:21
BRDA:75,0,0,1
BRDA:75,0,1,3
BRDA:80,1,0,2
BRDA:80,1,1,1
BRDA:81,2,0,1
BRDA:81,2,1,1
BRDA:127,3,0,14
BRDA:127,3,1,28
BRDA:138,4,0,14
BRDA:138,4,1,28
BRDA:148,5,0,14
BRDA:148,5,1,28
BRF:12
BRH:12
end_of_record
TN:
SF:src/app/components/ResourcesSection.tsx
FN:49,ResourcesSection
FN:66,(anonymous_1)
FNF:2
FNH:2
FNDA:11,ResourcesSection
FNDA:66,(anonymous_1)
DA:4,2
DA:50,11
DA:67,66
DA:69,66
LF:4
LH:4
BRF:0
BRH:0
end_of_record
TN:
SF:src/app/components/ResponsiveDashboardLayout.tsx
FN:27,RoleToggle
FN:46,(anonymous_1)
FN:54,(anonymous_2)
FN:62,ResponsiveDashboardLayout
FN:75,(anonymous_4)
FN:81,(anonymous_5)
FN:91,(anonymous_6)
FN:101,(anonymous_7)
FN:101,(anonymous_8)
FN:115,(anonymous_9)
FN:145,(anonymous_10)
FN:168,(anonymous_11)
FN:175,(anonymous_12)
FN:187,(anonymous_13)
FNF:14
FNH:13
FNDA:64,RoleToggle
FNDA:1,(anonymous_1)
FNDA:1,(anonymous_2)
FNDA:39,ResponsiveDashboardLayout
FNDA:29,(anonymous_4)
FNDA:2,(anonymous_5)
FNDA:0,(anonymous_6)
FNDA:2,(anonymous_7)
FNDA:2,(anonymous_8)
FNDA:1,(anonymous_9)
FNDA:1,(anonymous_10)
FNDA:128,(anonymous_11)
FNDA:7,(anonymous_12)
FNDA:1,(anonymous_13)
DA:40,64
DA:46,1
DA:54,1
DA:72,39
DA:73,39
DA:75,39
DA:76,29
DA:79,39
DA:81,39
DA:82,2
DA:83,2
DA:86,39
DA:91,0
DA:101,2
DA:115,1
DA:145,1
DA:169,128
DA:175,7
DA:187,1
LF:19
LH:18
BRDA:32,0,0,32
BRDA:79,1,0,39
BRDA:79,1,1,0
BRDA:87,2,0,2
BRDA:87,2,1,37
BRDA:102,3,0,2
BRDA:102,3,1,37
BRDA:105,4,0,2
BRDA:105,4,1,37
BRDA:150,5,0,39
BRDA:150,5,1,0
BRDA:174,6,0,39
BRDA:174,6,1,89
BRF:13
BRH:11
end_of_record
TN:
SF:src/app/components/ResponsiveSettingsLayout.tsx
FN:24,ResponsiveSettingsLayout
FN:36,(anonymous_1)
FN:40,(anonymous_2)
FN:48,(anonymous_3)
FN:58,(anonymous_4)
FN:58,(anonymous_5)
FN:69,(anonymous_6)
FN:74,(anonymous_7)
FN:96,(anonymous_8)
FN:104,(anonymous_9)
FN:111,(anonymous_10)
FNF:11
FNH:7
FNDA:49,ResponsiveSettingsLayout
FNDA:27,(anonymous_1)
FNDA:70,(anonymous_2)
FNDA:0,(anonymous_3)
FNDA:1,(anonymous_4)
FNDA:1,(anonymous_5)
FNDA:0,(anonymous_6)
FNDA:0,(anonymous_7)
FNDA:0,(anonymous_8)
FNDA:196,(anonymous_9)
FNDA:5,(anonymous_10)
DA:33,49
DA:34,49
DA:36,49
DA:37,27
DA:40,70
DA:41,49
DA:43,49
DA:48,0
DA:58,1
DA:69,0
DA:74,0
DA:96,0
DA:105,196
DA:111,5
LF:14
LH:10
BRDA:40,0,0,49
BRDA:40,0,1,0
BRDA:41,1,0,49
BRDA:41,1,1,0
BRDA:44,2,0,2
BRDA:44,2,1,47
BRDA:59,3,0,2
BRDA:59,3,1,47
BRDA:62,4,0,2
BRDA:62,4,1,47
BRDA:88,5,0,49
BRDA:88,5,1,0
BRDA:110,6,0,49
BRDA:110,6,1,147
BRDA:142,7,0,7
BRDA:142,7,1,42
BRF:16
BRH:13
end_of_record
TN:
SF:src/app/components/SearchModal.tsx
FN:134,SearchModal
FN:141,(anonymous_1)
FN:150,(anonymous_2)
FN:151,(anonymous_3)
FN:154,(anonymous_4)
FN:163,(anonymous_5)
FN:173,(anonymous_6)
FN:177,(anonymous_7)
FN:190,(anonymous_8)
FN:195,(anonymous_9)
FN:202,(anonymous_10)
FN:207,(anonymous_11)
FN:217,(anonymous_12)
FN:228,(anonymous_13)
FN:235,(anonymous_14)
FN:250,(anonymous_15)
FN:258,(anonymous_16)
FN:274,(anonymous_17)
FN:283,(anonymous_18)
FN:284,(anonymous_19)
FNF:20
FNH:17
FNDA:73,SearchModal
FNDA:12,(anonymous_1)
FNDA:5,(anonymous_2)
FNDA:11,(anonymous_3)
FNDA:35,(anonymous_4)
FNDA:322,(anonymous_5)
FNDA:1,(anonymous_6)
FNDA:0,(anonymous_7)
FNDA:50,(anonymous_8)
FNDA:27,(anonymous_9)
FNDA:2,(anonymous_10)
FNDA:1,(anonymous_11)
FNDA:48,(anonymous_12)
FNDA:6,(anonymous_13)
FNDA:23,(anonymous_14)
FNDA:110,(anonymous_15)
FNDA:1,(anonymous_16)
FNDA:192,(anonymous_17)
FNDA:0,(anonymous_18)
FNDA:0,(anonymous_19)
DA:19,1
DA:135,73
DA:136,73
DA:137,73
DA:138,73
DA:139,73
DA:141,73
DA:142,12
DA:143,1
DA:146,11
DA:147,11
DA:148,11
DA:150,11
DA:151,11
DA:154,73
DA:155,35
DA:156,12
DA:157,12
DA:158,12
DA:161,23
DA:162,23
DA:164,322
DA:169,23
DA:170,23
DA:173,73
DA:174,1
DA:175,1
DA:176,0
DA:177,0
DA:178,0
DA:181,1
DA:184,0
DA:187,1
DA:190,73
DA:191,50
DA:192,2
DA:195,48
DA:196,27
DA:197,1
DA:200,27
DA:201,2
DA:202,2
DA:205,27
DA:206,1
DA:207,1
DA:210,27
DA:211,0
DA:212,0
DA:216,48
DA:217,48
DA:220,73
DA:221,2
DA:224,71
DA:226,71
DA:228,6
DA:235,23
DA:251,110
DA:253,110
DA:258,1
DA:275,192
DA:277,192
DA:283,0
DA:284,0
LF:63
LH:55
BRDA:142,0,0,1
BRDA:142,0,1,11
BRDA:155,1,0,12
BRDA:155,1,1,23
BRDA:164,2,0,322
BRDA:164,2,1,275
BRDA:164,2,2,230
BRDA:174,3,0,1
BRDA:174,3,1,0
BRDA:175,4,0,0
BRDA:175,4,1,1
BRDA:191,5,0,2
BRDA:191,5,1,48
BRDA:196,6,0,1
BRDA:196,6,1,26
BRDA:200,7,0,2
BRDA:200,7,1,25
BRDA:205,8,0,1
BRDA:205,8,1,26
BRDA:210,9,0,0
BRDA:210,9,1,27
BRDA:210,10,0,27
BRDA:210,10,1,0
BRDA:220,11,0,2
BRDA:220,11,1,71
BRDA:246,12,0,22
BRDA:246,12,1,49
BRDA:272,13,0,28
BRDA:272,13,1,21
BRF:29
BRH:25
end_of_record
TN:
SF:src/app/components/ThemeToggle.tsx
FN:4,ThemeToggle
FN:8,(anonymous_1)
FN:29,(anonymous_2)
FNF:3
FNH:3
FNDA:276,ThemeToggle
FNDA:87,(anonymous_1)
FNDA:4,(anonymous_2)
DA:5,276
DA:6,276
DA:8,276
DA:9,87
DA:10,87
DA:11,87
DA:13,87
DA:14,3
DA:15,3
DA:16,3
DA:19,84
DA:20,1
DA:21,1
DA:22,1
DA:25,83
DA:26,83
DA:29,276
DA:30,4
DA:31,4
DA:32,4
DA:33,4
DA:36,276
DA:37,87
DA:40,189
LF:24
LH:24
BRDA:13,0,0,3
BRDA:13,0,1,84
BRDA:19,1,0,1
BRDA:19,1,1,83
BRDA:30,2,0,1
BRDA:30,2,1,3
BRDA:36,3,0,87
BRDA:36,3,1,189
BRDA:45,4,0,7
BRDA:45,4,1,182
BRDA:46,5,0,7
BRDA:46,5,1,182
BRF:12
BRH:12
end_of_record
TN:
SF:src/app/components/figma/ImageWithFallback.tsx
FN:6,ImageWithFallback
FN:20,(anonymous_1)
FNF:2
FNH:2
FNDA:11,ImageWithFallback
FNDA:4,(anonymous_1)
DA:4,1
DA:7,11
DA:8,11
DA:10,11
DA:11,4
DA:20,7
LF:6
LH:6
BRDA:10,0,0,4
BRDA:10,0,1,7
BRDA:12,1,0,4
BRDA:12,1,1,3
BRF:4
BRH:4
end_of_record
TN:
SF:src/app/components/ui/use-mobile.ts
FN:5,useIsMobile
FN:10,(anonymous_1)
FN:12,(anonymous_2)
FN:17,(anonymous_3)
FNF:4
FNH:4
FNDA:13,useIsMobile
FNDA:6,(anonymous_1)
FNDA:1,(anonymous_2)
FNDA:6,(anonymous_3)
DA:3,1
DA:6,13
DA:10,13
DA:11,6
DA:12,6
DA:13,1
DA:15,6
DA:16,6
DA:17,6
DA:20,13
LF:10
LH:10
BRF:0
BRH:0
end_of_record
TN:
SF:src/app/components/ui/utils.ts
FN:4,cn
FNF:1
FNH:1
FNDA:8,cn
DA:5,8
LF:1
LH:1
BRF:0
BRH:0
end_of_record
TN:
SF:src/app/contexts/AuthContext.tsx
FN:24,readStoredUser
FN:42,AuthProvider
FN:45,(anonymous_2)
FN:47,(anonymous_3)
FN:53,(anonymous_4)
FN:66,(anonymous_5)
FN:68,(anonymous_6)
FN:74,(anonymous_7)
FN:97,(anonymous_8)
FN:102,(anonymous_9)
FN:106,(anonymous_10)
FN:115,(anonymous_11)
FN:123,(anonymous_12)
FN:133,(anonymous_13)
FN:158,useAuth
FNF:15
FNH:15
FNDA:58,readStoredUser
FNDA:77,AuthProvider
FNDA:3,(anonymous_2)
FNDA:3,(anonymous_3)
FNDA:2,(anonymous_4)
FNDA:12,(anonymous_5)
FNDA:12,(anonymous_6)
FNDA:1,(anonymous_7)
FNDA:4,(anonymous_8)
FNDA:2,(anonymous_9)
FNDA:1,(anonymous_10)
FNDA:1,(anonymous_11)
FNDA:3,(anonymous_12)
FNDA:2,(anonymous_13)
FNDA:144,useAuth
DA:22,5
DA:25,58
DA:26,0
DA:29,58
DA:30,58
DA:31,42
DA:34,16
DA:35,16
DA:37,0
DA:38,0
DA:43,77
DA:45,77
DA:47,3
DA:50,3
DA:51,3
DA:53,3
DA:55,3
DA:56,2
DA:60,1
DA:62,1
DA:63,1
DA:66,77
DA:68,12
DA:71,12
DA:72,12
DA:74,12
DA:75,1
DA:79,11
DA:87,11
DA:88,11
DA:91,11
DA:93,11
DA:94,11
DA:97,77
DA:98,4
DA:99,4
DA:102,77
DA:103,2
DA:106,1
DA:108,1
DA:109,1
DA:110,1
DA:113,1
DA:114,1
DA:115,1
DA:117,1
DA:118,1
DA:119,1
DA:123,77
DA:124,3
DA:126,2
DA:127,2
DA:128,2
DA:131,2
DA:132,2
DA:133,2
DA:135,2
DA:136,2
DA:137,2
DA:141,77
DA:159,144
DA:160,144
DA:161,4
DA:163,140
LF:64
LH:61
BRDA:25,0,0,0
BRDA:25,0,1,58
BRDA:30,1,0,42
BRDA:30,1,1,16
BRDA:51,2,0,2
BRDA:51,2,1,1
BRDA:53,3,0,2
BRDA:53,3,1,2
BRDA:55,4,0,2
BRDA:55,4,1,1
BRDA:72,5,0,1
BRDA:72,5,1,11
BRDA:74,6,0,1
BRDA:74,6,1,11
BRDA:103,7,0,1
BRDA:103,7,1,1
BRDA:114,8,0,1
BRDA:114,8,1,0
BRDA:117,9,0,1
BRDA:117,9,1,0
BRDA:124,10,0,1
BRDA:124,10,1,2
BRDA:132,11,0,2
BRDA:132,11,1,0
BRDA:135,12,0,2
BRDA:135,12,1,0
BRDA:160,13,0,4
BRDA:160,13,1,140
BRF:28
BRH:23
end_of_record
TN:
SF:src/app/contexts/CartContext.tsx
FN:26,readStoredCart
FN:44,CartProvider
FN:48,(anonymous_2)
FN:52,(anonymous_3)
FN:53,(anonymous_4)
FN:54,(anonymous_5)
FN:58,(anonymous_6)
FN:75,(anonymous_7)
FN:76,(anonymous_8)
FN:76,(anonymous_9)
FN:79,(anonymous_10)
FN:85,(anonymous_11)
FN:86,(anonymous_12)
FN:92,(anonymous_13)
FN:96,(anonymous_14)
FN:97,(anonymous_15)
FN:100,(anonymous_16)
FN:101,(anonymous_17)
FN:127,useCart
FNF:19
FNH:19
FNDA:59,readStoredCart
FNDA:90,CartProvider
FNDA:90,(anonymous_2)
FNDA:22,(anonymous_3)
FNDA:22,(anonymous_4)
FNDA:7,(anonymous_5)
FNDA:3,(anonymous_6)
FNDA:6,(anonymous_7)
FNDA:6,(anonymous_8)
FNDA:6,(anonymous_9)
FNDA:5,(anonymous_10)
FNDA:2,(anonymous_11)
FNDA:2,(anonymous_12)
FNDA:1,(anonymous_13)
FNDA:174,(anonymous_14)
FNDA:36,(anonymous_15)
FNDA:19,(anonymous_16)
FNDA:18,(anonymous_17)
FNDA:153,useCart
DA:24,5
DA:27,59
DA:28,0
DA:31,59
DA:32,59
DA:33,46
DA:36,13
DA:37,13
DA:39,0
DA:40,0
DA:45,90
DA:48,90
DA:49,90
DA:52,90
DA:53,22
DA:54,22
DA:56,22
DA:58,3
DA:59,3
DA:63,19
DA:75,90
DA:76,6
DA:79,90
DA:80,5
DA:81,3
DA:82,3
DA:85,2
DA:86,2
DA:87,2
DA:92,90
DA:93,1
DA:96,90
DA:97,174
DA:100,90
DA:101,19
DA:103,18
DA:105,17
DA:106,17
DA:110,90
DA:128,153
DA:129,153
DA:130,4
DA:132,149
LF:43
LH:40
BRDA:27,0,0,0
BRDA:27,0,1,59
BRDA:32,1,0,46
BRDA:32,1,1,13
BRDA:56,2,0,3
BRDA:56,2,1,19
BRDA:59,3,0,3
BRDA:59,3,1,0
BRDA:80,4,0,3
BRDA:80,4,1,2
BRDA:87,5,0,2
BRDA:87,5,1,0
BRDA:103,6,0,1
BRDA:103,6,1,17
BRDA:129,7,0,4
BRDA:129,7,1,149
BRF:16
BRH:13
end_of_record
TN:
SF:src/app/layouts/HeroLayout.tsx
FN:3,HeroLayout
FNF:1
FNH:1
FNDA:3,HeroLayout
DA:4,3
LF:1
LH:1
BRF:0
BRH:0
end_of_record
TN:
SF:src/app/layouts/RootLayout.tsx
FN:3,RootLayout
FNF:1
FNH:1
FNDA:3,RootLayout
DA:4,3
LF:1
LH:1
BRF:0
BRH:0
end_of_record
TN:
SF:src/app/pages/CartPage.tsx
FN:7,CartPage
FN:19,(anonymous_1)
FN:21,(anonymous_2)
FN:25,(anonymous_3)
FN:27,(anonymous_4)
FN:66,(anonymous_5)
FN:92,(anonymous_6)
FN:114,(anonymous_7)
FN:123,(anonymous_8)
FN:134,(anonymous_9)
FNF:10
FNH:8
FNDA:20,CartPage
FNDA:2,(anonymous_1)
FNDA:2,(anonymous_2)
FNDA:0,(anonymous_3)
FNDA:0,(anonymous_4)
FNDA:1,(anonymous_5)
FNDA:14,(anonymous_6)
FNDA:1,(anonymous_7)
FNDA:1,(anonymous_8)
FNDA:1,(anonymous_9)
DA:8,20
DA:9,20
DA:10,20
DA:11,20
DA:12,20
DA:14,20
DA:15,1
DA:16,1
DA:19,19
DA:20,2
DA:21,2
DA:22,1
DA:23,1
DA:25,1
DA:26,0
DA:27,0
DA:28,0
DA:29,0
DA:34,19
DA:35,1
DA:51,18
DA:52,4
DA:66,1
DA:76,14
DA:77,14
DA:78,14
DA:80,14
DA:93,14
DA:114,1
DA:123,1
DA:134,1
LF:31
LH:27
BRDA:14,0,0,1
BRDA:14,0,1,19
BRDA:34,1,0,1
BRDA:34,1,1,18
BRDA:51,2,0,4
BRDA:51,2,1,14
BRDA:86,3,0,13
BRDA:86,3,1,1
BRDA:100,4,0,14
BRDA:100,4,1,0
BRDA:170,5,0,2
BRDA:170,5,1,12
BRDA:171,6,0,12
BRDA:171,6,1,2
BRF:14
BRH:13
end_of_record
TN:
SF:src/app/pages/Dashboard.tsx
FN:117,formatDate
FN:121,getAppointmentTone
FN:133,getPatientTone
FN:145,StatusBadge
FN:153,StatCard
FN:177,PageHeader
FN:203,DataField
FN:212,Dashboard
FN:219,(anonymous_8)
FN:225,(anonymous_9)
FN:232,(anonymous_10)
FN:232,(anonymous_11)
FN:250,(anonymous_12)
FN:255,(anonymous_13)
FN:256,(anonymous_14)
FN:258,(anonymous_15)
FN:301,(anonymous_16)
FN:328,(anonymous_17)
FN:341,(anonymous_18)
FN:364,(anonymous_19)
FN:373,(anonymous_20)
FN:403,(anonymous_21)
FN:412,(anonymous_22)
FN:434,(anonymous_23)
FN:443,(anonymous_24)
FN:465,(anonymous_25)
FN:474,(anonymous_26)
FN:503,(anonymous_27)
FN:515,(anonymous_28)
FN:517,(anonymous_29)
FN:538,(anonymous_30)
FN:579,(anonymous_31)
FNF:32
FNH:31
FNDA:19,formatDate
FNDA:13,getAppointmentTone
FNDA:8,getPatientTone
FNDA:17,StatusBadge
FNDA:36,StatCard
FNDA:19,PageHeader
FNDA:35,DataField
FNDA:25,Dashboard
FNDA:12,(anonymous_8)
FNDA:12,(anonymous_9)
FNDA:13,(anonymous_10)
FNDA:14,(anonymous_11)
FNDA:0,(anonymous_12)
FNDA:25,(anonymous_13)
FNDA:100,(anonymous_14)
FNDA:7,(anonymous_15)
FNDA:14,(anonymous_16)
FNDA:5,(anonymous_17)
FNDA:10,(anonymous_18)
FNDA:2,(anonymous_19)
FNDA:6,(anonymous_20)
FNDA:2,(anonymous_21)
FNDA:6,(anonymous_22)
FNDA:2,(anonymous_23)
FNDA:6,(anonymous_24)
FNDA:2,(anonymous_25)
FNDA:8,(anonymous_26)
FNDA:5,(anonymous_27)
FNDA:1,(anonymous_28)
FNDA:20,(anonymous_29)
FNDA:15,(anonymous_30)
FNDA:25,(anonymous_31)
DA:65,1
DA:71,1
DA:98,1
DA:104,1
DA:110,1
DA:118,19
DA:122,13
DA:123,11
DA:126,2
DA:127,2
DA:130,0
DA:134,8
DA:135,4
DA:138,4
DA:139,0
DA:142,4
DA:146,17
DA:164,36
DA:186,19
DA:204,35
DA:213,25
DA:214,25
DA:215,25
DA:216,25
DA:217,25
DA:219,25
DA:220,12
DA:221,0
DA:225,25
DA:226,12
DA:227,12
DA:231,25
DA:232,14
DA:236,25
DA:250,25
DA:251,0
DA:252,0
DA:255,25
DA:256,100
DA:258,25
DA:259,7
DA:302,14
DA:328,25
DA:329,5
DA:342,10
DA:364,25
DA:365,2
DA:374,6
DA:403,25
DA:404,2
DA:413,6
DA:434,25
DA:435,2
DA:444,6
DA:465,25
DA:466,2
DA:475,8
DA:503,25
DA:504,5
DA:515,1
DA:518,20
DA:539,15
DA:579,25
DA:580,25
DA:581,13
DA:583,2
DA:585,2
DA:587,2
DA:590,7
DA:594,12
DA:596,2
DA:598,0
DA:600,5
DA:603,5
DA:607,25
DA:608,0
DA:611,25
LF:77
LH:70
BRDA:122,0,0,11
BRDA:122,0,1,2
BRDA:126,1,0,2
BRDA:126,1,1,0
BRDA:134,2,0,4
BRDA:134,2,1,4
BRDA:138,3,0,0
BRDA:138,3,1,4
BRDA:190,4,0,19
BRDA:190,4,1,0
BRDA:193,5,0,4
BRDA:193,5,1,15
BRDA:203,6,0,26
BRDA:207,7,0,9
BRDA:207,7,1,26
BRDA:215,8,0,25
BRDA:215,8,1,0
BRDA:217,9,0,25
BRDA:217,9,1,0
BRDA:220,10,0,0
BRDA:220,10,1,12
BRDA:226,11,0,12
BRDA:226,11,1,0
BRDA:232,12,0,13
BRDA:232,12,1,0
BRDA:236,13,0,13
BRDA:236,13,1,12
BRDA:260,14,0,7
BRDA:260,14,1,0
BRDA:270,15,0,7
BRDA:270,15,1,0
BRDA:457,16,0,6
BRDA:457,16,1,0
BRDA:553,17,0,5
BRDA:553,17,1,0
BRDA:580,18,0,13
BRDA:580,18,1,12
BRDA:581,19,0,2
BRDA:581,19,1,2
BRDA:581,19,2,2
BRDA:581,19,3,7
BRDA:581,19,4,7
BRDA:594,20,0,2
BRDA:594,20,1,0
BRDA:594,20,2,5
BRDA:594,20,3,5
BRDA:594,20,4,5
BRDA:607,21,0,0
BRDA:607,21,1,25
BRF:49
BRH:35
end_of_record
TN:
SF:src/app/pages/HomePage.tsx
FN:8,HomePage
FNF:1
FNH:1
FNDA:6,HomePage
DA:9,6
LF:1
LH:1
BRF:0
BRH:0
end_of_record
TN:
SF:src/app/pages/LandingPage.tsx
FN:4,LandingPage
FN:33,(anonymous_1)
FNF:2
FNH:2
FNDA:4,LandingPage
FNDA:1,(anonymous_1)
DA:5,4
DA:7,4
DA:33,1
LF:3
LH:3
BRF:0
BRH:0
end_of_record
TN:
SF:src/app/pages/LoginPage.tsx
FN:6,isValidEmail
FN:10,LoginPage
FN:18,(anonymous_2)
FN:84,(anonymous_3)
FN:103,(anonymous_4)
FNF:5
FNH:5
FNDA:5,isValidEmail
FNDA:126,LoginPage
FNDA:6,(anonymous_2)
FNDA:76,(anonymous_3)
FNDA:31,(anonymous_4)
DA:7,5
DA:11,126
DA:12,126
DA:13,126
DA:14,126
DA:15,126
DA:16,126
DA:18,126
DA:19,6
DA:20,6
DA:21,6
DA:23,6
DA:24,1
DA:25,1
DA:28,5
DA:29,1
DA:30,1
DA:33,4
DA:34,1
DA:35,1
DA:38,3
DA:40,3
DA:41,3
DA:42,1
DA:44,1
DA:46,2
DA:50,126
DA:84,76
DA:103,31
LF:29
LH:29
BRDA:23,0,0,1
BRDA:23,0,1,5
BRDA:28,1,0,1
BRDA:28,1,1,4
BRDA:33,2,0,1
BRDA:33,2,1,3
BRDA:68,3,0,4
BRDA:68,3,1,122
BRDA:115,4,0,3
BRDA:115,4,1,123
BRF:10
BRH:10
end_of_record
TN:
SF:src/app/pages/ProfilePage.tsx
FN:18,ProfilePage
FN:25,(anonymous_1)
FN:31,(anonymous_2)
FN:42,(anonymous_3)
FN:49,(anonymous_4)
FN:69,(anonymous_5)
FN:74,(anonymous_6)
FN:122,(anonymous_7)
FN:134,(anonymous_8)
FNF:9
FNH:8
FNDA:41,ProfilePage
FNDA:8,(anonymous_1)
FNDA:2,(anonymous_2)
FNDA:1,(anonymous_3)
FNDA:1,(anonymous_4)
FNDA:1,(anonymous_5)
FNDA:0,(anonymous_6)
FNDA:24,(anonymous_7)
FNDA:4,(anonymous_8)
DA:19,41
DA:20,41
DA:21,41
DA:22,41
DA:23,41
DA:25,41
DA:26,8
DA:27,0
DA:31,41
DA:32,2
DA:34,2
DA:35,2
DA:36,2
DA:38,2
DA:42,41
DA:43,1
DA:44,1
DA:46,1
DA:49,41
DA:50,1
DA:51,1
DA:54,41
DA:55,0
DA:58,41
DA:64,41
DA:69,1
DA:74,0
DA:122,24
DA:134,4
LF:29
LH:26
BRDA:22,0,0,41
BRDA:22,0,1,0
BRDA:26,1,0,0
BRDA:26,1,1,8
BRDA:43,2,0,1
BRDA:43,2,1,0
BRDA:54,3,0,0
BRDA:54,3,1,41
BRDA:116,4,0,30
BRDA:116,4,1,11
BRF:10
BRH:6
end_of_record
TN:
SF:src/app/pages/RoleSelection.tsx
FN:6,RoleSelection
FN:10,(anonymous_1)
FN:16,(anonymous_2)
FN:42,(anonymous_3)
FN:53,(anonymous_4)
FN:70,(anonymous_5)
FN:80,(anonymous_6)
FNF:7
FNH:7
FNDA:8,RoleSelection
FNDA:8,(anonymous_1)
FNDA:2,(anonymous_2)
FNDA:1,(anonymous_3)
FNDA:32,(anonymous_4)
FNDA:1,(anonymous_5)
FNDA:32,(anonymous_6)
DA:7,8
DA:8,8
DA:10,8
DA:11,8
DA:12,0
DA:16,8
DA:17,2
DA:18,2
DA:21,8
DA:22,0
DA:25,8
DA:42,1
DA:54,32
DA:70,1
DA:81,32
LF:15
LH:13
BRDA:11,0,0,0
BRDA:11,0,1,8
BRDA:21,1,0,0
BRDA:21,1,1,8
BRF:4
BRH:2
end_of_record
TN:
SF:src/app/pages/SettingsPage.tsx
FN:55,SettingToggle
FN:98,SettingsAlert
FN:110,SettingsPage
FN:116,(anonymous_3)
FN:129,(anonymous_4)
FN:133,(anonymous_5)
FN:137,(anonymous_6)
FN:138,(anonymous_7)
FN:141,(anonymous_8)
FN:144,(anonymous_9)
FN:171,(anonymous_10)
FN:177,(anonymous_11)
FN:193,(anonymous_12)
FN:201,(anonymous_13)
FN:209,(anonymous_14)
FN:224,(anonymous_15)
FN:231,(anonymous_16)
FN:238,(anonymous_17)
FN:254,(anonymous_18)
FN:262,(anonymous_19)
FN:270,(anonymous_20)
FN:279,(anonymous_21)
FN:286,(anonymous_22)
FN:302,(anonymous_23)
FN:325,(anonymous_24)
FNF:25
FNH:15
FNDA:71,SettingToggle
FNDA:1,SettingsAlert
FNDA:26,SettingsPage
FNDA:13,(anonymous_3)
FNDA:15,(anonymous_4)
FNDA:14,(anonymous_5)
FNDA:5,(anonymous_6)
FNDA:5,(anonymous_7)
FNDA:3,(anonymous_8)
FNDA:1,(anonymous_9)
FNDA:104,(anonymous_10)
FNDA:2,(anonymous_11)
FNDA:1,(anonymous_12)
FNDA:0,(anonymous_13)
FNDA:1,(anonymous_14)
FNDA:0,(anonymous_15)
FNDA:0,(anonymous_16)
FNDA:0,(anonymous_17)
FNDA:0,(anonymous_18)
FNDA:0,(anonymous_19)
FNDA:0,(anonymous_20)
FNDA:0,(anonymous_21)
FNDA:0,(anonymous_22)
FNDA:1,(anonymous_23)
FNDA:0,(anonymous_24)
DA:38,1
DA:68,71
DA:99,1
DA:111,26
DA:112,26
DA:113,26
DA:114,26
DA:116,26
DA:117,13
DA:118,13
DA:119,13
DA:122,0
DA:123,0
DA:129,26
DA:130,15
DA:133,26
DA:134,14
DA:137,26
DA:138,5
DA:141,26
DA:142,3
DA:143,3
DA:144,3
DA:147,26
DA:148,0
DA:151,26
DA:159,26
DA:172,104
DA:177,2
DA:193,1
DA:201,0
DA:209,1
DA:215,26
DA:224,0
DA:231,0
DA:238,0
DA:244,26
DA:254,0
DA:262,0
DA:270,0
DA:279,0
DA:286,0
DA:292,26
DA:302,1
DA:325,0
DA:352,26
DA:359,26
LF:47
LH:34
BRDA:72,0,0,66
BRDA:72,0,1,5
BRDA:89,1,0,9
BRDA:89,1,1,62
BRDA:118,2,0,13
BRDA:118,2,1,0
BRDA:147,3,0,0
BRDA:147,3,1,26
BRDA:185,4,0,0
BRDA:185,4,1,26
BRDA:185,5,0,1
BRDA:185,5,1,25
BRDA:185,6,0,24
BRDA:185,6,1,1
BRF:14
BRH:11
end_of_record
TN:
SF:src/app/pages/SignupPage.tsx
FN:6,isValidEmail
FN:10,SignupPage
FN:20,(anonymous_2)
FN:97,(anonymous_3)
FN:116,(anonymous_4)
FN:135,(anonymous_5)
FN:154,(anonymous_6)
FNF:7
FNH:7
FNDA:6,isValidEmail
FNDA:239,SignupPage
FNDA:7,(anonymous_2)
FNDA:49,(anonymous_3)
FNDA:93,(anonymous_4)
FNDA:39,(anonymous_5)
FNDA:39,(anonymous_6)
DA:7,6
DA:11,239
DA:12,239
DA:13,239
DA:14,239
DA:15,239
DA:16,239
DA:17,239
DA:18,239
DA:20,239
DA:21,7
DA:22,7
DA:23,7
DA:24,7
DA:26,7
DA:27,1
DA:28,1
DA:31,6
DA:32,1
DA:33,1
DA:36,5
DA:37,1
DA:38,1
DA:41,4
DA:42,1
DA:43,1
DA:46,3
DA:48,3
DA:49,3
DA:50,1
DA:52,1
DA:54,2
DA:58,239
DA:97,49
DA:116,93
DA:135,39
DA:154,39
LF:37
LH:37
BRDA:26,0,0,1
BRDA:26,0,1,6
BRDA:31,1,0,1
BRDA:31,1,1,5
BRDA:36,2,0,1
BRDA:36,2,1,4
BRDA:41,3,0,1
BRDA:41,3,1,3
BRDA:78,4,0,5
BRDA:78,4,1,234
BRDA:163,5,0,3
BRDA:163,5,1,236
BRF:12
BRH:12
end_of_record
TN:
SF:src/app/utils/accessibility.ts
FN:8,applyTextSize
FN:12,applyReducedMotion
FN:27,applyStoredAccessibilitySettings
FNF:3
FNH:3
FNDA:24,applyTextSize
FNDA:21,applyReducedMotion
FNDA:5,applyStoredAccessibilitySettings
DA:9,24
DA:13,21
DA:15,21
DA:16,3
DA:17,3
DA:18,3
DA:19,3
DA:22,18
DA:23,18
DA:24,18
DA:28,5
DA:30,5
DA:31,1
DA:32,1
DA:33,1
DA:36,4
DA:37,4
DA:38,3
DA:39,3
DA:41,1
DA:42,1
LF:21
LH:21
BRDA:15,0,0,3
BRDA:15,0,1,18
BRDA:30,1,0,1
BRDA:30,1,1,4
BRDA:38,2,0,3
BRDA:38,2,1,1
BRDA:39,3,0,3
BRDA:39,3,1,0
BRF:8
BRH:7
end_of_record
