TN:
SF:src/app/components/ThemeToggle.tsx
FN:4,ThemeToggle
FN:8,(anonymous_1)
FN:29,(anonymous_2)
FNF:3
FNH:3
FNDA:24,ThemeToggle
FNDA:10,(anonymous_1)
FNDA:4,(anonymous_2)
DA:5,24
DA:6,24
DA:8,24
DA:9,10
DA:10,10
DA:11,10
DA:13,10
DA:14,3
DA:15,3
DA:16,3
DA:19,7
DA:20,1
DA:21,1
DA:22,1
DA:25,6
DA:26,6
DA:29,24
DA:30,4
DA:31,4
DA:32,4
DA:33,4
DA:36,24
DA:37,10
DA:40,14
LF:24
LH:24
BRDA:13,0,0,3
BRDA:13,0,1,7
BRDA:19,1,0,1
BRDA:19,1,1,6
BRDA:30,2,0,1
BRDA:30,2,1,3
BRDA:36,3,0,10
BRDA:36,3,1,14
BRDA:45,4,0,7
BRDA:45,4,1,7
BRDA:46,5,0,7
BRDA:46,5,1,7
BRF:12
BRH:12
end_of_record
TN:
SF:src/app/components/figma/ImageWithFallback.tsx
FN:6,ImageWithFallback
FN:20,(anonymous_1)
FNF:2
FNH:2
FNDA:11,ImageWithFallback
FNDA:4,(anonymous_1)
DA:4,1
DA:7,11
DA:8,11
DA:10,11
DA:11,4
DA:20,7
LF:6
LH:6
BRDA:10,0,0,4
BRDA:10,0,1,7
BRDA:12,1,0,4
BRDA:12,1,1,3
BRF:4
BRH:4
end_of_record
TN:
SF:src/app/components/ui/use-mobile.ts
FN:5,useIsMobile
FN:10,(anonymous_1)
FN:12,(anonymous_2)
FN:17,(anonymous_3)
FNF:4
FNH:4
FNDA:13,useIsMobile
FNDA:6,(anonymous_1)
FNDA:1,(anonymous_2)
FNDA:6,(anonymous_3)
DA:3,1
DA:6,13
DA:10,13
DA:11,6
DA:12,6
DA:13,1
DA:15,6
DA:16,6
DA:17,6
DA:20,13
LF:10
LH:10
BRF:0
BRH:0
end_of_record
TN:
SF:src/app/components/ui/utils.ts
FN:4,cn
FNF:1
FNH:1
FNDA:8,cn
DA:5,8
LF:1
LH:1
BRF:0
BRH:0
end_of_record
TN:
SF:src/app/contexts/AuthContext.tsx
FN:24,readStoredUser
FN:42,AuthProvider
FN:45,(anonymous_2)
FN:47,(anonymous_3)
FN:53,(anonymous_4)
FN:66,(anonymous_5)
FN:68,(anonymous_6)
FN:74,(anonymous_7)
FN:97,(anonymous_8)
FN:102,(anonymous_9)
FN:106,(anonymous_10)
FN:115,(anonymous_11)
FN:123,(anonymous_12)
FN:133,(anonymous_13)
FN:158,useAuth
FNF:15
FNH:15
FNDA:16,readStoredUser
FNDA:35,AuthProvider
FNDA:3,(anonymous_2)
FNDA:3,(anonymous_3)
FNDA:2,(anonymous_4)
FNDA:12,(anonymous_5)
FNDA:12,(anonymous_6)
FNDA:1,(anonymous_7)
FNDA:4,(anonymous_8)
FNDA:2,(anonymous_9)
FNDA:1,(anonymous_10)
FNDA:1,(anonymous_11)
FNDA:3,(anonymous_12)
FNDA:2,(anonymous_13)
FNDA:39,useAuth
DA:22,1
DA:25,16
DA:26,0
DA:29,16
DA:30,16
DA:31,15
DA:34,1
DA:35,1
DA:37,0
DA:38,0
DA:43,35
DA:45,35
DA:47,3
DA:50,3
DA:51,3
DA:53,3
DA:55,3
DA:56,2
DA:60,1
DA:62,1
DA:63,1
DA:66,35
DA:68,12
DA:71,12
DA:72,12
DA:74,12
DA:75,1
DA:79,11
DA:87,11
DA:88,11
DA:91,11
DA:93,11
DA:94,11
DA:97,35
DA:98,4
DA:99,4
DA:102,35
DA:103,2
DA:106,1
DA:108,1
DA:109,1
DA:110,1
DA:113,1
DA:114,1
DA:115,1
DA:117,1
DA:118,1
DA:119,1
DA:123,35
DA:124,3
DA:126,2
DA:127,2
DA:128,2
DA:131,2
DA:132,2
DA:133,2
DA:135,2
DA:136,2
DA:137,2
DA:141,35
DA:159,39
DA:160,39
DA:161,4
DA:163,35
LF:64
LH:61
BRDA:25,0,0,0
BRDA:25,0,1,16
BRDA:30,1,0,15
BRDA:30,1,1,1
BRDA:51,2,0,2
BRDA:51,2,1,1
BRDA:53,3,0,2
BRDA:53,3,1,2
BRDA:55,4,0,2
BRDA:55,4,1,1
BRDA:72,5,0,1
BRDA:72,5,1,11
BRDA:74,6,0,1
BRDA:74,6,1,11
BRDA:103,7,0,1
BRDA:103,7,1,1
BRDA:114,8,0,1
BRDA:114,8,1,0
BRDA:117,9,0,1
BRDA:117,9,1,0
BRDA:124,10,0,1
BRDA:124,10,1,2
BRDA:132,11,0,2
BRDA:132,11,1,0
BRDA:135,12,0,2
BRDA:135,12,1,0
BRDA:160,13,0,4
BRDA:160,13,1,35
BRF:28
BRH:23
end_of_record
TN:
SF:src/app/contexts/CartContext.tsx
FN:26,readStoredCart
FN:44,CartProvider
FN:48,(anonymous_2)
FN:52,(anonymous_3)
FN:53,(anonymous_4)
FN:54,(anonymous_5)
FN:58,(anonymous_6)
FN:75,(anonymous_7)
FN:76,(anonymous_8)
FN:76,(anonymous_9)
FN:79,(anonymous_10)
FN:85,(anonymous_11)
FN:86,(anonymous_12)
FN:92,(anonymous_13)
FN:96,(anonymous_14)
FN:97,(anonymous_15)
FN:100,(anonymous_16)
FN:101,(anonymous_17)
FN:127,useCart
FNF:19
FNH:19
FNDA:17,readStoredCart
FNDA:44,CartProvider
FNDA:44,(anonymous_2)
FNDA:21,(anonymous_3)
FNDA:21,(anonymous_4)
FNDA:7,(anonymous_5)
FNDA:3,(anonymous_6)
FNDA:4,(anonymous_7)
FNDA:4,(anonymous_8)
FNDA:4,(anonymous_9)
FNDA:3,(anonymous_10)
FNDA:1,(anonymous_11)
FNDA:1,(anonymous_12)
FNDA:1,(anonymous_13)
FNDA:2,(anonymous_14)
FNDA:2,(anonymous_15)
FNDA:5,(anonymous_16)
FNDA:4,(anonymous_17)
FNDA:48,useCart
DA:24,1
DA:27,17
DA:28,0
DA:31,17
DA:32,17
DA:33,16
DA:36,1
DA:37,1
DA:39,0
DA:40,0
DA:45,44
DA:48,44
DA:49,44
DA:52,44
DA:53,21
DA:54,21
DA:56,21
DA:58,3
DA:59,3
DA:63,18
DA:75,44
DA:76,4
DA:79,44
DA:80,3
DA:81,2
DA:82,2
DA:85,1
DA:86,1
DA:87,1
DA:92,44
DA:93,1
DA:96,44
DA:97,2
DA:100,44
DA:101,5
DA:103,4
DA:105,3
DA:106,3
DA:110,44
DA:128,48
DA:129,48
DA:130,4
DA:132,44
LF:43
LH:40
BRDA:27,0,0,0
BRDA:27,0,1,17
BRDA:32,1,0,16
BRDA:32,1,1,1
BRDA:56,2,0,3
BRDA:56,2,1,18
BRDA:59,3,0,3
BRDA:59,3,1,0
BRDA:80,4,0,2
BRDA:80,4,1,1
BRDA:87,5,0,1
BRDA:87,5,1,0
BRDA:103,6,0,1
BRDA:103,6,1,3
BRDA:129,7,0,4
BRDA:129,7,1,44
BRF:16
BRH:13
end_of_record
TN:
SF:src/app/utils/accessibility.ts
FN:8,applyTextSize
FN:12,applyReducedMotion
FN:27,applyStoredAccessibilitySettings
FNF:3
FNH:3
FNDA:9,applyTextSize
FNDA:7,applyReducedMotion
FNDA:5,applyStoredAccessibilitySettings
DA:9,9
DA:13,7
DA:15,7
DA:16,2
DA:17,2
DA:18,2
DA:19,2
DA:22,5
DA:23,5
DA:24,5
DA:28,5
DA:30,5
DA:31,1
DA:32,1
DA:33,1
DA:36,4
DA:37,4
DA:38,3
DA:39,3
DA:41,1
DA:42,1
LF:21
LH:21
BRDA:15,0,0,2
BRDA:15,0,1,5
BRDA:30,1,0,1
BRDA:30,1,1,4
BRDA:38,2,0,3
BRDA:38,2,1,1
BRDA:39,3,0,3
BRDA:39,3,1,0
BRF:8
BRH:7
end_of_record
